<?xml version="1.0" encoding="UTF-8"?>
<!-- Generated by org.testng.reporters.JUnitXMLReporter -->
<testsuite ignored="0" hostname="DESKTOP-D5GB7KD" failures="3" tests="4" name="Test" time="87.504" errors="0" timestamp="2021-01-24T21:56:49 IST">
  <testcase classname="AlphaSenseProject.QAhomeTask.test4_downloadInvoice" name="@AfterTest tearDown" time="0.026">
    <failure type="java.lang.StackOverflowError">
      <![CDATA[java.lang.StackOverflowError
at AlphaSenseProject.QAhomeTask.test4_downloadInvoice.tearDown(test4_downloadInvoice.java:70)
at AlphaSenseProject.QAhomeTask.test4_downloadInvoice.tearDown(test4_downloadInvoice.java:70)
at AlphaSenseProject.QAhomeTask.test4_downloadInvoice.tearDown(test4_downloadInvoice.java:70)
at AlphaSenseProject.QAhomeTask.test4_downloadInvoice.tearDown(test4_downloadInvoice.java:70)
at AlphaSenseProject.QAhomeTask.test4_downloadInvoice.tearDown(test4_downloadInvoice.java:70)
at AlphaSenseProject.QAhomeTask.test4_downloadInvoice.tearDown(test4_downloadInvoice.java:70)
at AlphaSenseProject.QAhomeTask.test4_downloadInvoice.tearDown(test4_downloadInvoice.java:70)
at AlphaSenseProject.QAhomeTask.test4_downloadInvoice.tearDown(test4_downloadInvoice.java:70)
at AlphaSenseProject.QAhomeTask.test4_downloadInvoice.tearDown(test4_downloadInvoice.java:70)
at AlphaSenseProject.QAhomeTask.test4_downloadInvoice.tearDown(test4_downloadInvoice.java:70)
at AlphaSenseProject.QAhomeTask.test4_downloadInvoice.tearDown(test4_downloadInvoice.java:70)
at AlphaSenseProject.QAhomeTask.test4_downloadInvoice.tearDown(test4_downloadInvoice.java:70)
at AlphaSenseProject.QAhomeTask.test4_downloadInvoice.tearDown(test4_downloadInvoice.java:70)
at AlphaSenseProject.QAhomeTask.test4_downloadInvoice.tearDown(test4_downloadInvoice.java:70)
at AlphaSenseProject.QAhomeTask.test4_downloadInvoice.tearDown(test4_downloadInvoice.java:70)
at AlphaSenseProject.QAhomeTask.test4_downloadInvoice.tearDown(test4_downloadInvoice.java:70)
at AlphaSenseProject.QAhomeTask.test4_downloadInvoice.tearDown(test4_downloadInvoice.java:70)
at AlphaSenseProject.QAhomeTask.test4_downloadInvoice.tearDown(test4_downloadInvoice.java:70)
at AlphaSenseProject.QAhomeTask.test4_downloadInvoice.tearDown(test4_downloadInvoice.java:70)
at AlphaSenseProject.QAhomeTask.test4_downloadInvoice.tearDown(test4_downloadInvoice.java:70)
at AlphaSenseProject.QAhomeTask.test4_downloadInvoice.tearDown(test4_downloadInvoice.java:70)
at AlphaSenseProject.QAhomeTask.test4_downloadInvoice.tearDown(test4_downloadInvoice.java:70)
at AlphaSenseProject.QAhomeTask.test4_downloadInvoice.tearDown(test4_downloadInvoice.java:70)
at AlphaSenseProject.QAhomeTask.test4_downloadInvoice.tearDown(test4_downloadInvoice.java:70)
at AlphaSenseProject.QAhomeTask.test4_downloadInvoice.tearDown(test4_downloadInvoice.java:70)
at AlphaSenseProject.QAhomeTask.test4_downloadInvoice.tearDown(test4_downloadInvoice.java:70)
at AlphaSenseProject.QAhomeTask.test4_downloadInvoice.tearDown(test4_downloadInvoice.java:70)
at AlphaSenseProject.QAhomeTask.test4_downloadInvoice.tearDown(test4_downloadInvoice.java:70)
at AlphaSenseProject.QAhomeTask.test4_downloadInvoice.tearDown(test4_downloadInvoice.java:70)
at AlphaSenseProject.QAhomeTask.test4_downloadInvoice.tearDown(test4_downloadInvoice.java:70)
at AlphaSenseProject.QAhomeTask.test4_downloadInvoice.tearDown(test4_downloadInvoice.java:70)
at AlphaSenseProject.QAhomeTask.test4_downloadInvoice.tearDown(test4_downloadInvoice.java:70)
at AlphaSenseProject.QAhomeTask.test4_downloadInvoice.tearDown(test4_downloadInvoice.java:70)
at AlphaSenseProject.QAhomeTask.test4_downloadInvoice.tearDown(test4_downloadInvoice.java:70)
at AlphaSenseProject.QAhomeTask.test4_downloadInvoice.tearDown(test4_downloadInvoice.java:70)
at AlphaSenseProject.QAhomeTask.test4_downloadInvoice.tearDown(test4_downloadInvoice.java:70)
at AlphaSenseProject.QAhomeTask.test4_downloadInvoice.tearDown(test4_downloadInvoice.java:70)
at AlphaSenseProject.QAhomeTask.test4_downloadInvoice.tearDown(test4_downloadInvoice.java:70)
at AlphaSenseProject.QAhomeTask.test4_downloadInvoice.tearDown(test4_downloadInvoice.java:70)
at AlphaSenseProject.QAhomeTask.test4_downloadInvoice.tearDown(test4_downloadInvoice.java:70)
at AlphaSenseProject.QAhomeTask.test4_downloadInvoice.tearDown(test4_downloadInvoice.java:70)
at AlphaSenseProject.QAhomeTask.test4_downloadInvoice.tearDown(test4_downloadInvoice.java:70)
at AlphaSenseProject.QAhomeTask.test4_downloadInvoice.tearDown(test4_downloadInvoice.java:70)
at AlphaSenseProject.QAhomeTask.test4_downloadInvoice.tearDown(test4_downloadInvoice.java:70)
at AlphaSenseProject.QAhomeTask.test4_downloadInvoice.tearDown(test4_downloadInvoice.java:70)
at AlphaSenseProject.QAhomeTask.test4_downloadInvoice.tearDown(test4_downloadInvoice.java:70)
at AlphaSenseProject.QAhomeTask.test4_downloadInvoice.tearDown(test4_downloadInvoice.java:70)
at AlphaSenseProject.QAhomeTask.test4_downloadInvoice.tearDown(test4_downloadInvoice.java:70)
at AlphaSenseProject.QAhomeTask.test4_downloadInvoice.tearDown(test4_downloadInvoice.java:70)
at AlphaSenseProject.QAhomeTask.test4_downloadInvoice.tearDown(test4_downloadInvoice.java:70)
at AlphaSenseProject.QAhomeTask.test4_downloadInvoice.tearDown(test4_downloadInvoice.java:70)
at AlphaSenseProject.QAhomeTask.test4_downloadInvoice.tearDown(test4_downloadInvoice.java:70)
at AlphaSenseProject.QAhomeTask.test4_downloadInvoice.tearDown(test4_downloadInvoice.java:70)
at AlphaSenseProject.QAhomeTask.test4_downloadInvoice.tearDown(test4_downloadInvoice.java:70)
at AlphaSenseProject.QAhomeTask.test4_downloadInvoice.tearDown(test4_downloadInvoice.java:70)
at AlphaSenseProject.QAhomeTask.test4_downloadInvoice.tearDown(test4_downloadInvoice.java:70)
at AlphaSenseProject.QAhomeTask.test4_downloadInvoice.tearDown(test4_downloadInvoice.java:70)
at AlphaSenseProject.QAhomeTask.test4_downloadInvoice.tearDown(test4_downloadInvoice.java:70)
at AlphaSenseProject.QAhomeTask.test4_downloadInvoice.tearDown(test4_downloadInvoice.java:70)
at AlphaSenseProject.QAhomeTask.test4_downloadInvoice.tearDown(test4_downloadInvoice.java:70)
at AlphaSenseProject.QAhomeTask.test4_downloadInvoice.tearDown(test4_downloadInvoice.java:70)
at AlphaSenseProject.QAhomeTask.test4_downloadInvoice.tearDown(test4_downloadInvoice.java:70)
at AlphaSenseProject.QAhomeTask.test4_downloadInvoice.tearDown(test4_downloadInvoice.java:70)
at AlphaSenseProject.QAhomeTask.test4_downloadInvoice.tearDown(test4_downloadInvoice.java:70)
at AlphaSenseProject.QAhomeTask.test4_downloadInvoice.tearDown(test4_downloadInvoice.java:70)
at AlphaSenseProject.QAhomeTask.test4_downloadInvoice.tearDown(test4_downloadInvoice.java:70)
at AlphaSenseProject.QAhomeTask.test4_downloadInvoice.tearDown(test4_downloadInvoice.java:70)
at AlphaSenseProject.QAhomeTask.test4_downloadInvoice.tearDown(test4_downloadInvoice.java:70)
at AlphaSenseProject.QAhomeTask.test4_downloadInvoice.tearDown(test4_downloadInvoice.java:70)
at AlphaSenseProject.QAhomeTask.test4_downloadInvoice.tearDown(test4_downloadInvoice.java:70)
at AlphaSenseProject.QAhomeTask.test4_downloadInvoice.tearDown(test4_downloadInvoice.java:70)
at AlphaSenseProject.QAhomeTask.test4_downloadInvoice.tearDown(test4_downloadInvoice.java:70)
at AlphaSenseProject.QAhomeTask.test4_downloadInvoice.tearDown(test4_downloadInvoice.java:70)
at AlphaSenseProject.QAhomeTask.test4_downloadInvoice.tearDown(test4_downloadInvoice.java:70)
at AlphaSenseProject.QAhomeTask.test4_downloadInvoice.tearDown(test4_downloadInvoice.java:70)
at AlphaSenseProject.QAhomeTask.test4_downloadInvoice.tearDown(test4_downloadInvoice.java:70)
at AlphaSenseProject.QAhomeTask.test4_downloadInvoice.tearDown(test4_downloadInvoice.java:70)
at AlphaSenseProject.QAhomeTask.test4_downloadInvoice.tearDown(test4_downloadInvoice.java:70)
at AlphaSenseProject.QAhomeTask.test4_downloadInvoice.tearDown(test4_downloadInvoice.java:70)
at AlphaSenseProject.QAhomeTask.test4_downloadInvoice.tearDown(test4_downloadInvoice.java:70)
at AlphaSenseProject.QAhomeTask.test4_downloadInvoice.tearDown(test4_downloadInvoice.java:70)
at AlphaSenseProject.QAhomeTask.test4_downloadInvoice.tearDown(test4_downloadInvoice.java:70)
at AlphaSenseProject.QAhomeTask.test4_downloadInvoice.tearDown(test4_downloadInvoice.java:70)
at AlphaSenseProject.QAhomeTask.test4_downloadInvoice.tearDown(test4_downloadInvoice.java:70)
at AlphaSenseProject.QAhomeTask.test4_downloadInvoice.tearDown(test4_downloadInvoice.java:70)
at AlphaSenseProject.QAhomeTask.test4_downloadInvoice.tearDown(test4_downloadInvoice.java:70)
at AlphaSenseProject.QAhomeTask.test4_downloadInvoice.tearDown(test4_downloadInvoice.java:70)
at AlphaSenseProject.QAhomeTask.test4_downloadInvoice.tearDown(test4_downloadInvoice.java:70)
at AlphaSenseProject.QAhomeTask.test4_downloadInvoice.tearDown(test4_downloadInvoice.java:70)
at AlphaSenseProject.QAhomeTask.test4_downloadInvoice.tearDown(test4_downloadInvoice.java:70)
at AlphaSenseProject.QAhomeTask.test4_downloadInvoice.tearDown(test4_downloadInvoice.java:70)
at AlphaSenseProject.QAhomeTask.test4_downloadInvoice.tearDown(test4_downloadInvoice.java:70)
at AlphaSenseProject.QAhomeTask.test4_downloadInvoice.tearDown(test4_downloadInvoice.java:70)
at AlphaSenseProject.QAhomeTask.test4_downloadInvoice.tearDown(test4_downloadInvoice.java:70)
at AlphaSenseProject.QAhomeTask.test4_downloadInvoice.tearDown(test4_downloadInvoice.java:70)
at AlphaSenseProject.QAhomeTask.test4_downloadInvoice.tearDown(test4_downloadInvoice.java:70)
at AlphaSenseProject.QAhomeTask.test4_downloadInvoice.tearDown(test4_downloadInvoice.java:70)
at AlphaSenseProject.QAhomeTask.test4_downloadInvoice.tearDown(test4_downloadInvoice.java:70)
at AlphaSenseProject.QAhomeTask.test4_downloadInvoice.tearDown(test4_downloadInvoice.java:70)
at AlphaSenseProject.QAhomeTask.test4_downloadInvoice.tearDown(test4_downloadInvoice.java:70)
at AlphaSenseProject.QAhomeTask.test4_downloadInvoice.tearDown(test4_downloadInvoice.java:70)
at AlphaSenseProject.QAhomeTask.test4_downloadInvoice.tearDown(test4_downloadInvoice.java:70)
at AlphaSenseProject.QAhomeTask.test4_downloadInvoice.tearDown(test4_downloadInvoice.java:70)
at AlphaSenseProject.QAhomeTask.test4_downloadInvoice.tearDown(test4_downloadInvoice.java:70)
at AlphaSenseProject.QAhomeTask.test4_downloadInvoice.tearDown(test4_downloadInvoice.java:70)
at AlphaSenseProject.QAhomeTask.test4_downloadInvoice.tearDown(test4_downloadInvoice.java:70)
at AlphaSenseProject.QAhomeTask.test4_downloadInvoice.tearDown(test4_downloadInvoice.java:70)
at AlphaSenseProject.QAhomeTask.test4_downloadInvoice.tearDown(test4_downloadInvoice.java:70)
at AlphaSenseProject.QAhomeTask.test4_downloadInvoice.tearDown(test4_downloadInvoice.java:70)
at AlphaSenseProject.QAhomeTask.test4_downloadInvoice.tearDown(test4_downloadInvoice.java:70)
at AlphaSenseProject.QAhomeTask.test4_downloadInvoice.tearDown(test4_downloadInvoice.java:70)
at AlphaSenseProject.QAhomeTask.test4_downloadInvoice.tearDown(test4_downloadInvoice.java:70)
at AlphaSenseProject.QAhomeTask.test4_downloadInvoice.tearDown(test4_downloadInvoice.java:70)
at AlphaSenseProject.QAhomeTask.test4_downloadInvoice.tearDown(test4_downloadInvoice.java:70)
at AlphaSenseProject.QAhomeTask.test4_downloadInvoice.tearDown(test4_downloadInvoice.java:70)
at AlphaSenseProject.QAhomeTask.test4_downloadInvoice.tearDown(test4_downloadInvoice.java:70)
at AlphaSenseProject.QAhomeTask.test4_downloadInvoice.tearDown(test4_downloadInvoice.java:70)
at AlphaSenseProject.QAhomeTask.test4_downloadInvoice.tearDown(test4_downloadInvoice.java:70)
at AlphaSenseProject.QAhomeTask.test4_downloadInvoice.tearDown(test4_downloadInvoice.java:70)
at AlphaSenseProject.QAhomeTask.test4_downloadInvoice.tearDown(test4_downloadInvoice.java:70)
at AlphaSenseProject.QAhomeTask.test4_downloadInvoice.tearDown(test4_downloadInvoice.java:70)
at AlphaSenseProject.QAhomeTask.test4_downloadInvoice.tearDown(test4_downloadInvoice.java:70)
at AlphaSenseProject.QAhomeTask.test4_downloadInvoice.tearDown(test4_downloadInvoice.java:70)
at AlphaSenseProject.QAhomeTask.test4_downloadInvoice.tearDown(test4_downloadInvoice.java:70)
at AlphaSenseProject.QAhomeTask.test4_downloadInvoice.tearDown(test4_downloadInvoice.java:70)
at AlphaSenseProject.QAhomeTask.test4_downloadInvoice.tearDown(test4_downloadInvoice.java:70)
at AlphaSenseProject.QAhomeTask.test4_downloadInvoice.tearDown(test4_downloadInvoice.java:70)
at AlphaSenseProject.QAhomeTask.test4_downloadInvoice.tearDown(test4_downloadInvoice.java:70)
at AlphaSenseProject.QAhomeTask.test4_downloadInvoice.tearDown(test4_downloadInvoice.java:70)
at AlphaSenseProject.QAhomeTask.test4_downloadInvoice.tearDown(test4_downloadInvoice.java:70)
at AlphaSenseProject.QAhomeTask.test4_downloadInvoice.tearDown(test4_downloadInvoice.java:70)
at AlphaSenseProject.QAhomeTask.test4_downloadInvoice.tearDown(test4_downloadInvoice.java:70)
at AlphaSenseProject.QAhomeTask.test4_downloadInvoice.tearDown(test4_downloadInvoice.java:70)
at AlphaSenseProject.QAhomeTask.test4_downloadInvoice.tearDown(test4_downloadInvoice.java:70)
at AlphaSenseProject.QAhomeTask.test4_downloadInvoice.tearDown(test4_downloadInvoice.java:70)
at AlphaSenseProject.QAhomeTask.test4_downloadInvoice.tearDown(test4_downloadInvoice.java:70)
at AlphaSenseProject.QAhomeTask.test4_downloadInvoice.tearDown(test4_downloadInvoice.java:70)
at AlphaSenseProject.QAhomeTask.test4_downloadInvoice.tearDown(test4_downloadInvoice.java:70)
at AlphaSenseProject.QAhomeTask.test4_downloadInvoice.tearDown(test4_downloadInvoice.java:70)
at AlphaSenseProject.QAhomeTask.test4_downloadInvoice.tearDown(test4_downloadInvoice.java:70)
at AlphaSenseProject.QAhomeTask.test4_downloadInvoice.tearDown(test4_downloadInvoice.java:70)
at AlphaSenseProject.QAhomeTask.test4_downloadInvoice.tearDown(test4_downloadInvoice.java:70)
at AlphaSenseProject.QAhomeTask.test4_downloadInvoice.tearDown(test4_downloadInvoice.java:70)
at AlphaSenseProject.QAhomeTask.test4_downloadInvoice.tearDown(test4_downloadInvoice.java:70)
at AlphaSenseProject.QAhomeTask.test4_downloadInvoice.tearDown(test4_downloadInvoice.java:70)
at AlphaSenseProject.QAhomeTask.test4_downloadInvoice.tearDown(test4_downloadInvoice.java:70)
at AlphaSenseProject.QAhomeTask.test4_downloadInvoice.tearDown(test4_downloadInvoice.java:70)
at AlphaSenseProject.QAhomeTask.test4_downloadInvoice.tearDown(test4_downloadInvoice.java:70)
at AlphaSenseProject.QAhomeTask.test4_downloadInvoice.tearDown(test4_downloadInvoice.java:70)
at AlphaSenseProject.QAhomeTask.test4_downloadInvoice.tearDown(test4_downloadInvoice.java:70)
at AlphaSenseProject.QAhomeTask.test4_downloadInvoice.tearDown(test4_downloadInvoice.java:70)
at AlphaSenseProject.QAhomeTask.test4_downloadInvoice.tearDown(test4_downloadInvoice.java:70)
at AlphaSenseProject.QAhomeTask.test4_downloadInvoice.tearDown(test4_downloadInvoice.java:70)
at AlphaSenseProject.QAhomeTask.test4_downloadInvoice.tearDown(test4_downloadInvoice.java:70)
at AlphaSenseProject.QAhomeTask.test4_downloadInvoice.tearDown(test4_downloadInvoice.java:70)
at AlphaSenseProject.QAhomeTask.test4_downloadInvoice.tearDown(test4_downloadInvoice.java:70)
at AlphaSenseProject.QAhomeTask.test4_downloadInvoice.tearDown(test4_downloadInvoice.java:70)
at AlphaSenseProject.QAhomeTask.test4_downloadInvoice.tearDown(test4_downloadInvoice.java:70)
at AlphaSenseProject.QAhomeTask.test4_downloadInvoice.tearDown(test4_downloadInvoice.java:70)
at AlphaSenseProject.QAhomeTask.test4_downloadInvoice.tearDown(test4_downloadInvoice.java:70)
at AlphaSenseProject.QAhomeTask.test4_downloadInvoice.tearDown(test4_downloadInvoice.java:70)
at AlphaSenseProject.QAhomeTask.test4_downloadInvoice.tearDown(test4_downloadInvoice.java:70)
at AlphaSenseProject.QAhomeTask.test4_downloadInvoice.tearDown(test4_downloadInvoice.java:70)
at AlphaSenseProject.QAhomeTask.test4_downloadInvoice.tearDown(test4_downloadInvoice.java:70)
at AlphaSenseProject.QAhomeTask.test4_downloadInvoice.tearDown(test4_downloadInvoice.java:70)
at AlphaSenseProject.QAhomeTask.test4_downloadInvoice.tearDown(test4_downloadInvoice.java:70)
at AlphaSenseProject.QAhomeTask.test4_downloadInvoice.tearDown(test4_downloadInvoice.java:70)
at AlphaSenseProject.QAhomeTask.test4_downloadInvoice.tearDown(test4_downloadInvoice.java:70)
at AlphaSenseProject.QAhomeTask.test4_downloadInvoice.tearDown(test4_downloadInvoice.java:70)
at AlphaSenseProject.QAhomeTask.test4_downloadInvoice.tearDown(test4_downloadInvoice.java:70)
at AlphaSenseProject.QAhomeTask.test4_downloadInvoice.tearDown(test4_downloadInvoice.java:70)
at AlphaSenseProject.QAhomeTask.test4_downloadInvoice.tearDown(test4_downloadInvoice.java:70)
at AlphaSenseProject.QAhomeTask.test4_downloadInvoice.tearDown(test4_downloadInvoice.java:70)
at AlphaSenseProject.QAhomeTask.test4_downloadInvoice.tearDown(test4_downloadInvoice.java:70)
at AlphaSenseProject.QAhomeTask.test4_downloadInvoice.tearDown(test4_downloadInvoice.java:70)
at AlphaSenseProject.QAhomeTask.test4_downloadInvoice.tearDown(test4_downloadInvoice.java:70)
at AlphaSenseProject.QAhomeTask.test4_downloadInvoice.tearDown(test4_downloadInvoice.java:70)
at AlphaSenseProject.QAhomeTask.test4_downloadInvoice.tearDown(test4_downloadInvoice.java:70)
at AlphaSenseProject.QAhomeTask.test4_downloadInvoice.tearDown(test4_downloadInvoice.java:70)
at AlphaSenseProject.QAhomeTask.test4_downloadInvoice.tearDown(test4_downloadInvoice.java:70)
at AlphaSenseProject.QAhomeTask.test4_downloadInvoice.tearDown(test4_downloadInvoice.java:70)
at AlphaSenseProject.QAhomeTask.test4_downloadInvoice.tearDown(test4_downloadInvoice.java:70)
at AlphaSenseProject.QAhomeTask.test4_downloadInvoice.tearDown(test4_downloadInvoice.java:70)
at AlphaSenseProject.QAhomeTask.test4_downloadInvoice.tearDown(test4_downloadInvoice.java:70)
at AlphaSenseProject.QAhomeTask.test4_downloadInvoice.tearDown(test4_downloadInvoice.java:70)
at AlphaSenseProject.QAhomeTask.test4_downloadInvoice.tearDown(test4_downloadInvoice.java:70)
at AlphaSenseProject.QAhomeTask.test4_downloadInvoice.tearDown(test4_downloadInvoice.java:70)
at AlphaSenseProject.QAhomeTask.test4_downloadInvoice.tearDown(test4_downloadInvoice.java:70)
at AlphaSenseProject.QAhomeTask.test4_downloadInvoice.tearDown(test4_downloadInvoice.java:70)
at AlphaSenseProject.QAhomeTask.test4_downloadInvoice.tearDown(test4_downloadInvoice.java:70)
at AlphaSenseProject.QAhomeTask.test4_downloadInvoice.tearDown(test4_downloadInvoice.java:70)
at AlphaSenseProject.QAhomeTask.test4_downloadInvoice.tearDown(test4_downloadInvoice.java:70)
at AlphaSenseProject.QAhomeTask.test4_downloadInvoice.tearDown(test4_downloadInvoice.java:70)
at AlphaSenseProject.QAhomeTask.test4_downloadInvoice.tearDown(test4_downloadInvoice.java:70)
at AlphaSenseProject.QAhomeTask.test4_downloadInvoice.tearDown(test4_downloadInvoice.java:70)
at AlphaSenseProject.QAhomeTask.test4_downloadInvoice.tearDown(test4_downloadInvoice.java:70)
at AlphaSenseProject.QAhomeTask.test4_downloadInvoice.tearDown(test4_downloadInvoice.java:70)
at AlphaSenseProject.QAhomeTask.test4_downloadInvoice.tearDown(test4_downloadInvoice.java:70)
at AlphaSenseProject.QAhomeTask.test4_downloadInvoice.tearDown(test4_downloadInvoice.java:70)
at AlphaSenseProject.QAhomeTask.test4_downloadInvoice.tearDown(test4_downloadInvoice.java:70)
at AlphaSenseProject.QAhomeTask.test4_downloadInvoice.tearDown(test4_downloadInvoice.java:70)
at AlphaSenseProject.QAhomeTask.test4_downloadInvoice.tearDown(test4_downloadInvoice.java:70)
at AlphaSenseProject.QAhomeTask.test4_downloadInvoice.tearDown(test4_downloadInvoice.java:70)
at AlphaSenseProject.QAhomeTask.test4_downloadInvoice.tearDown(test4_downloadInvoice.java:70)
at AlphaSenseProject.QAhomeTask.test4_downloadInvoice.tearDown(test4_downloadInvoice.java:70)
at AlphaSenseProject.QAhomeTask.test4_downloadInvoice.tearDown(test4_downloadInvoice.java:70)
at AlphaSenseProject.QAhomeTask.test4_downloadInvoice.tearDown(test4_downloadInvoice.java:70)
at AlphaSenseProject.QAhomeTask.test4_downloadInvoice.tearDown(test4_downloadInvoice.java:70)
at AlphaSenseProject.QAhomeTask.test4_downloadInvoice.tearDown(test4_downloadInvoice.java:70)
at AlphaSenseProject.QAhomeTask.test4_downloadInvoice.tearDown(test4_downloadInvoice.java:70)
at AlphaSenseProject.QAhomeTask.test4_downloadInvoice.tearDown(test4_downloadInvoice.java:70)
at AlphaSenseProject.QAhomeTask.test4_downloadInvoice.tearDown(test4_downloadInvoice.java:70)
at AlphaSenseProject.QAhomeTask.test4_downloadInvoice.tearDown(test4_downloadInvoice.java:70)
at AlphaSenseProject.QAhomeTask.test4_downloadInvoice.tearDown(test4_downloadInvoice.java:70)
at AlphaSenseProject.QAhomeTask.test4_downloadInvoice.tearDown(test4_downloadInvoice.java:70)
at AlphaSenseProject.QAhomeTask.test4_downloadInvoice.tearDown(test4_downloadInvoice.java:70)
at AlphaSenseProject.QAhomeTask.test4_downloadInvoice.tearDown(test4_downloadInvoice.java:70)
at AlphaSenseProject.QAhomeTask.test4_downloadInvoice.tearDown(test4_downloadInvoice.java:70)
at AlphaSenseProject.QAhomeTask.test4_downloadInvoice.tearDown(test4_downloadInvoice.java:70)
at AlphaSenseProject.QAhomeTask.test4_downloadInvoice.tearDown(test4_downloadInvoice.java:70)
at AlphaSenseProject.QAhomeTask.test4_downloadInvoice.tearDown(test4_downloadInvoice.java:70)
at AlphaSenseProject.QAhomeTask.test4_downloadInvoice.tearDown(test4_downloadInvoice.java:70)
at AlphaSenseProject.QAhomeTask.test4_downloadInvoice.tearDown(test4_downloadInvoice.java:70)
at AlphaSenseProject.QAhomeTask.test4_downloadInvoice.tearDown(test4_downloadInvoice.java:70)
at AlphaSenseProject.QAhomeTask.test4_downloadInvoice.tearDown(test4_downloadInvoice.java:70)
at AlphaSenseProject.QAhomeTask.test4_downloadInvoice.tearDown(test4_downloadInvoice.java:70)
at AlphaSenseProject.QAhomeTask.test4_downloadInvoice.tearDown(test4_downloadInvoice.java:70)
at AlphaSenseProject.QAhomeTask.test4_downloadInvoice.tearDown(test4_downloadInvoice.java:70)
at AlphaSenseProject.QAhomeTask.test4_downloadInvoice.tearDown(test4_downloadInvoice.java:70)
at AlphaSenseProject.QAhomeTask.test4_downloadInvoice.tearDown(test4_downloadInvoice.java:70)
at AlphaSenseProject.QAhomeTask.test4_downloadInvoice.tearDown(test4_downloadInvoice.java:70)
at AlphaSenseProject.QAhomeTask.test4_downloadInvoice.tearDown(test4_downloadInvoice.java:70)
at AlphaSenseProject.QAhomeTask.test4_downloadInvoice.tearDown(test4_downloadInvoice.java:70)
at AlphaSenseProject.QAhomeTask.test4_downloadInvoice.tearDown(test4_downloadInvoice.java:70)
at AlphaSenseProject.QAhomeTask.test4_downloadInvoice.tearDown(test4_downloadInvoice.java:70)
at AlphaSenseProject.QAhomeTask.test4_downloadInvoice.tearDown(test4_downloadInvoice.java:70)
at AlphaSenseProject.QAhomeTask.test4_downloadInvoice.tearDown(test4_downloadInvoice.java:70)
at AlphaSenseProject.QAhomeTask.test4_downloadInvoice.tearDown(test4_downloadInvoice.java:70)
at AlphaSenseProject.QAhomeTask.test4_downloadInvoice.tearDown(test4_downloadInvoice.java:70)
at AlphaSenseProject.QAhomeTask.test4_downloadInvoice.tearDown(test4_downloadInvoice.java:70)
at AlphaSenseProject.QAhomeTask.test4_downloadInvoice.tearDown(test4_downloadInvoice.java:70)
at AlphaSenseProject.QAhomeTask.test4_downloadInvoice.tearDown(test4_downloadInvoice.java:70)
at AlphaSenseProject.QAhomeTask.test4_downloadInvoice.tearDown(test4_downloadInvoice.java:70)
at AlphaSenseProject.QAhomeTask.test4_downloadInvoice.tearDown(test4_downloadInvoice.java:70)
at AlphaSenseProject.QAhomeTask.test4_downloadInvoice.tearDown(test4_downloadInvoice.java:70)
at AlphaSenseProject.QAhomeTask.test4_downloadInvoice.tearDown(test4_downloadInvoice.java:70)
at AlphaSenseProject.QAhomeTask.test4_downloadInvoice.tearDown(test4_downloadInvoice.java:70)
at AlphaSenseProject.QAhomeTask.test4_downloadInvoice.tearDown(test4_downloadInvoice.java:70)
at AlphaSenseProject.QAhomeTask.test4_downloadInvoice.tearDown(test4_downloadInvoice.java:70)
at AlphaSenseProject.QAhomeTask.test4_downloadInvoice.tearDown(test4_downloadInvoice.java:70)
at AlphaSenseProject.QAhomeTask.test4_downloadInvoice.tearDown(test4_downloadInvoice.java:70)
at AlphaSenseProject.QAhomeTask.test4_downloadInvoice.tearDown(test4_downloadInvoice.java:70)
at AlphaSenseProject.QAhomeTask.test4_downloadInvoice.tearDown(test4_downloadInvoice.java:70)
at AlphaSenseProject.QAhomeTask.test4_downloadInvoice.tearDown(test4_downloadInvoice.java:70)
at AlphaSenseProject.QAhomeTask.test4_downloadInvoice.tearDown(test4_downloadInvoice.java:70)
at AlphaSenseProject.QAhomeTask.test4_downloadInvoice.tearDown(test4_downloadInvoice.java:70)
at AlphaSenseProject.QAhomeTask.test4_downloadInvoice.tearDown(test4_downloadInvoice.java:70)
at AlphaSenseProject.QAhomeTask.test4_downloadInvoice.tearDown(test4_downloadInvoice.java:70)
at AlphaSenseProject.QAhomeTask.test4_downloadInvoice.tearDown(test4_downloadInvoice.java:70)
at AlphaSenseProject.QAhomeTask.test4_downloadInvoice.tearDown(test4_downloadInvoice.java:70)
at AlphaSenseProject.QAhomeTask.test4_downloadInvoice.tearDown(test4_downloadInvoice.java:70)
at AlphaSenseProject.QAhomeTask.test4_downloadInvoice.tearDown(test4_downloadInvoice.java:70)
at AlphaSenseProject.QAhomeTask.test4_downloadInvoice.tearDown(test4_downloadInvoice.java:70)
at AlphaSenseProject.QAhomeTask.test4_downloadInvoice.tearDown(test4_downloadInvoice.java:70)
at AlphaSenseProject.QAhomeTask.test4_downloadInvoice.tearDown(test4_downloadInvoice.java:70)
at AlphaSenseProject.QAhomeTask.test4_downloadInvoice.tearDown(test4_downloadInvoice.java:70)
at AlphaSenseProject.QAhomeTask.test4_downloadInvoice.tearDown(test4_downloadInvoice.java:70)
at AlphaSenseProject.QAhomeTask.test4_downloadInvoice.tearDown(test4_downloadInvoice.java:70)
at AlphaSenseProject.QAhomeTask.test4_downloadInvoice.tearDown(test4_downloadInvoice.java:70)
at AlphaSenseProject.QAhomeTask.test4_downloadInvoice.tearDown(test4_downloadInvoice.java:70)
at AlphaSenseProject.QAhomeTask.test4_downloadInvoice.tearDown(test4_downloadInvoice.java:70)
at AlphaSenseProject.QAhomeTask.test4_downloadInvoice.tearDown(test4_downloadInvoice.java:70)
at AlphaSenseProject.QAhomeTask.test4_downloadInvoice.tearDown(test4_downloadInvoice.java:70)
at AlphaSenseProject.QAhomeTask.test4_downloadInvoice.tearDown(test4_downloadInvoice.java:70)
at AlphaSenseProject.QAhomeTask.test4_downloadInvoice.tearDown(test4_downloadInvoice.java:70)
at AlphaSenseProject.QAhomeTask.test4_downloadInvoice.tearDown(test4_downloadInvoice.java:70)
at AlphaSenseProject.QAhomeTask.test4_downloadInvoice.tearDown(test4_downloadInvoice.java:70)
at AlphaSenseProject.QAhomeTask.test4_downloadInvoice.tearDown(test4_downloadInvoice.java:70)
at AlphaSenseProject.QAhomeTask.test4_downloadInvoice.tearDown(test4_downloadInvoice.java:70)
at AlphaSenseProject.QAhomeTask.test4_downloadInvoice.tearDown(test4_downloadInvoice.java:70)
at AlphaSenseProject.QAhomeTask.test4_downloadInvoice.tearDown(test4_downloadInvoice.java:70)
at AlphaSenseProject.QAhomeTask.test4_downloadInvoice.tearDown(test4_downloadInvoice.java:70)
at AlphaSenseProject.QAhomeTask.test4_downloadInvoice.tearDown(test4_downloadInvoice.java:70)
at AlphaSenseProject.QAhomeTask.test4_downloadInvoice.tearDown(test4_downloadInvoice.java:70)
at AlphaSenseProject.QAhomeTask.test4_downloadInvoice.tearDown(test4_downloadInvoice.java:70)
at AlphaSenseProject.QAhomeTask.test4_downloadInvoice.tearDown(test4_downloadInvoice.java:70)
at AlphaSenseProject.QAhomeTask.test4_downloadInvoice.tearDown(test4_downloadInvoice.java:70)
at AlphaSenseProject.QAhomeTask.test4_downloadInvoice.tearDown(test4_downloadInvoice.java:70)
at AlphaSenseProject.QAhomeTask.test4_downloadInvoice.tearDown(test4_downloadInvoice.java:70)
at AlphaSenseProject.QAhomeTask.test4_downloadInvoice.tearDown(test4_downloadInvoice.java:70)
at AlphaSenseProject.QAhomeTask.test4_downloadInvoice.tearDown(test4_downloadInvoice.java:70)
at AlphaSenseProject.QAhomeTask.test4_downloadInvoice.tearDown(test4_downloadInvoice.java:70)
at AlphaSenseProject.QAhomeTask.test4_downloadInvoice.tearDown(test4_downloadInvoice.java:70)
at AlphaSenseProject.QAhomeTask.test4_downloadInvoice.tearDown(test4_downloadInvoice.java:70)
at AlphaSenseProject.QAhomeTask.test4_downloadInvoice.tearDown(test4_downloadInvoice.java:70)
at AlphaSenseProject.QAhomeTask.test4_downloadInvoice.tearDown(test4_downloadInvoice.java:70)
at AlphaSenseProject.QAhomeTask.test4_downloadInvoice.tearDown(test4_downloadInvoice.java:70)
at AlphaSenseProject.QAhomeTask.test4_downloadInvoice.tearDown(test4_downloadInvoice.java:70)
at AlphaSenseProject.QAhomeTask.test4_downloadInvoice.tearDown(test4_downloadInvoice.java:70)
at AlphaSenseProject.QAhomeTask.test4_downloadInvoice.tearDown(test4_downloadInvoice.java:70)
at AlphaSenseProject.QAhomeTask.test4_downloadInvoice.tearDown(test4_downloadInvoice.java:70)
at AlphaSenseProject.QAhomeTask.test4_downloadInvoice.tearDown(test4_downloadInvoice.java:70)
at AlphaSenseProject.QAhomeTask.test4_downloadInvoice.tearDown(test4_downloadInvoice.java:70)
at AlphaSenseProject.QAhomeTask.test4_downloadInvoice.tearDown(test4_downloadInvoice.java:70)
at AlphaSenseProject.QAhomeTask.test4_downloadInvoice.tearDown(test4_downloadInvoice.java:70)
at AlphaSenseProject.QAhomeTask.test4_downloadInvoice.tearDown(test4_downloadInvoice.java:70)
at AlphaSenseProject.QAhomeTask.test4_downloadInvoice.tearDown(test4_downloadInvoice.java:70)
at AlphaSenseProject.QAhomeTask.test4_downloadInvoice.tearDown(test4_downloadInvoice.java:70)
at AlphaSenseProject.QAhomeTask.test4_downloadInvoice.tearDown(test4_downloadInvoice.java:70)
at AlphaSenseProject.QAhomeTask.test4_downloadInvoice.tearDown(test4_downloadInvoice.java:70)
at AlphaSenseProject.QAhomeTask.test4_downloadInvoice.tearDown(test4_downloadInvoice.java:70)
at AlphaSenseProject.QAhomeTask.test4_downloadInvoice.tearDown(test4_downloadInvoice.java:70)
at AlphaSenseProject.QAhomeTask.test4_downloadInvoice.tearDown(test4_downloadInvoice.java:70)
at AlphaSenseProject.QAhomeTask.test4_downloadInvoice.tearDown(test4_downloadInvoice.java:70)
at AlphaSenseProject.QAhomeTask.test4_downloadInvoice.tearDown(test4_downloadInvoice.java:70)
at AlphaSenseProject.QAhomeTask.test4_downloadInvoice.tearDown(test4_downloadInvoice.java:70)
at AlphaSenseProject.QAhomeTask.test4_downloadInvoice.tearDown(test4_downloadInvoice.java:70)
at AlphaSenseProject.QAhomeTask.test4_downloadInvoice.tearDown(test4_downloadInvoice.java:70)
at AlphaSenseProject.QAhomeTask.test4_downloadInvoice.tearDown(test4_downloadInvoice.java:70)
at AlphaSenseProject.QAhomeTask.test4_downloadInvoice.tearDown(test4_downloadInvoice.java:70)
at AlphaSenseProject.QAhomeTask.test4_downloadInvoice.tearDown(test4_downloadInvoice.java:70)
at AlphaSenseProject.QAhomeTask.test4_downloadInvoice.tearDown(test4_downloadInvoice.java:70)
at AlphaSenseProject.QAhomeTask.test4_downloadInvoice.tearDown(test4_downloadInvoice.java:70)
at AlphaSenseProject.QAhomeTask.test4_downloadInvoice.tearDown(test4_downloadInvoice.java:70)
at AlphaSenseProject.QAhomeTask.test4_downloadInvoice.tearDown(test4_downloadInvoice.java:70)
at AlphaSenseProject.QAhomeTask.test4_downloadInvoice.tearDown(test4_downloadInvoice.java:70)
at AlphaSenseProject.QAhomeTask.test4_downloadInvoice.tearDown(test4_downloadInvoice.java:70)
at AlphaSenseProject.QAhomeTask.test4_downloadInvoice.tearDown(test4_downloadInvoice.java:70)
at AlphaSenseProject.QAhomeTask.test4_downloadInvoice.tearDown(test4_downloadInvoice.java:70)
at AlphaSenseProject.QAhomeTask.test4_downloadInvoice.tearDown(test4_downloadInvoice.java:70)
at AlphaSenseProject.QAhomeTask.test4_downloadInvoice.tearDown(test4_downloadInvoice.java:70)
at AlphaSenseProject.QAhomeTask.test4_downloadInvoice.tearDown(test4_downloadInvoice.java:70)
at AlphaSenseProject.QAhomeTask.test4_downloadInvoice.tearDown(test4_downloadInvoice.java:70)
at AlphaSenseProject.QAhomeTask.test4_downloadInvoice.tearDown(test4_downloadInvoice.java:70)
at AlphaSenseProject.QAhomeTask.test4_downloadInvoice.tearDown(test4_downloadInvoice.java:70)
at AlphaSenseProject.QAhomeTask.test4_downloadInvoice.tearDown(test4_downloadInvoice.java:70)
at AlphaSenseProject.QAhomeTask.test4_downloadInvoice.tearDown(test4_downloadInvoice.java:70)
at AlphaSenseProject.QAhomeTask.test4_downloadInvoice.tearDown(test4_downloadInvoice.java:70)
at AlphaSenseProject.QAhomeTask.test4_downloadInvoice.tearDown(test4_downloadInvoice.java:70)
at AlphaSenseProject.QAhomeTask.test4_downloadInvoice.tearDown(test4_downloadInvoice.java:70)
at AlphaSenseProject.QAhomeTask.test4_downloadInvoice.tearDown(test4_downloadInvoice.java:70)
at AlphaSenseProject.QAhomeTask.test4_downloadInvoice.tearDown(test4_downloadInvoice.java:70)
at AlphaSenseProject.QAhomeTask.test4_downloadInvoice.tearDown(test4_downloadInvoice.java:70)
at AlphaSenseProject.QAhomeTask.test4_downloadInvoice.tearDown(test4_downloadInvoice.java:70)
at AlphaSenseProject.QAhomeTask.test4_downloadInvoice.tearDown(test4_downloadInvoice.java:70)
at AlphaSenseProject.QAhomeTask.test4_downloadInvoice.tearDown(test4_downloadInvoice.java:70)
at AlphaSenseProject.QAhomeTask.test4_downloadInvoice.tearDown(test4_downloadInvoice.java:70)
at AlphaSenseProject.QAhomeTask.test4_downloadInvoice.tearDown(test4_downloadInvoice.java:70)
at AlphaSenseProject.QAhomeTask.test4_downloadInvoice.tearDown(test4_downloadInvoice.java:70)
at AlphaSenseProject.QAhomeTask.test4_downloadInvoice.tearDown(test4_downloadInvoice.java:70)
at AlphaSenseProject.QAhomeTask.test4_downloadInvoice.tearDown(test4_downloadInvoice.java:70)
at AlphaSenseProject.QAhomeTask.test4_downloadInvoice.tearDown(test4_downloadInvoice.java:70)
at AlphaSenseProject.QAhomeTask.test4_downloadInvoice.tearDown(test4_downloadInvoice.java:70)
at AlphaSenseProject.QAhomeTask.test4_downloadInvoice.tearDown(test4_downloadInvoice.java:70)
at AlphaSenseProject.QAhomeTask.test4_downloadInvoice.tearDown(test4_downloadInvoice.java:70)
at AlphaSenseProject.QAhomeTask.test4_downloadInvoice.tearDown(test4_downloadInvoice.java:70)
at AlphaSenseProject.QAhomeTask.test4_downloadInvoice.tearDown(test4_downloadInvoice.java:70)
at AlphaSenseProject.QAhomeTask.test4_downloadInvoice.tearDown(test4_downloadInvoice.java:70)
at AlphaSenseProject.QAhomeTask.test4_downloadInvoice.tearDown(test4_downloadInvoice.java:70)
at AlphaSenseProject.QAhomeTask.test4_downloadInvoice.tearDown(test4_downloadInvoice.java:70)
at AlphaSenseProject.QAhomeTask.test4_downloadInvoice.tearDown(test4_downloadInvoice.java:70)
at AlphaSenseProject.QAhomeTask.test4_downloadInvoice.tearDown(test4_downloadInvoice.java:70)
at AlphaSenseProject.QAhomeTask.test4_downloadInvoice.tearDown(test4_downloadInvoice.java:70)
at AlphaSenseProject.QAhomeTask.test4_downloadInvoice.tearDown(test4_downloadInvoice.java:70)
at AlphaSenseProject.QAhomeTask.test4_downloadInvoice.tearDown(test4_downloadInvoice.java:70)
at AlphaSenseProject.QAhomeTask.test4_downloadInvoice.tearDown(test4_downloadInvoice.java:70)
at AlphaSenseProject.QAhomeTask.test4_downloadInvoice.tearDown(test4_downloadInvoice.java:70)
at AlphaSenseProject.QAhomeTask.test4_downloadInvoice.tearDown(test4_downloadInvoice.java:70)
at AlphaSenseProject.QAhomeTask.test4_downloadInvoice.tearDown(test4_downloadInvoice.java:70)
at AlphaSenseProject.QAhomeTask.test4_downloadInvoice.tearDown(test4_downloadInvoice.java:70)
at AlphaSenseProject.QAhomeTask.test4_downloadInvoice.tearDown(test4_downloadInvoice.java:70)
at AlphaSenseProject.QAhomeTask.test4_downloadInvoice.tearDown(test4_downloadInvoice.java:70)
at AlphaSenseProject.QAhomeTask.test4_downloadInvoice.tearDown(test4_downloadInvoice.java:70)
at AlphaSenseProject.QAhomeTask.test4_downloadInvoice.tearDown(test4_downloadInvoice.java:70)
at AlphaSenseProject.QAhomeTask.test4_downloadInvoice.tearDown(test4_downloadInvoice.java:70)
at AlphaSenseProject.QAhomeTask.test4_downloadInvoice.tearDown(test4_downloadInvoice.java:70)
at AlphaSenseProject.QAhomeTask.test4_downloadInvoice.tearDown(test4_downloadInvoice.java:70)
at AlphaSenseProject.QAhomeTask.test4_downloadInvoice.tearDown(test4_downloadInvoice.java:70)
at AlphaSenseProject.QAhomeTask.test4_downloadInvoice.tearDown(test4_downloadInvoice.java:70)
at AlphaSenseProject.QAhomeTask.test4_downloadInvoice.tearDown(test4_downloadInvoice.java:70)
at AlphaSenseProject.QAhomeTask.test4_downloadInvoice.tearDown(test4_downloadInvoice.java:70)
at AlphaSenseProject.QAhomeTask.test4_downloadInvoice.tearDown(test4_downloadInvoice.java:70)
at AlphaSenseProject.QAhomeTask.test4_downloadInvoice.tearDown(test4_downloadInvoice.java:70)
at AlphaSenseProject.QAhomeTask.test4_downloadInvoice.tearDown(test4_downloadInvoice.java:70)
at AlphaSenseProject.QAhomeTask.test4_downloadInvoice.tearDown(test4_downloadInvoice.java:70)
at AlphaSenseProject.QAhomeTask.test4_downloadInvoice.tearDown(test4_downloadInvoice.java:70)
at AlphaSenseProject.QAhomeTask.test4_downloadInvoice.tearDown(test4_downloadInvoice.java:70)
at AlphaSenseProject.QAhomeTask.test4_downloadInvoice.tearDown(test4_downloadInvoice.java:70)
at AlphaSenseProject.QAhomeTask.test4_downloadInvoice.tearDown(test4_downloadInvoice.java:70)
at AlphaSenseProject.QAhomeTask.test4_downloadInvoice.tearDown(test4_downloadInvoice.java:70)
at AlphaSenseProject.QAhomeTask.test4_downloadInvoice.tearDown(test4_downloadInvoice.java:70)
at AlphaSenseProject.QAhomeTask.test4_downloadInvoice.tearDown(test4_downloadInvoice.java:70)
at AlphaSenseProject.QAhomeTask.test4_downloadInvoice.tearDown(test4_downloadInvoice.java:70)
at AlphaSenseProject.QAhomeTask.test4_downloadInvoice.tearDown(test4_downloadInvoice.java:70)
at AlphaSenseProject.QAhomeTask.test4_downloadInvoice.tearDown(test4_downloadInvoice.java:70)
at AlphaSenseProject.QAhomeTask.test4_downloadInvoice.tearDown(test4_downloadInvoice.java:70)
at AlphaSenseProject.QAhomeTask.test4_downloadInvoice.tearDown(test4_downloadInvoice.java:70)
at AlphaSenseProject.QAhomeTask.test4_downloadInvoice.tearDown(test4_downloadInvoice.java:70)
at AlphaSenseProject.QAhomeTask.test4_downloadInvoice.tearDown(test4_downloadInvoice.java:70)
at AlphaSenseProject.QAhomeTask.test4_downloadInvoice.tearDown(test4_downloadInvoice.java:70)
at AlphaSenseProject.QAhomeTask.test4_downloadInvoice.tearDown(test4_downloadInvoice.java:70)
at AlphaSenseProject.QAhomeTask.test4_downloadInvoice.tearDown(test4_downloadInvoice.java:70)
at AlphaSenseProject.QAhomeTask.test4_downloadInvoice.tearDown(test4_downloadInvoice.java:70)
at AlphaSenseProject.QAhomeTask.test4_downloadInvoice.tearDown(test4_downloadInvoice.java:70)
at AlphaSenseProject.QAhomeTask.test4_downloadInvoice.tearDown(test4_downloadInvoice.java:70)
at AlphaSenseProject.QAhomeTask.test4_downloadInvoice.tearDown(test4_downloadInvoice.java:70)
at AlphaSenseProject.QAhomeTask.test4_downloadInvoice.tearDown(test4_downloadInvoice.java:70)
at AlphaSenseProject.QAhomeTask.test4_downloadInvoice.tearDown(test4_downloadInvoice.java:70)
at AlphaSenseProject.QAhomeTask.test4_downloadInvoice.tearDown(test4_downloadInvoice.java:70)
at AlphaSenseProject.QAhomeTask.test4_downloadInvoice.tearDown(test4_downloadInvoice.java:70)
at AlphaSenseProject.QAhomeTask.test4_downloadInvoice.tearDown(test4_downloadInvoice.java:70)
at AlphaSenseProject.QAhomeTask.test4_downloadInvoice.tearDown(test4_downloadInvoice.java:70)
at AlphaSenseProject.QAhomeTask.test4_downloadInvoice.tearDown(test4_downloadInvoice.java:70)
at AlphaSenseProject.QAhomeTask.test4_downloadInvoice.tearDown(test4_downloadInvoice.java:70)
at AlphaSenseProject.QAhomeTask.test4_downloadInvoice.tearDown(test4_downloadInvoice.java:70)
at AlphaSenseProject.QAhomeTask.test4_downloadInvoice.tearDown(test4_downloadInvoice.java:70)
at AlphaSenseProject.QAhomeTask.test4_downloadInvoice.tearDown(test4_downloadInvoice.java:70)
at AlphaSenseProject.QAhomeTask.test4_downloadInvoice.tearDown(test4_downloadInvoice.java:70)
at AlphaSenseProject.QAhomeTask.test4_downloadInvoice.tearDown(test4_downloadInvoice.java:70)
at AlphaSenseProject.QAhomeTask.test4_downloadInvoice.tearDown(test4_downloadInvoice.java:70)
at AlphaSenseProject.QAhomeTask.test4_downloadInvoice.tearDown(test4_downloadInvoice.java:70)
at AlphaSenseProject.QAhomeTask.test4_downloadInvoice.tearDown(test4_downloadInvoice.java:70)
at AlphaSenseProject.QAhomeTask.test4_downloadInvoice.tearDown(test4_downloadInvoice.java:70)
at AlphaSenseProject.QAhomeTask.test4_downloadInvoice.tearDown(test4_downloadInvoice.java:70)
at AlphaSenseProject.QAhomeTask.test4_downloadInvoice.tearDown(test4_downloadInvoice.java:70)
at AlphaSenseProject.QAhomeTask.test4_downloadInvoice.tearDown(test4_downloadInvoice.java:70)
at AlphaSenseProject.QAhomeTask.test4_downloadInvoice.tearDown(test4_downloadInvoice.java:70)
at AlphaSenseProject.QAhomeTask.test4_downloadInvoice.tearDown(test4_downloadInvoice.java:70)
at AlphaSenseProject.QAhomeTask.test4_downloadInvoice.tearDown(test4_downloadInvoice.java:70)
at AlphaSenseProject.QAhomeTask.test4_downloadInvoice.tearDown(test4_downloadInvoice.java:70)
at AlphaSenseProject.QAhomeTask.test4_downloadInvoice.tearDown(test4_downloadInvoice.java:70)
at AlphaSenseProject.QAhomeTask.test4_downloadInvoice.tearDown(test4_downloadInvoice.java:70)
at AlphaSenseProject.QAhomeTask.test4_downloadInvoice.tearDown(test4_downloadInvoice.java:70)
at AlphaSenseProject.QAhomeTask.test4_downloadInvoice.tearDown(test4_downloadInvoice.java:70)
at AlphaSenseProject.QAhomeTask.test4_downloadInvoice.tearDown(test4_downloadInvoice.java:70)
at AlphaSenseProject.QAhomeTask.test4_downloadInvoice.tearDown(test4_downloadInvoice.java:70)
at AlphaSenseProject.QAhomeTask.test4_downloadInvoice.tearDown(test4_downloadInvoice.java:70)
at AlphaSenseProject.QAhomeTask.test4_downloadInvoice.tearDown(test4_downloadInvoice.java:70)
at AlphaSenseProject.QAhomeTask.test4_downloadInvoice.tearDown(test4_downloadInvoice.java:70)
at AlphaSenseProject.QAhomeTask.test4_downloadInvoice.tearDown(test4_downloadInvoice.java:70)
at AlphaSenseProject.QAhomeTask.test4_downloadInvoice.tearDown(test4_downloadInvoice.java:70)
at AlphaSenseProject.QAhomeTask.test4_downloadInvoice.tearDown(test4_downloadInvoice.java:70)
at AlphaSenseProject.QAhomeTask.test4_downloadInvoice.tearDown(test4_downloadInvoice.java:70)
at AlphaSenseProject.QAhomeTask.test4_downloadInvoice.tearDown(test4_downloadInvoice.java:70)
at AlphaSenseProject.QAhomeTask.test4_downloadInvoice.tearDown(test4_downloadInvoice.java:70)
at AlphaSenseProject.QAhomeTask.test4_downloadInvoice.tearDown(test4_downloadInvoice.java:70)
at AlphaSenseProject.QAhomeTask.test4_downloadInvoice.tearDown(test4_downloadInvoice.java:70)
at AlphaSenseProject.QAhomeTask.test4_downloadInvoice.tearDown(test4_downloadInvoice.java:70)
at AlphaSenseProject.QAhomeTask.test4_downloadInvoice.tearDown(test4_downloadInvoice.java:70)
at AlphaSenseProject.QAhomeTask.test4_downloadInvoice.tearDown(test4_downloadInvoice.java:70)
at AlphaSenseProject.QAhomeTask.test4_downloadInvoice.tearDown(test4_downloadInvoice.java:70)
at AlphaSenseProject.QAhomeTask.test4_downloadInvoice.tearDown(test4_downloadInvoice.java:70)
at AlphaSenseProject.QAhomeTask.test4_downloadInvoice.tearDown(test4_downloadInvoice.java:70)
at AlphaSenseProject.QAhomeTask.test4_downloadInvoice.tearDown(test4_downloadInvoice.java:70)
at AlphaSenseProject.QAhomeTask.test4_downloadInvoice.tearDown(test4_downloadInvoice.java:70)
at AlphaSenseProject.QAhomeTask.test4_downloadInvoice.tearDown(test4_downloadInvoice.java:70)
at AlphaSenseProject.QAhomeTask.test4_downloadInvoice.tearDown(test4_downloadInvoice.java:70)
at AlphaSenseProject.QAhomeTask.test4_downloadInvoice.tearDown(test4_downloadInvoice.java:70)
at AlphaSenseProject.QAhomeTask.test4_downloadInvoice.tearDown(test4_downloadInvoice.java:70)
at AlphaSenseProject.QAhomeTask.test4_downloadInvoice.tearDown(test4_downloadInvoice.java:70)
at AlphaSenseProject.QAhomeTask.test4_downloadInvoice.tearDown(test4_downloadInvoice.java:70)
at AlphaSenseProject.QAhomeTask.test4_downloadInvoice.tearDown(test4_downloadInvoice.java:70)
at AlphaSenseProject.QAhomeTask.test4_downloadInvoice.tearDown(test4_downloadInvoice.java:70)
at AlphaSenseProject.QAhomeTask.test4_downloadInvoice.tearDown(test4_downloadInvoice.java:70)
at AlphaSenseProject.QAhomeTask.test4_downloadInvoice.tearDown(test4_downloadInvoice.java:70)
at AlphaSenseProject.QAhomeTask.test4_downloadInvoice.tearDown(test4_downloadInvoice.java:70)
at AlphaSenseProject.QAhomeTask.test4_downloadInvoice.tearDown(test4_downloadInvoice.java:70)
at AlphaSenseProject.QAhomeTask.test4_downloadInvoice.tearDown(test4_downloadInvoice.java:70)
at AlphaSenseProject.QAhomeTask.test4_downloadInvoice.tearDown(test4_downloadInvoice.java:70)
at AlphaSenseProject.QAhomeTask.test4_downloadInvoice.tearDown(test4_downloadInvoice.java:70)
at AlphaSenseProject.QAhomeTask.test4_downloadInvoice.tearDown(test4_downloadInvoice.java:70)
at AlphaSenseProject.QAhomeTask.test4_downloadInvoice.tearDown(test4_downloadInvoice.java:70)
at AlphaSenseProject.QAhomeTask.test4_downloadInvoice.tearDown(test4_downloadInvoice.java:70)
at AlphaSenseProject.QAhomeTask.test4_downloadInvoice.tearDown(test4_downloadInvoice.java:70)
at AlphaSenseProject.QAhomeTask.test4_downloadInvoice.tearDown(test4_downloadInvoice.java:70)
at AlphaSenseProject.QAhomeTask.test4_downloadInvoice.tearDown(test4_downloadInvoice.java:70)
at AlphaSenseProject.QAhomeTask.test4_downloadInvoice.tearDown(test4_downloadInvoice.java:70)
at AlphaSenseProject.QAhomeTask.test4_downloadInvoice.tearDown(test4_downloadInvoice.java:70)
at AlphaSenseProject.QAhomeTask.test4_downloadInvoice.tearDown(test4_downloadInvoice.java:70)
at AlphaSenseProject.QAhomeTask.test4_downloadInvoice.tearDown(test4_downloadInvoice.java:70)
at AlphaSenseProject.QAhomeTask.test4_downloadInvoice.tearDown(test4_downloadInvoice.java:70)
at AlphaSenseProject.QAhomeTask.test4_downloadInvoice.tearDown(test4_downloadInvoice.java:70)
at AlphaSenseProject.QAhomeTask.test4_downloadInvoice.tearDown(test4_downloadInvoice.java:70)
at AlphaSenseProject.QAhomeTask.test4_downloadInvoice.tearDown(test4_downloadInvoice.java:70)
at AlphaSenseProject.QAhomeTask.test4_downloadInvoice.tearDown(test4_downloadInvoice.java:70)
at AlphaSenseProject.QAhomeTask.test4_downloadInvoice.tearDown(test4_downloadInvoice.java:70)
at AlphaSenseProject.QAhomeTask.test4_downloadInvoice.tearDown(test4_downloadInvoice.java:70)
at AlphaSenseProject.QAhomeTask.test4_downloadInvoice.tearDown(test4_downloadInvoice.java:70)
at AlphaSenseProject.QAhomeTask.test4_downloadInvoice.tearDown(test4_downloadInvoice.java:70)
at AlphaSenseProject.QAhomeTask.test4_downloadInvoice.tearDown(test4_downloadInvoice.java:70)
at AlphaSenseProject.QAhomeTask.test4_downloadInvoice.tearDown(test4_downloadInvoice.java:70)
at AlphaSenseProject.QAhomeTask.test4_downloadInvoice.tearDown(test4_downloadInvoice.java:70)
at AlphaSenseProject.QAhomeTask.test4_downloadInvoice.tearDown(test4_downloadInvoice.java:70)
at AlphaSenseProject.QAhomeTask.test4_downloadInvoice.tearDown(test4_downloadInvoice.java:70)
at AlphaSenseProject.QAhomeTask.test4_downloadInvoice.tearDown(test4_downloadInvoice.java:70)
at AlphaSenseProject.QAhomeTask.test4_downloadInvoice.tearDown(test4_downloadInvoice.java:70)
at AlphaSenseProject.QAhomeTask.test4_downloadInvoice.tearDown(test4_downloadInvoice.java:70)
at AlphaSenseProject.QAhomeTask.test4_downloadInvoice.tearDown(test4_downloadInvoice.java:70)
at AlphaSenseProject.QAhomeTask.test4_downloadInvoice.tearDown(test4_downloadInvoice.java:70)
at AlphaSenseProject.QAhomeTask.test4_downloadInvoice.tearDown(test4_downloadInvoice.java:70)
at AlphaSenseProject.QAhomeTask.test4_downloadInvoice.tearDown(test4_downloadInvoice.java:70)
at AlphaSenseProject.QAhomeTask.test4_downloadInvoice.tearDown(test4_downloadInvoice.java:70)
at AlphaSenseProject.QAhomeTask.test4_downloadInvoice.tearDown(test4_downloadInvoice.java:70)
at AlphaSenseProject.QAhomeTask.test4_downloadInvoice.tearDown(test4_downloadInvoice.java:70)
at AlphaSenseProject.QAhomeTask.test4_downloadInvoice.tearDown(test4_downloadInvoice.java:70)
at AlphaSenseProject.QAhomeTask.test4_downloadInvoice.tearDown(test4_downloadInvoice.java:70)
at AlphaSenseProject.QAhomeTask.test4_downloadInvoice.tearDown(test4_downloadInvoice.java:70)
at AlphaSenseProject.QAhomeTask.test4_downloadInvoice.tearDown(test4_downloadInvoice.java:70)
at AlphaSenseProject.QAhomeTask.test4_downloadInvoice.tearDown(test4_downloadInvoice.java:70)
at AlphaSenseProject.QAhomeTask.test4_downloadInvoice.tearDown(test4_downloadInvoice.java:70)
at AlphaSenseProject.QAhomeTask.test4_downloadInvoice.tearDown(test4_downloadInvoice.java:70)
at AlphaSenseProject.QAhomeTask.test4_downloadInvoice.tearDown(test4_downloadInvoice.java:70)
at AlphaSenseProject.QAhomeTask.test4_downloadInvoice.tearDown(test4_downloadInvoice.java:70)
at AlphaSenseProject.QAhomeTask.test4_downloadInvoice.tearDown(test4_downloadInvoice.java:70)
at AlphaSenseProject.QAhomeTask.test4_downloadInvoice.tearDown(test4_downloadInvoice.java:70)
at AlphaSenseProject.QAhomeTask.test4_downloadInvoice.tearDown(test4_downloadInvoice.java:70)
at AlphaSenseProject.QAhomeTask.test4_downloadInvoice.tearDown(test4_downloadInvoice.java:70)
at AlphaSenseProject.QAhomeTask.test4_downloadInvoice.tearDown(test4_downloadInvoice.java:70)
at AlphaSenseProject.QAhomeTask.test4_downloadInvoice.tearDown(test4_downloadInvoice.java:70)
at AlphaSenseProject.QAhomeTask.test4_downloadInvoice.tearDown(test4_downloadInvoice.java:70)
at AlphaSenseProject.QAhomeTask.test4_downloadInvoice.tearDown(test4_downloadInvoice.java:70)
at AlphaSenseProject.QAhomeTask.test4_downloadInvoice.tearDown(test4_downloadInvoice.java:70)
at AlphaSenseProject.QAhomeTask.test4_downloadInvoice.tearDown(test4_downloadInvoice.java:70)
at AlphaSenseProject.QAhomeTask.test4_downloadInvoice.tearDown(test4_downloadInvoice.java:70)
at AlphaSenseProject.QAhomeTask.test4_downloadInvoice.tearDown(test4_downloadInvoice.java:70)
at AlphaSenseProject.QAhomeTask.test4_downloadInvoice.tearDown(test4_downloadInvoice.java:70)
at AlphaSenseProject.QAhomeTask.test4_downloadInvoice.tearDown(test4_downloadInvoice.java:70)
at AlphaSenseProject.QAhomeTask.test4_downloadInvoice.tearDown(test4_downloadInvoice.java:70)
at AlphaSenseProject.QAhomeTask.test4_downloadInvoice.tearDown(test4_downloadInvoice.java:70)
at AlphaSenseProject.QAhomeTask.test4_downloadInvoice.tearDown(test4_downloadInvoice.java:70)
at AlphaSenseProject.QAhomeTask.test4_downloadInvoice.tearDown(test4_downloadInvoice.java:70)
at AlphaSenseProject.QAhomeTask.test4_downloadInvoice.tearDown(test4_downloadInvoice.java:70)
at AlphaSenseProject.QAhomeTask.test4_downloadInvoice.tearDown(test4_downloadInvoice.java:70)
at AlphaSenseProject.QAhomeTask.test4_downloadInvoice.tearDown(test4_downloadInvoice.java:70)
at AlphaSenseProject.QAhomeTask.test4_downloadInvoice.tearDown(test4_downloadInvoice.java:70)
at AlphaSenseProject.QAhomeTask.test4_downloadInvoice.tearDown(test4_downloadInvoice.java:70)
at AlphaSenseProject.QAhomeTask.test4_downloadInvoice.tearDown(test4_downloadInvoice.java:70)
at AlphaSenseProject.QAhomeTask.test4_downloadInvoice.tearDown(test4_downloadInvoice.java:70)
at AlphaSenseProject.QAhomeTask.test4_downloadInvoice.tearDown(test4_downloadInvoice.java:70)
at AlphaSenseProject.QAhomeTask.test4_downloadInvoice.tearDown(test4_downloadInvoice.java:70)
at AlphaSenseProject.QAhomeTask.test4_downloadInvoice.tearDown(test4_downloadInvoice.java:70)
at AlphaSenseProject.QAhomeTask.test4_downloadInvoice.tearDown(test4_downloadInvoice.java:70)
at AlphaSenseProject.QAhomeTask.test4_downloadInvoice.tearDown(test4_downloadInvoice.java:70)
at AlphaSenseProject.QAhomeTask.test4_downloadInvoice.tearDown(test4_downloadInvoice.java:70)
at AlphaSenseProject.QAhomeTask.test4_downloadInvoice.tearDown(test4_downloadInvoice.java:70)
at AlphaSenseProject.QAhomeTask.test4_downloadInvoice.tearDown(test4_downloadInvoice.java:70)
at AlphaSenseProject.QAhomeTask.test4_downloadInvoice.tearDown(test4_downloadInvoice.java:70)
at AlphaSenseProject.QAhomeTask.test4_downloadInvoice.tearDown(test4_downloadInvoice.java:70)
at AlphaSenseProject.QAhomeTask.test4_downloadInvoice.tearDown(test4_downloadInvoice.java:70)
at AlphaSenseProject.QAhomeTask.test4_downloadInvoice.tearDown(test4_downloadInvoice.java:70)
at AlphaSenseProject.QAhomeTask.test4_downloadInvoice.tearDown(test4_downloadInvoice.java:70)
at AlphaSenseProject.QAhomeTask.test4_downloadInvoice.tearDown(test4_downloadInvoice.java:70)
at AlphaSenseProject.QAhomeTask.test4_downloadInvoice.tearDown(test4_downloadInvoice.java:70)
at AlphaSenseProject.QAhomeTask.test4_downloadInvoice.tearDown(test4_downloadInvoice.java:70)
at AlphaSenseProject.QAhomeTask.test4_downloadInvoice.tearDown(test4_downloadInvoice.java:70)
at AlphaSenseProject.QAhomeTask.test4_downloadInvoice.tearDown(test4_downloadInvoice.java:70)
at AlphaSenseProject.QAhomeTask.test4_downloadInvoice.tearDown(test4_downloadInvoice.java:70)
at AlphaSenseProject.QAhomeTask.test4_downloadInvoice.tearDown(test4_downloadInvoice.java:70)
at AlphaSenseProject.QAhomeTask.test4_downloadInvoice.tearDown(test4_downloadInvoice.java:70)
at AlphaSenseProject.QAhomeTask.test4_downloadInvoice.tearDown(test4_downloadInvoice.java:70)
at AlphaSenseProject.QAhomeTask.test4_downloadInvoice.tearDown(test4_downloadInvoice.java:70)
at AlphaSenseProject.QAhomeTask.test4_downloadInvoice.tearDown(test4_downloadInvoice.java:70)
at AlphaSenseProject.QAhomeTask.test4_downloadInvoice.tearDown(test4_downloadInvoice.java:70)
at AlphaSenseProject.QAhomeTask.test4_downloadInvoice.tearDown(test4_downloadInvoice.java:70)
at AlphaSenseProject.QAhomeTask.test4_downloadInvoice.tearDown(test4_downloadInvoice.java:70)
at AlphaSenseProject.QAhomeTask.test4_downloadInvoice.tearDown(test4_downloadInvoice.java:70)
at AlphaSenseProject.QAhomeTask.test4_downloadInvoice.tearDown(test4_downloadInvoice.java:70)
at AlphaSenseProject.QAhomeTask.test4_downloadInvoice.tearDown(test4_downloadInvoice.java:70)
at AlphaSenseProject.QAhomeTask.test4_downloadInvoice.tearDown(test4_downloadInvoice.java:70)
at AlphaSenseProject.QAhomeTask.test4_downloadInvoice.tearDown(test4_downloadInvoice.java:70)
at AlphaSenseProject.QAhomeTask.test4_downloadInvoice.tearDown(test4_downloadInvoice.java:70)
at AlphaSenseProject.QAhomeTask.test4_downloadInvoice.tearDown(test4_downloadInvoice.java:70)
at AlphaSenseProject.QAhomeTask.test4_downloadInvoice.tearDown(test4_downloadInvoice.java:70)
at AlphaSenseProject.QAhomeTask.test4_downloadInvoice.tearDown(test4_downloadInvoice.java:70)
at AlphaSenseProject.QAhomeTask.test4_downloadInvoice.tearDown(test4_downloadInvoice.java:70)
at AlphaSenseProject.QAhomeTask.test4_downloadInvoice.tearDown(test4_downloadInvoice.java:70)
at AlphaSenseProject.QAhomeTask.test4_downloadInvoice.tearDown(test4_downloadInvoice.java:70)
at AlphaSenseProject.QAhomeTask.test4_downloadInvoice.tearDown(test4_downloadInvoice.java:70)
at AlphaSenseProject.QAhomeTask.test4_downloadInvoice.tearDown(test4_downloadInvoice.java:70)
at AlphaSenseProject.QAhomeTask.test4_downloadInvoice.tearDown(test4_downloadInvoice.java:70)
at AlphaSenseProject.QAhomeTask.test4_downloadInvoice.tearDown(test4_downloadInvoice.java:70)
at AlphaSenseProject.QAhomeTask.test4_downloadInvoice.tearDown(test4_downloadInvoice.java:70)
at AlphaSenseProject.QAhomeTask.test4_downloadInvoice.tearDown(test4_downloadInvoice.java:70)
at AlphaSenseProject.QAhomeTask.test4_downloadInvoice.tearDown(test4_downloadInvoice.java:70)
at AlphaSenseProject.QAhomeTask.test4_downloadInvoice.tearDown(test4_downloadInvoice.java:70)
at AlphaSenseProject.QAhomeTask.test4_downloadInvoice.tearDown(test4_downloadInvoice.java:70)
at AlphaSenseProject.QAhomeTask.test4_downloadInvoice.tearDown(test4_downloadInvoice.java:70)
at AlphaSenseProject.QAhomeTask.test4_downloadInvoice.tearDown(test4_downloadInvoice.java:70)
at AlphaSenseProject.QAhomeTask.test4_downloadInvoice.tearDown(test4_downloadInvoice.java:70)
at AlphaSenseProject.QAhomeTask.test4_downloadInvoice.tearDown(test4_downloadInvoice.java:70)
at AlphaSenseProject.QAhomeTask.test4_downloadInvoice.tearDown(test4_downloadInvoice.java:70)
at AlphaSenseProject.QAhomeTask.test4_downloadInvoice.tearDown(test4_downloadInvoice.java:70)
at AlphaSenseProject.QAhomeTask.test4_downloadInvoice.tearDown(test4_downloadInvoice.java:70)
at AlphaSenseProject.QAhomeTask.test4_downloadInvoice.tearDown(test4_downloadInvoice.java:70)
at AlphaSenseProject.QAhomeTask.test4_downloadInvoice.tearDown(test4_downloadInvoice.java:70)
at AlphaSenseProject.QAhomeTask.test4_downloadInvoice.tearDown(test4_downloadInvoice.java:70)
at AlphaSenseProject.QAhomeTask.test4_downloadInvoice.tearDown(test4_downloadInvoice.java:70)
at AlphaSenseProject.QAhomeTask.test4_downloadInvoice.tearDown(test4_downloadInvoice.java:70)
at AlphaSenseProject.QAhomeTask.test4_downloadInvoice.tearDown(test4_downloadInvoice.java:70)
at AlphaSenseProject.QAhomeTask.test4_downloadInvoice.tearDown(test4_downloadInvoice.java:70)
at AlphaSenseProject.QAhomeTask.test4_downloadInvoice.tearDown(test4_downloadInvoice.java:70)
at AlphaSenseProject.QAhomeTask.test4_downloadInvoice.tearDown(test4_downloadInvoice.java:70)
at AlphaSenseProject.QAhomeTask.test4_downloadInvoice.tearDown(test4_downloadInvoice.java:70)
at AlphaSenseProject.QAhomeTask.test4_downloadInvoice.tearDown(test4_downloadInvoice.java:70)
at AlphaSenseProject.QAhomeTask.test4_downloadInvoice.tearDown(test4_downloadInvoice.java:70)
at AlphaSenseProject.QAhomeTask.test4_downloadInvoice.tearDown(test4_downloadInvoice.java:70)
at AlphaSenseProject.QAhomeTask.test4_downloadInvoice.tearDown(test4_downloadInvoice.java:70)
at AlphaSenseProject.QAhomeTask.test4_downloadInvoice.tearDown(test4_downloadInvoice.java:70)
at AlphaSenseProject.QAhomeTask.test4_downloadInvoice.tearDown(test4_downloadInvoice.java:70)
at AlphaSenseProject.QAhomeTask.test4_downloadInvoice.tearDown(test4_downloadInvoice.java:70)
at AlphaSenseProject.QAhomeTask.test4_downloadInvoice.tearDown(test4_downloadInvoice.java:70)
at AlphaSenseProject.QAhomeTask.test4_downloadInvoice.tearDown(test4_downloadInvoice.java:70)
at AlphaSenseProject.QAhomeTask.test4_downloadInvoice.tearDown(test4_downloadInvoice.java:70)
at AlphaSenseProject.QAhomeTask.test4_downloadInvoice.tearDown(test4_downloadInvoice.java:70)
at AlphaSenseProject.QAhomeTask.test4_downloadInvoice.tearDown(test4_downloadInvoice.java:70)
at AlphaSenseProject.QAhomeTask.test4_downloadInvoice.tearDown(test4_downloadInvoice.java:70)
at AlphaSenseProject.QAhomeTask.test4_downloadInvoice.tearDown(test4_downloadInvoice.java:70)
at AlphaSenseProject.QAhomeTask.test4_downloadInvoice.tearDown(test4_downloadInvoice.java:70)
at AlphaSenseProject.QAhomeTask.test4_downloadInvoice.tearDown(test4_downloadInvoice.java:70)
at AlphaSenseProject.QAhomeTask.test4_downloadInvoice.tearDown(test4_downloadInvoice.java:70)
at AlphaSenseProject.QAhomeTask.test4_downloadInvoice.tearDown(test4_downloadInvoice.java:70)
at AlphaSenseProject.QAhomeTask.test4_downloadInvoice.tearDown(test4_downloadInvoice.java:70)
at AlphaSenseProject.QAhomeTask.test4_downloadInvoice.tearDown(test4_downloadInvoice.java:70)
at AlphaSenseProject.QAhomeTask.test4_downloadInvoice.tearDown(test4_downloadInvoice.java:70)
at AlphaSenseProject.QAhomeTask.test4_downloadInvoice.tearDown(test4_downloadInvoice.java:70)
at AlphaSenseProject.QAhomeTask.test4_downloadInvoice.tearDown(test4_downloadInvoice.java:70)
at AlphaSenseProject.QAhomeTask.test4_downloadInvoice.tearDown(test4_downloadInvoice.java:70)
at AlphaSenseProject.QAhomeTask.test4_downloadInvoice.tearDown(test4_downloadInvoice.java:70)
at AlphaSenseProject.QAhomeTask.test4_downloadInvoice.tearDown(test4_downloadInvoice.java:70)
at AlphaSenseProject.QAhomeTask.test4_downloadInvoice.tearDown(test4_downloadInvoice.java:70)
at AlphaSenseProject.QAhomeTask.test4_downloadInvoice.tearDown(test4_downloadInvoice.java:70)
at AlphaSenseProject.QAhomeTask.test4_downloadInvoice.tearDown(test4_downloadInvoice.java:70)
at AlphaSenseProject.QAhomeTask.test4_downloadInvoice.tearDown(test4_downloadInvoice.java:70)
at AlphaSenseProject.QAhomeTask.test4_downloadInvoice.tearDown(test4_downloadInvoice.java:70)
at AlphaSenseProject.QAhomeTask.test4_downloadInvoice.tearDown(test4_downloadInvoice.java:70)
at AlphaSenseProject.QAhomeTask.test4_downloadInvoice.tearDown(test4_downloadInvoice.java:70)
at AlphaSenseProject.QAhomeTask.test4_downloadInvoice.tearDown(test4_downloadInvoice.java:70)
at AlphaSenseProject.QAhomeTask.test4_downloadInvoice.tearDown(test4_downloadInvoice.java:70)
at AlphaSenseProject.QAhomeTask.test4_downloadInvoice.tearDown(test4_downloadInvoice.java:70)
at AlphaSenseProject.QAhomeTask.test4_downloadInvoice.tearDown(test4_downloadInvoice.java:70)
at AlphaSenseProject.QAhomeTask.test4_downloadInvoice.tearDown(test4_downloadInvoice.java:70)
at AlphaSenseProject.QAhomeTask.test4_downloadInvoice.tearDown(test4_downloadInvoice.java:70)
at AlphaSenseProject.QAhomeTask.test4_downloadInvoice.tearDown(test4_downloadInvoice.java:70)
at AlphaSenseProject.QAhomeTask.test4_downloadInvoice.tearDown(test4_downloadInvoice.java:70)
at AlphaSenseProject.QAhomeTask.test4_downloadInvoice.tearDown(test4_downloadInvoice.java:70)
at AlphaSenseProject.QAhomeTask.test4_downloadInvoice.tearDown(test4_downloadInvoice.java:70)
at AlphaSenseProject.QAhomeTask.test4_downloadInvoice.tearDown(test4_downloadInvoice.java:70)
at AlphaSenseProject.QAhomeTask.test4_downloadInvoice.tearDown(test4_downloadInvoice.java:70)
at AlphaSenseProject.QAhomeTask.test4_downloadInvoice.tearDown(test4_downloadInvoice.java:70)
at AlphaSenseProject.QAhomeTask.test4_downloadInvoice.tearDown(test4_downloadInvoice.java:70)
at AlphaSenseProject.QAhomeTask.test4_downloadInvoice.tearDown(test4_downloadInvoice.java:70)
at AlphaSenseProject.QAhomeTask.test4_downloadInvoice.tearDown(test4_downloadInvoice.java:70)
at AlphaSenseProject.QAhomeTask.test4_downloadInvoice.tearDown(test4_downloadInvoice.java:70)
at AlphaSenseProject.QAhomeTask.test4_downloadInvoice.tearDown(test4_downloadInvoice.java:70)
at AlphaSenseProject.QAhomeTask.test4_downloadInvoice.tearDown(test4_downloadInvoice.java:70)
at AlphaSenseProject.QAhomeTask.test4_downloadInvoice.tearDown(test4_downloadInvoice.java:70)
at AlphaSenseProject.QAhomeTask.test4_downloadInvoice.tearDown(test4_downloadInvoice.java:70)
at AlphaSenseProject.QAhomeTask.test4_downloadInvoice.tearDown(test4_downloadInvoice.java:70)
at AlphaSenseProject.QAhomeTask.test4_downloadInvoice.tearDown(test4_downloadInvoice.java:70)
at AlphaSenseProject.QAhomeTask.test4_downloadInvoice.tearDown(test4_downloadInvoice.java:70)
at AlphaSenseProject.QAhomeTask.test4_downloadInvoice.tearDown(test4_downloadInvoice.java:70)
at AlphaSenseProject.QAhomeTask.test4_downloadInvoice.tearDown(test4_downloadInvoice.java:70)
at AlphaSenseProject.QAhomeTask.test4_downloadInvoice.tearDown(test4_downloadInvoice.java:70)
at AlphaSenseProject.QAhomeTask.test4_downloadInvoice.tearDown(test4_downloadInvoice.java:70)
at AlphaSenseProject.QAhomeTask.test4_downloadInvoice.tearDown(test4_downloadInvoice.java:70)
at AlphaSenseProject.QAhomeTask.test4_downloadInvoice.tearDown(test4_downloadInvoice.java:70)
at AlphaSenseProject.QAhomeTask.test4_downloadInvoice.tearDown(test4_downloadInvoice.java:70)
at AlphaSenseProject.QAhomeTask.test4_downloadInvoice.tearDown(test4_downloadInvoice.java:70)
at AlphaSenseProject.QAhomeTask.test4_downloadInvoice.tearDown(test4_downloadInvoice.java:70)
at AlphaSenseProject.QAhomeTask.test4_downloadInvoice.tearDown(test4_downloadInvoice.java:70)
at AlphaSenseProject.QAhomeTask.test4_downloadInvoice.tearDown(test4_downloadInvoice.java:70)
at AlphaSenseProject.QAhomeTask.test4_downloadInvoice.tearDown(test4_downloadInvoice.java:70)
at AlphaSenseProject.QAhomeTask.test4_downloadInvoice.tearDown(test4_downloadInvoice.java:70)
at AlphaSenseProject.QAhomeTask.test4_downloadInvoice.tearDown(test4_downloadInvoice.java:70)
at AlphaSenseProject.QAhomeTask.test4_downloadInvoice.tearDown(test4_downloadInvoice.java:70)
at AlphaSenseProject.QAhomeTask.test4_downloadInvoice.tearDown(test4_downloadInvoice.java:70)
at AlphaSenseProject.QAhomeTask.test4_downloadInvoice.tearDown(test4_downloadInvoice.java:70)
at AlphaSenseProject.QAhomeTask.test4_downloadInvoice.tearDown(test4_downloadInvoice.java:70)
at AlphaSenseProject.QAhomeTask.test4_downloadInvoice.tearDown(test4_downloadInvoice.java:70)
at AlphaSenseProject.QAhomeTask.test4_downloadInvoice.tearDown(test4_downloadInvoice.java:70)
at AlphaSenseProject.QAhomeTask.test4_downloadInvoice.tearDown(test4_downloadInvoice.java:70)
at AlphaSenseProject.QAhomeTask.test4_downloadInvoice.tearDown(test4_downloadInvoice.java:70)
at AlphaSenseProject.QAhomeTask.test4_downloadInvoice.tearDown(test4_downloadInvoice.java:70)
at AlphaSenseProject.QAhomeTask.test4_downloadInvoice.tearDown(test4_downloadInvoice.java:70)
at AlphaSenseProject.QAhomeTask.test4_downloadInvoice.tearDown(test4_downloadInvoice.java:70)
at AlphaSenseProject.QAhomeTask.test4_downloadInvoice.tearDown(test4_downloadInvoice.java:70)
at AlphaSenseProject.QAhomeTask.test4_downloadInvoice.tearDown(test4_downloadInvoice.java:70)
at AlphaSenseProject.QAhomeTask.test4_downloadInvoice.tearDown(test4_downloadInvoice.java:70)
at AlphaSenseProject.QAhomeTask.test4_downloadInvoice.tearDown(test4_downloadInvoice.java:70)
at AlphaSenseProject.QAhomeTask.test4_downloadInvoice.tearDown(test4_downloadInvoice.java:70)
at AlphaSenseProject.QAhomeTask.test4_downloadInvoice.tearDown(test4_downloadInvoice.java:70)
at AlphaSenseProject.QAhomeTask.test4_downloadInvoice.tearDown(test4_downloadInvoice.java:70)
at AlphaSenseProject.QAhomeTask.test4_downloadInvoice.tearDown(test4_downloadInvoice.java:70)
at AlphaSenseProject.QAhomeTask.test4_downloadInvoice.tearDown(test4_downloadInvoice.java:70)
at AlphaSenseProject.QAhomeTask.test4_downloadInvoice.tearDown(test4_downloadInvoice.java:70)
at AlphaSenseProject.QAhomeTask.test4_downloadInvoice.tearDown(test4_downloadInvoice.java:70)
at AlphaSenseProject.QAhomeTask.test4_downloadInvoice.tearDown(test4_downloadInvoice.java:70)
at AlphaSenseProject.QAhomeTask.test4_downloadInvoice.tearDown(test4_downloadInvoice.java:70)
at AlphaSenseProject.QAhomeTask.test4_downloadInvoice.tearDown(test4_downloadInvoice.java:70)
at AlphaSenseProject.QAhomeTask.test4_downloadInvoice.tearDown(test4_downloadInvoice.java:70)
at AlphaSenseProject.QAhomeTask.test4_downloadInvoice.tearDown(test4_downloadInvoice.java:70)
at AlphaSenseProject.QAhomeTask.test4_downloadInvoice.tearDown(test4_downloadInvoice.java:70)
at AlphaSenseProject.QAhomeTask.test4_downloadInvoice.tearDown(test4_downloadInvoice.java:70)
at AlphaSenseProject.QAhomeTask.test4_downloadInvoice.tearDown(test4_downloadInvoice.java:70)
at AlphaSenseProject.QAhomeTask.test4_downloadInvoice.tearDown(test4_downloadInvoice.java:70)
at AlphaSenseProject.QAhomeTask.test4_downloadInvoice.tearDown(test4_downloadInvoice.java:70)
at AlphaSenseProject.QAhomeTask.test4_downloadInvoice.tearDown(test4_downloadInvoice.java:70)
at AlphaSenseProject.QAhomeTask.test4_downloadInvoice.tearDown(test4_downloadInvoice.java:70)
at AlphaSenseProject.QAhomeTask.test4_downloadInvoice.tearDown(test4_downloadInvoice.java:70)
at AlphaSenseProject.QAhomeTask.test4_downloadInvoice.tearDown(test4_downloadInvoice.java:70)
at AlphaSenseProject.QAhomeTask.test4_downloadInvoice.tearDown(test4_downloadInvoice.java:70)
at AlphaSenseProject.QAhomeTask.test4_downloadInvoice.tearDown(test4_downloadInvoice.java:70)
at AlphaSenseProject.QAhomeTask.test4_downloadInvoice.tearDown(test4_downloadInvoice.java:70)
at AlphaSenseProject.QAhomeTask.test4_downloadInvoice.tearDown(test4_downloadInvoice.java:70)
at AlphaSenseProject.QAhomeTask.test4_downloadInvoice.tearDown(test4_downloadInvoice.java:70)
at AlphaSenseProject.QAhomeTask.test4_downloadInvoice.tearDown(test4_downloadInvoice.java:70)
at AlphaSenseProject.QAhomeTask.test4_downloadInvoice.tearDown(test4_downloadInvoice.java:70)
at AlphaSenseProject.QAhomeTask.test4_downloadInvoice.tearDown(test4_downloadInvoice.java:70)
at AlphaSenseProject.QAhomeTask.test4_downloadInvoice.tearDown(test4_downloadInvoice.java:70)
at AlphaSenseProject.QAhomeTask.test4_downloadInvoice.tearDown(test4_downloadInvoice.java:70)
at AlphaSenseProject.QAhomeTask.test4_downloadInvoice.tearDown(test4_downloadInvoice.java:70)
at AlphaSenseProject.QAhomeTask.test4_downloadInvoice.tearDown(test4_downloadInvoice.java:70)
at AlphaSenseProject.QAhomeTask.test4_downloadInvoice.tearDown(test4_downloadInvoice.java:70)
at AlphaSenseProject.QAhomeTask.test4_downloadInvoice.tearDown(test4_downloadInvoice.java:70)
at AlphaSenseProject.QAhomeTask.test4_downloadInvoice.tearDown(test4_downloadInvoice.java:70)
at AlphaSenseProject.QAhomeTask.test4_downloadInvoice.tearDown(test4_downloadInvoice.java:70)
at AlphaSenseProject.QAhomeTask.test4_downloadInvoice.tearDown(test4_downloadInvoice.java:70)
at AlphaSenseProject.QAhomeTask.test4_downloadInvoice.tearDown(test4_downloadInvoice.java:70)
at AlphaSenseProject.QAhomeTask.test4_downloadInvoice.tearDown(test4_downloadInvoice.java:70)
at AlphaSenseProject.QAhomeTask.test4_downloadInvoice.tearDown(test4_downloadInvoice.java:70)
at AlphaSenseProject.QAhomeTask.test4_downloadInvoice.tearDown(test4_downloadInvoice.java:70)
at AlphaSenseProject.QAhomeTask.test4_downloadInvoice.tearDown(test4_downloadInvoice.java:70)
at AlphaSenseProject.QAhomeTask.test4_downloadInvoice.tearDown(test4_downloadInvoice.java:70)
at AlphaSenseProject.QAhomeTask.test4_downloadInvoice.tearDown(test4_downloadInvoice.java:70)
at AlphaSenseProject.QAhomeTask.test4_downloadInvoice.tearDown(test4_downloadInvoice.java:70)
at AlphaSenseProject.QAhomeTask.test4_downloadInvoice.tearDown(test4_downloadInvoice.java:70)
at AlphaSenseProject.QAhomeTask.test4_downloadInvoice.tearDown(test4_downloadInvoice.java:70)
at AlphaSenseProject.QAhomeTask.test4_downloadInvoice.tearDown(test4_downloadInvoice.java:70)
at AlphaSenseProject.QAhomeTask.test4_downloadInvoice.tearDown(test4_downloadInvoice.java:70)
at AlphaSenseProject.QAhomeTask.test4_downloadInvoice.tearDown(test4_downloadInvoice.java:70)
at AlphaSenseProject.QAhomeTask.test4_downloadInvoice.tearDown(test4_downloadInvoice.java:70)
at AlphaSenseProject.QAhomeTask.test4_downloadInvoice.tearDown(test4_downloadInvoice.java:70)
at AlphaSenseProject.QAhomeTask.test4_downloadInvoice.tearDown(test4_downloadInvoice.java:70)
at AlphaSenseProject.QAhomeTask.test4_downloadInvoice.tearDown(test4_downloadInvoice.java:70)
at AlphaSenseProject.QAhomeTask.test4_downloadInvoice.tearDown(test4_downloadInvoice.java:70)
at AlphaSenseProject.QAhomeTask.test4_downloadInvoice.tearDown(test4_downloadInvoice.java:70)
at AlphaSenseProject.QAhomeTask.test4_downloadInvoice.tearDown(test4_downloadInvoice.java:70)
at AlphaSenseProject.QAhomeTask.test4_downloadInvoice.tearDown(test4_downloadInvoice.java:70)
at AlphaSenseProject.QAhomeTask.test4_downloadInvoice.tearDown(test4_downloadInvoice.java:70)
at AlphaSenseProject.QAhomeTask.test4_downloadInvoice.tearDown(test4_downloadInvoice.java:70)
at AlphaSenseProject.QAhomeTask.test4_downloadInvoice.tearDown(test4_downloadInvoice.java:70)
at AlphaSenseProject.QAhomeTask.test4_downloadInvoice.tearDown(test4_downloadInvoice.java:70)
at AlphaSenseProject.QAhomeTask.test4_downloadInvoice.tearDown(test4_downloadInvoice.java:70)
at AlphaSenseProject.QAhomeTask.test4_downloadInvoice.tearDown(test4_downloadInvoice.java:70)
at AlphaSenseProject.QAhomeTask.test4_downloadInvoice.tearDown(test4_downloadInvoice.java:70)
at AlphaSenseProject.QAhomeTask.test4_downloadInvoice.tearDown(test4_downloadInvoice.java:70)
at AlphaSenseProject.QAhomeTask.test4_downloadInvoice.tearDown(test4_downloadInvoice.java:70)
at AlphaSenseProject.QAhomeTask.test4_downloadInvoice.tearDown(test4_downloadInvoice.java:70)
at AlphaSenseProject.QAhomeTask.test4_downloadInvoice.tearDown(test4_downloadInvoice.java:70)
at AlphaSenseProject.QAhomeTask.test4_downloadInvoice.tearDown(test4_downloadInvoice.java:70)
at AlphaSenseProject.QAhomeTask.test4_downloadInvoice.tearDown(test4_downloadInvoice.java:70)
at AlphaSenseProject.QAhomeTask.test4_downloadInvoice.tearDown(test4_downloadInvoice.java:70)
at AlphaSenseProject.QAhomeTask.test4_downloadInvoice.tearDown(test4_downloadInvoice.java:70)
at AlphaSenseProject.QAhomeTask.test4_downloadInvoice.tearDown(test4_downloadInvoice.java:70)
at AlphaSenseProject.QAhomeTask.test4_downloadInvoice.tearDown(test4_downloadInvoice.java:70)
at AlphaSenseProject.QAhomeTask.test4_downloadInvoice.tearDown(test4_downloadInvoice.java:70)
at AlphaSenseProject.QAhomeTask.test4_downloadInvoice.tearDown(test4_downloadInvoice.java:70)
at AlphaSenseProject.QAhomeTask.test4_downloadInvoice.tearDown(test4_downloadInvoice.java:70)
at AlphaSenseProject.QAhomeTask.test4_downloadInvoice.tearDown(test4_downloadInvoice.java:70)
at AlphaSenseProject.QAhomeTask.test4_downloadInvoice.tearDown(test4_downloadInvoice.java:70)
at AlphaSenseProject.QAhomeTask.test4_downloadInvoice.tearDown(test4_downloadInvoice.java:70)
at AlphaSenseProject.QAhomeTask.test4_downloadInvoice.tearDown(test4_downloadInvoice.java:70)
at AlphaSenseProject.QAhomeTask.test4_downloadInvoice.tearDown(test4_downloadInvoice.java:70)
at AlphaSenseProject.QAhomeTask.test4_downloadInvoice.tearDown(test4_downloadInvoice.java:70)
at AlphaSenseProject.QAhomeTask.test4_downloadInvoice.tearDown(test4_downloadInvoice.java:70)
at AlphaSenseProject.QAhomeTask.test4_downloadInvoice.tearDown(test4_downloadInvoice.java:70)
at AlphaSenseProject.QAhomeTask.test4_downloadInvoice.tearDown(test4_downloadInvoice.java:70)
at AlphaSenseProject.QAhomeTask.test4_downloadInvoice.tearDown(test4_downloadInvoice.java:70)
at AlphaSenseProject.QAhomeTask.test4_downloadInvoice.tearDown(test4_downloadInvoice.java:70)
at AlphaSenseProject.QAhomeTask.test4_downloadInvoice.tearDown(test4_downloadInvoice.java:70)
at AlphaSenseProject.QAhomeTask.test4_downloadInvoice.tearDown(test4_downloadInvoice.java:70)
at AlphaSenseProject.QAhomeTask.test4_downloadInvoice.tearDown(test4_downloadInvoice.java:70)
at AlphaSenseProject.QAhomeTask.test4_downloadInvoice.tearDown(test4_downloadInvoice.java:70)
at AlphaSenseProject.QAhomeTask.test4_downloadInvoice.tearDown(test4_downloadInvoice.java:70)
at AlphaSenseProject.QAhomeTask.test4_downloadInvoice.tearDown(test4_downloadInvoice.java:70)
at AlphaSenseProject.QAhomeTask.test4_downloadInvoice.tearDown(test4_downloadInvoice.java:70)
at AlphaSenseProject.QAhomeTask.test4_downloadInvoice.tearDown(test4_downloadInvoice.java:70)
at AlphaSenseProject.QAhomeTask.test4_downloadInvoice.tearDown(test4_downloadInvoice.java:70)
at AlphaSenseProject.QAhomeTask.test4_downloadInvoice.tearDown(test4_downloadInvoice.java:70)
at AlphaSenseProject.QAhomeTask.test4_downloadInvoice.tearDown(test4_downloadInvoice.java:70)
at AlphaSenseProject.QAhomeTask.test4_downloadInvoice.tearDown(test4_downloadInvoice.java:70)
at AlphaSenseProject.QAhomeTask.test4_downloadInvoice.tearDown(test4_downloadInvoice.java:70)
at AlphaSenseProject.QAhomeTask.test4_downloadInvoice.tearDown(test4_downloadInvoice.java:70)
at AlphaSenseProject.QAhomeTask.test4_downloadInvoice.tearDown(test4_downloadInvoice.java:70)
at AlphaSenseProject.QAhomeTask.test4_downloadInvoice.tearDown(test4_downloadInvoice.java:70)
at AlphaSenseProject.QAhomeTask.test4_downloadInvoice.tearDown(test4_downloadInvoice.java:70)
at AlphaSenseProject.QAhomeTask.test4_downloadInvoice.tearDown(test4_downloadInvoice.java:70)
at AlphaSenseProject.QAhomeTask.test4_downloadInvoice.tearDown(test4_downloadInvoice.java:70)
at AlphaSenseProject.QAhomeTask.test4_downloadInvoice.tearDown(test4_downloadInvoice.java:70)
at AlphaSenseProject.QAhomeTask.test4_downloadInvoice.tearDown(test4_downloadInvoice.java:70)
at AlphaSenseProject.QAhomeTask.test4_downloadInvoice.tearDown(test4_downloadInvoice.java:70)
at AlphaSenseProject.QAhomeTask.test4_downloadInvoice.tearDown(test4_downloadInvoice.java:70)
at AlphaSenseProject.QAhomeTask.test4_downloadInvoice.tearDown(test4_downloadInvoice.java:70)
at AlphaSenseProject.QAhomeTask.test4_downloadInvoice.tearDown(test4_downloadInvoice.java:70)
at AlphaSenseProject.QAhomeTask.test4_downloadInvoice.tearDown(test4_downloadInvoice.java:70)
at AlphaSenseProject.QAhomeTask.test4_downloadInvoice.tearDown(test4_downloadInvoice.java:70)
at AlphaSenseProject.QAhomeTask.test4_downloadInvoice.tearDown(test4_downloadInvoice.java:70)
at AlphaSenseProject.QAhomeTask.test4_downloadInvoice.tearDown(test4_downloadInvoice.java:70)
at AlphaSenseProject.QAhomeTask.test4_downloadInvoice.tearDown(test4_downloadInvoice.java:70)
at AlphaSenseProject.QAhomeTask.test4_downloadInvoice.tearDown(test4_downloadInvoice.java:70)
at AlphaSenseProject.QAhomeTask.test4_downloadInvoice.tearDown(test4_downloadInvoice.java:70)
at AlphaSenseProject.QAhomeTask.test4_downloadInvoice.tearDown(test4_downloadInvoice.java:70)
at AlphaSenseProject.QAhomeTask.test4_downloadInvoice.tearDown(test4_downloadInvoice.java:70)
at AlphaSenseProject.QAhomeTask.test4_downloadInvoice.tearDown(test4_downloadInvoice.java:70)
at AlphaSenseProject.QAhomeTask.test4_downloadInvoice.tearDown(test4_downloadInvoice.java:70)
at AlphaSenseProject.QAhomeTask.test4_downloadInvoice.tearDown(test4_downloadInvoice.java:70)
at AlphaSenseProject.QAhomeTask.test4_downloadInvoice.tearDown(test4_downloadInvoice.java:70)
at AlphaSenseProject.QAhomeTask.test4_downloadInvoice.tearDown(test4_downloadInvoice.java:70)
at AlphaSenseProject.QAhomeTask.test4_downloadInvoice.tearDown(test4_downloadInvoice.java:70)
at AlphaSenseProject.QAhomeTask.test4_downloadInvoice.tearDown(test4_downloadInvoice.java:70)
at AlphaSenseProject.QAhomeTask.test4_downloadInvoice.tearDown(test4_downloadInvoice.java:70)
at AlphaSenseProject.QAhomeTask.test4_downloadInvoice.tearDown(test4_downloadInvoice.java:70)
at AlphaSenseProject.QAhomeTask.test4_downloadInvoice.tearDown(test4_downloadInvoice.java:70)
at AlphaSenseProject.QAhomeTask.test4_downloadInvoice.tearDown(test4_downloadInvoice.java:70)
at AlphaSenseProject.QAhomeTask.test4_downloadInvoice.tearDown(test4_downloadInvoice.java:70)
at AlphaSenseProject.QAhomeTask.test4_downloadInvoice.tearDown(test4_downloadInvoice.java:70)
at AlphaSenseProject.QAhomeTask.test4_downloadInvoice.tearDown(test4_downloadInvoice.java:70)
at AlphaSenseProject.QAhomeTask.test4_downloadInvoice.tearDown(test4_downloadInvoice.java:70)
at AlphaSenseProject.QAhomeTask.test4_downloadInvoice.tearDown(test4_downloadInvoice.java:70)
at AlphaSenseProject.QAhomeTask.test4_downloadInvoice.tearDown(test4_downloadInvoice.java:70)
at AlphaSenseProject.QAhomeTask.test4_downloadInvoice.tearDown(test4_downloadInvoice.java:70)
at AlphaSenseProject.QAhomeTask.test4_downloadInvoice.tearDown(test4_downloadInvoice.java:70)
at AlphaSenseProject.QAhomeTask.test4_downloadInvoice.tearDown(test4_downloadInvoice.java:70)
at AlphaSenseProject.QAhomeTask.test4_downloadInvoice.tearDown(test4_downloadInvoice.java:70)
at AlphaSenseProject.QAhomeTask.test4_downloadInvoice.tearDown(test4_downloadInvoice.java:70)
at AlphaSenseProject.QAhomeTask.test4_downloadInvoice.tearDown(test4_downloadInvoice.java:70)
at AlphaSenseProject.QAhomeTask.test4_downloadInvoice.tearDown(test4_downloadInvoice.java:70)
at AlphaSenseProject.QAhomeTask.test4_downloadInvoice.tearDown(test4_downloadInvoice.java:70)
at AlphaSenseProject.QAhomeTask.test4_downloadInvoice.tearDown(test4_downloadInvoice.java:70)
at AlphaSenseProject.QAhomeTask.test4_downloadInvoice.tearDown(test4_downloadInvoice.java:70)
at AlphaSenseProject.QAhomeTask.test4_downloadInvoice.tearDown(test4_downloadInvoice.java:70)
at AlphaSenseProject.QAhomeTask.test4_downloadInvoice.tearDown(test4_downloadInvoice.java:70)
at AlphaSenseProject.QAhomeTask.test4_downloadInvoice.tearDown(test4_downloadInvoice.java:70)
at AlphaSenseProject.QAhomeTask.test4_downloadInvoice.tearDown(test4_downloadInvoice.java:70)
at AlphaSenseProject.QAhomeTask.test4_downloadInvoice.tearDown(test4_downloadInvoice.java:70)
at AlphaSenseProject.QAhomeTask.test4_downloadInvoice.tearDown(test4_downloadInvoice.java:70)
at AlphaSenseProject.QAhomeTask.test4_downloadInvoice.tearDown(test4_downloadInvoice.java:70)
at AlphaSenseProject.QAhomeTask.test4_downloadInvoice.tearDown(test4_downloadInvoice.java:70)
at AlphaSenseProject.QAhomeTask.test4_downloadInvoice.tearDown(test4_downloadInvoice.java:70)
at AlphaSenseProject.QAhomeTask.test4_downloadInvoice.tearDown(test4_downloadInvoice.java:70)
at AlphaSenseProject.QAhomeTask.test4_downloadInvoice.tearDown(test4_downloadInvoice.java:70)
at AlphaSenseProject.QAhomeTask.test4_downloadInvoice.tearDown(test4_downloadInvoice.java:70)
at AlphaSenseProject.QAhomeTask.test4_downloadInvoice.tearDown(test4_downloadInvoice.java:70)
at AlphaSenseProject.QAhomeTask.test4_downloadInvoice.tearDown(test4_downloadInvoice.java:70)
at AlphaSenseProject.QAhomeTask.test4_downloadInvoice.tearDown(test4_downloadInvoice.java:70)
at AlphaSenseProject.QAhomeTask.test4_downloadInvoice.tearDown(test4_downloadInvoice.java:70)
at AlphaSenseProject.QAhomeTask.test4_downloadInvoice.tearDown(test4_downloadInvoice.java:70)
at AlphaSenseProject.QAhomeTask.test4_downloadInvoice.tearDown(test4_downloadInvoice.java:70)
at AlphaSenseProject.QAhomeTask.test4_downloadInvoice.tearDown(test4_downloadInvoice.java:70)
at AlphaSenseProject.QAhomeTask.test4_downloadInvoice.tearDown(test4_downloadInvoice.java:70)
at AlphaSenseProject.QAhomeTask.test4_downloadInvoice.tearDown(test4_downloadInvoice.java:70)
at AlphaSenseProject.QAhomeTask.test4_downloadInvoice.tearDown(test4_downloadInvoice.java:70)
at AlphaSenseProject.QAhomeTask.test4_downloadInvoice.tearDown(test4_downloadInvoice.java:70)
at AlphaSenseProject.QAhomeTask.test4_downloadInvoice.tearDown(test4_downloadInvoice.java:70)
at AlphaSenseProject.QAhomeTask.test4_downloadInvoice.tearDown(test4_downloadInvoice.java:70)
at AlphaSenseProject.QAhomeTask.test4_downloadInvoice.tearDown(test4_downloadInvoice.java:70)
at AlphaSenseProject.QAhomeTask.test4_downloadInvoice.tearDown(test4_downloadInvoice.java:70)
at AlphaSenseProject.QAhomeTask.test4_downloadInvoice.tearDown(test4_downloadInvoice.java:70)
at AlphaSenseProject.QAhomeTask.test4_downloadInvoice.tearDown(test4_downloadInvoice.java:70)
at AlphaSenseProject.QAhomeTask.test4_downloadInvoice.tearDown(test4_downloadInvoice.java:70)
at AlphaSenseProject.QAhomeTask.test4_downloadInvoice.tearDown(test4_downloadInvoice.java:70)
at AlphaSenseProject.QAhomeTask.test4_downloadInvoice.tearDown(test4_downloadInvoice.java:70)
at AlphaSenseProject.QAhomeTask.test4_downloadInvoice.tearDown(test4_downloadInvoice.java:70)
at AlphaSenseProject.QAhomeTask.test4_downloadInvoice.tearDown(test4_downloadInvoice.java:70)
at AlphaSenseProject.QAhomeTask.test4_downloadInvoice.tearDown(test4_downloadInvoice.java:70)
at AlphaSenseProject.QAhomeTask.test4_downloadInvoice.tearDown(test4_downloadInvoice.java:70)
at AlphaSenseProject.QAhomeTask.test4_downloadInvoice.tearDown(test4_downloadInvoice.java:70)
at AlphaSenseProject.QAhomeTask.test4_downloadInvoice.tearDown(test4_downloadInvoice.java:70)
at AlphaSenseProject.QAhomeTask.test4_downloadInvoice.tearDown(test4_downloadInvoice.java:70)
at AlphaSenseProject.QAhomeTask.test4_downloadInvoice.tearDown(test4_downloadInvoice.java:70)
at AlphaSenseProject.QAhomeTask.test4_downloadInvoice.tearDown(test4_downloadInvoice.java:70)
at AlphaSenseProject.QAhomeTask.test4_downloadInvoice.tearDown(test4_downloadInvoice.java:70)
at AlphaSenseProject.QAhomeTask.test4_downloadInvoice.tearDown(test4_downloadInvoice.java:70)
at AlphaSenseProject.QAhomeTask.test4_downloadInvoice.tearDown(test4_downloadInvoice.java:70)
at AlphaSenseProject.QAhomeTask.test4_downloadInvoice.tearDown(test4_downloadInvoice.java:70)
at AlphaSenseProject.QAhomeTask.test4_downloadInvoice.tearDown(test4_downloadInvoice.java:70)
at AlphaSenseProject.QAhomeTask.test4_downloadInvoice.tearDown(test4_downloadInvoice.java:70)
at AlphaSenseProject.QAhomeTask.test4_downloadInvoice.tearDown(test4_downloadInvoice.java:70)
at AlphaSenseProject.QAhomeTask.test4_downloadInvoice.tearDown(test4_downloadInvoice.java:70)
at AlphaSenseProject.QAhomeTask.test4_downloadInvoice.tearDown(test4_downloadInvoice.java:70)
at AlphaSenseProject.QAhomeTask.test4_downloadInvoice.tearDown(test4_downloadInvoice.java:70)
at AlphaSenseProject.QAhomeTask.test4_downloadInvoice.tearDown(test4_downloadInvoice.java:70)
at AlphaSenseProject.QAhomeTask.test4_downloadInvoice.tearDown(test4_downloadInvoice.java:70)
at AlphaSenseProject.QAhomeTask.test4_downloadInvoice.tearDown(test4_downloadInvoice.java:70)
at AlphaSenseProject.QAhomeTask.test4_downloadInvoice.tearDown(test4_downloadInvoice.java:70)
at AlphaSenseProject.QAhomeTask.test4_downloadInvoice.tearDown(test4_downloadInvoice.java:70)
at AlphaSenseProject.QAhomeTask.test4_downloadInvoice.tearDown(test4_downloadInvoice.java:70)
at AlphaSenseProject.QAhomeTask.test4_downloadInvoice.tearDown(test4_downloadInvoice.java:70)
at AlphaSenseProject.QAhomeTask.test4_downloadInvoice.tearDown(test4_downloadInvoice.java:70)
at AlphaSenseProject.QAhomeTask.test4_downloadInvoice.tearDown(test4_downloadInvoice.java:70)
at AlphaSenseProject.QAhomeTask.test4_downloadInvoice.tearDown(test4_downloadInvoice.java:70)
at AlphaSenseProject.QAhomeTask.test4_downloadInvoice.tearDown(test4_downloadInvoice.java:70)
at AlphaSenseProject.QAhomeTask.test4_downloadInvoice.tearDown(test4_downloadInvoice.java:70)
at AlphaSenseProject.QAhomeTask.test4_downloadInvoice.tearDown(test4_downloadInvoice.java:70)
at AlphaSenseProject.QAhomeTask.test4_downloadInvoice.tearDown(test4_downloadInvoice.java:70)
at AlphaSenseProject.QAhomeTask.test4_downloadInvoice.tearDown(test4_downloadInvoice.java:70)
at AlphaSenseProject.QAhomeTask.test4_downloadInvoice.tearDown(test4_downloadInvoice.java:70)
at AlphaSenseProject.QAhomeTask.test4_downloadInvoice.tearDown(test4_downloadInvoice.java:70)
at AlphaSenseProject.QAhomeTask.test4_downloadInvoice.tearDown(test4_downloadInvoice.java:70)
at AlphaSenseProject.QAhomeTask.test4_downloadInvoice.tearDown(test4_downloadInvoice.java:70)
at AlphaSenseProject.QAhomeTask.test4_downloadInvoice.tearDown(test4_downloadInvoice.java:70)
at AlphaSenseProject.QAhomeTask.test4_downloadInvoice.tearDown(test4_downloadInvoice.java:70)
at AlphaSenseProject.QAhomeTask.test4_downloadInvoice.tearDown(test4_downloadInvoice.java:70)
at AlphaSenseProject.QAhomeTask.test4_downloadInvoice.tearDown(test4_downloadInvoice.java:70)
at AlphaSenseProject.QAhomeTask.test4_downloadInvoice.tearDown(test4_downloadInvoice.java:70)
at AlphaSenseProject.QAhomeTask.test4_downloadInvoice.tearDown(test4_downloadInvoice.java:70)
at AlphaSenseProject.QAhomeTask.test4_downloadInvoice.tearDown(test4_downloadInvoice.java:70)
at AlphaSenseProject.QAhomeTask.test4_downloadInvoice.tearDown(test4_downloadInvoice.java:70)
at AlphaSenseProject.QAhomeTask.test4_downloadInvoice.tearDown(test4_downloadInvoice.java:70)
at AlphaSenseProject.QAhomeTask.test4_downloadInvoice.tearDown(test4_downloadInvoice.java:70)
at AlphaSenseProject.QAhomeTask.test4_downloadInvoice.tearDown(test4_downloadInvoice.java:70)
at AlphaSenseProject.QAhomeTask.test4_downloadInvoice.tearDown(test4_downloadInvoice.java:70)
at AlphaSenseProject.QAhomeTask.test4_downloadInvoice.tearDown(test4_downloadInvoice.java:70)
at AlphaSenseProject.QAhomeTask.test4_downloadInvoice.tearDown(test4_downloadInvoice.java:70)
at AlphaSenseProject.QAhomeTask.test4_downloadInvoice.tearDown(test4_downloadInvoice.java:70)
at AlphaSenseProject.QAhomeTask.test4_downloadInvoice.tearDown(test4_downloadInvoice.java:70)
at AlphaSenseProject.QAhomeTask.test4_downloadInvoice.tearDown(test4_downloadInvoice.java:70)
at AlphaSenseProject.QAhomeTask.test4_downloadInvoice.tearDown(test4_downloadInvoice.java:70)
at AlphaSenseProject.QAhomeTask.test4_downloadInvoice.tearDown(test4_downloadInvoice.java:70)
at AlphaSenseProject.QAhomeTask.test4_downloadInvoice.tearDown(test4_downloadInvoice.java:70)
at AlphaSenseProject.QAhomeTask.test4_downloadInvoice.tearDown(test4_downloadInvoice.java:70)
at AlphaSenseProject.QAhomeTask.test4_downloadInvoice.tearDown(test4_downloadInvoice.java:70)
at AlphaSenseProject.QAhomeTask.test4_downloadInvoice.tearDown(test4_downloadInvoice.java:70)
at AlphaSenseProject.QAhomeTask.test4_downloadInvoice.tearDown(test4_downloadInvoice.java:70)
at AlphaSenseProject.QAhomeTask.test4_downloadInvoice.tearDown(test4_downloadInvoice.java:70)
at AlphaSenseProject.QAhomeTask.test4_downloadInvoice.tearDown(test4_downloadInvoice.java:70)
at AlphaSenseProject.QAhomeTask.test4_downloadInvoice.tearDown(test4_downloadInvoice.java:70)
at AlphaSenseProject.QAhomeTask.test4_downloadInvoice.tearDown(test4_downloadInvoice.java:70)
at AlphaSenseProject.QAhomeTask.test4_downloadInvoice.tearDown(test4_downloadInvoice.java:70)
at AlphaSenseProject.QAhomeTask.test4_downloadInvoice.tearDown(test4_downloadInvoice.java:70)
at AlphaSenseProject.QAhomeTask.test4_downloadInvoice.tearDown(test4_downloadInvoice.java:70)
at AlphaSenseProject.QAhomeTask.test4_downloadInvoice.tearDown(test4_downloadInvoice.java:70)
at AlphaSenseProject.QAhomeTask.test4_downloadInvoice.tearDown(test4_downloadInvoice.java:70)
at AlphaSenseProject.QAhomeTask.test4_downloadInvoice.tearDown(test4_downloadInvoice.java:70)
at AlphaSenseProject.QAhomeTask.test4_downloadInvoice.tearDown(test4_downloadInvoice.java:70)
at AlphaSenseProject.QAhomeTask.test4_downloadInvoice.tearDown(test4_downloadInvoice.java:70)
at AlphaSenseProject.QAhomeTask.test4_downloadInvoice.tearDown(test4_downloadInvoice.java:70)
at AlphaSenseProject.QAhomeTask.test4_downloadInvoice.tearDown(test4_downloadInvoice.java:70)
at AlphaSenseProject.QAhomeTask.test4_downloadInvoice.tearDown(test4_downloadInvoice.java:70)
at AlphaSenseProject.QAhomeTask.test4_downloadInvoice.tearDown(test4_downloadInvoice.java:70)
at AlphaSenseProject.QAhomeTask.test4_downloadInvoice.tearDown(test4_downloadInvoice.java:70)
at AlphaSenseProject.QAhomeTask.test4_downloadInvoice.tearDown(test4_downloadInvoice.java:70)
at AlphaSenseProject.QAhomeTask.test4_downloadInvoice.tearDown(test4_downloadInvoice.java:70)
at AlphaSenseProject.QAhomeTask.test4_downloadInvoice.tearDown(test4_downloadInvoice.java:70)
at AlphaSenseProject.QAhomeTask.test4_downloadInvoice.tearDown(test4_downloadInvoice.java:70)
at AlphaSenseProject.QAhomeTask.test4_downloadInvoice.tearDown(test4_downloadInvoice.java:70)
at AlphaSenseProject.QAhomeTask.test4_downloadInvoice.tearDown(test4_downloadInvoice.java:70)
at AlphaSenseProject.QAhomeTask.test4_downloadInvoice.tearDown(test4_downloadInvoice.java:70)
at AlphaSenseProject.QAhomeTask.test4_downloadInvoice.tearDown(test4_downloadInvoice.java:70)
at AlphaSenseProject.QAhomeTask.test4_downloadInvoice.tearDown(test4_downloadInvoice.java:70)
at AlphaSenseProject.QAhomeTask.test4_downloadInvoice.tearDown(test4_downloadInvoice.java:70)
at AlphaSenseProject.QAhomeTask.test4_downloadInvoice.tearDown(test4_downloadInvoice.java:70)
at AlphaSenseProject.QAhomeTask.test4_downloadInvoice.tearDown(test4_downloadInvoice.java:70)
at AlphaSenseProject.QAhomeTask.test4_downloadInvoice.tearDown(test4_downloadInvoice.java:70)
at AlphaSenseProject.QAhomeTask.test4_downloadInvoice.tearDown(test4_downloadInvoice.java:70)
at AlphaSenseProject.QAhomeTask.test4_downloadInvoice.tearDown(test4_downloadInvoice.java:70)
at AlphaSenseProject.QAhomeTask.test4_downloadInvoice.tearDown(test4_downloadInvoice.java:70)
at AlphaSenseProject.QAhomeTask.test4_downloadInvoice.tearDown(test4_downloadInvoice.java:70)
at AlphaSenseProject.QAhomeTask.test4_downloadInvoice.tearDown(test4_downloadInvoice.java:70)
at AlphaSenseProject.QAhomeTask.test4_downloadInvoice.tearDown(test4_downloadInvoice.java:70)
at AlphaSenseProject.QAhomeTask.test4_downloadInvoice.tearDown(test4_downloadInvoice.java:70)
at AlphaSenseProject.QAhomeTask.test4_downloadInvoice.tearDown(test4_downloadInvoice.java:70)
at AlphaSenseProject.QAhomeTask.test4_downloadInvoice.tearDown(test4_downloadInvoice.java:70)
at AlphaSenseProject.QAhomeTask.test4_downloadInvoice.tearDown(test4_downloadInvoice.java:70)
at AlphaSenseProject.QAhomeTask.test4_downloadInvoice.tearDown(test4_downloadInvoice.java:70)
at AlphaSenseProject.QAhomeTask.test4_downloadInvoice.tearDown(test4_downloadInvoice.java:70)
at AlphaSenseProject.QAhomeTask.test4_downloadInvoice.tearDown(test4_downloadInvoice.java:70)
at AlphaSenseProject.QAhomeTask.test4_downloadInvoice.tearDown(test4_downloadInvoice.java:70)
at AlphaSenseProject.QAhomeTask.test4_downloadInvoice.tearDown(test4_downloadInvoice.java:70)
at AlphaSenseProject.QAhomeTask.test4_downloadInvoice.tearDown(test4_downloadInvoice.java:70)
at AlphaSenseProject.QAhomeTask.test4_downloadInvoice.tearDown(test4_downloadInvoice.java:70)
at AlphaSenseProject.QAhomeTask.test4_downloadInvoice.tearDown(test4_downloadInvoice.java:70)
at AlphaSenseProject.QAhomeTask.test4_downloadInvoice.tearDown(test4_downloadInvoice.java:70)
at AlphaSenseProject.QAhomeTask.test4_downloadInvoice.tearDown(test4_downloadInvoice.java:70)
at AlphaSenseProject.QAhomeTask.test4_downloadInvoice.tearDown(test4_downloadInvoice.java:70)
at AlphaSenseProject.QAhomeTask.test4_downloadInvoice.tearDown(test4_downloadInvoice.java:70)
at AlphaSenseProject.QAhomeTask.test4_downloadInvoice.tearDown(test4_downloadInvoice.java:70)
at AlphaSenseProject.QAhomeTask.test4_downloadInvoice.tearDown(test4_downloadInvoice.java:70)
at AlphaSenseProject.QAhomeTask.test4_downloadInvoice.tearDown(test4_downloadInvoice.java:70)
at AlphaSenseProject.QAhomeTask.test4_downloadInvoice.tearDown(test4_downloadInvoice.java:70)
at AlphaSenseProject.QAhomeTask.test4_downloadInvoice.tearDown(test4_downloadInvoice.java:70)
at AlphaSenseProject.QAhomeTask.test4_downloadInvoice.tearDown(test4_downloadInvoice.java:70)
at AlphaSenseProject.QAhomeTask.test4_downloadInvoice.tearDown(test4_downloadInvoice.java:70)
at AlphaSenseProject.QAhomeTask.test4_downloadInvoice.tearDown(test4_downloadInvoice.java:70)
at AlphaSenseProject.QAhomeTask.test4_downloadInvoice.tearDown(test4_downloadInvoice.java:70)
at AlphaSenseProject.QAhomeTask.test4_downloadInvoice.tearDown(test4_downloadInvoice.java:70)
at AlphaSenseProject.QAhomeTask.test4_downloadInvoice.tearDown(test4_downloadInvoice.java:70)
at AlphaSenseProject.QAhomeTask.test4_downloadInvoice.tearDown(test4_downloadInvoice.java:70)
at AlphaSenseProject.QAhomeTask.test4_downloadInvoice.tearDown(test4_downloadInvoice.java:70)
at AlphaSenseProject.QAhomeTask.test4_downloadInvoice.tearDown(test4_downloadInvoice.java:70)
at AlphaSenseProject.QAhomeTask.test4_downloadInvoice.tearDown(test4_downloadInvoice.java:70)
at AlphaSenseProject.QAhomeTask.test4_downloadInvoice.tearDown(test4_downloadInvoice.java:70)
at AlphaSenseProject.QAhomeTask.test4_downloadInvoice.tearDown(test4_downloadInvoice.java:70)
at AlphaSenseProject.QAhomeTask.test4_downloadInvoice.tearDown(test4_downloadInvoice.java:70)
at AlphaSenseProject.QAhomeTask.test4_downloadInvoice.tearDown(test4_downloadInvoice.java:70)
at AlphaSenseProject.QAhomeTask.test4_downloadInvoice.tearDown(test4_downloadInvoice.java:70)
at AlphaSenseProject.QAhomeTask.test4_downloadInvoice.tearDown(test4_downloadInvoice.java:70)
at AlphaSenseProject.QAhomeTask.test4_downloadInvoice.tearDown(test4_downloadInvoice.java:70)
at AlphaSenseProject.QAhomeTask.test4_downloadInvoice.tearDown(test4_downloadInvoice.java:70)
at AlphaSenseProject.QAhomeTask.test4_downloadInvoice.tearDown(test4_downloadInvoice.java:70)
at AlphaSenseProject.QAhomeTask.test4_downloadInvoice.tearDown(test4_downloadInvoice.java:70)
at AlphaSenseProject.QAhomeTask.test4_downloadInvoice.tearDown(test4_downloadInvoice.java:70)
at AlphaSenseProject.QAhomeTask.test4_downloadInvoice.tearDown(test4_downloadInvoice.java:70)
at AlphaSenseProject.QAhomeTask.test4_downloadInvoice.tearDown(test4_downloadInvoice.java:70)
at AlphaSenseProject.QAhomeTask.test4_downloadInvoice.tearDown(test4_downloadInvoice.java:70)
at AlphaSenseProject.QAhomeTask.test4_downloadInvoice.tearDown(test4_downloadInvoice.java:70)
at AlphaSenseProject.QAhomeTask.test4_downloadInvoice.tearDown(test4_downloadInvoice.java:70)
at AlphaSenseProject.QAhomeTask.test4_downloadInvoice.tearDown(test4_downloadInvoice.java:70)
at AlphaSenseProject.QAhomeTask.test4_downloadInvoice.tearDown(test4_downloadInvoice.java:70)
at AlphaSenseProject.QAhomeTask.test4_downloadInvoice.tearDown(test4_downloadInvoice.java:70)
at AlphaSenseProject.QAhomeTask.test4_downloadInvoice.tearDown(test4_downloadInvoice.java:70)
at AlphaSenseProject.QAhomeTask.test4_downloadInvoice.tearDown(test4_downloadInvoice.java:70)
at AlphaSenseProject.QAhomeTask.test4_downloadInvoice.tearDown(test4_downloadInvoice.java:70)
at AlphaSenseProject.QAhomeTask.test4_downloadInvoice.tearDown(test4_downloadInvoice.java:70)
]]>
    </failure>
  </testcase> <!-- @AfterTest tearDown -->
  <testcase classname="AlphaSenseProject.QAhomeTask.test3_completeItemPurchaceTest" name="completeItemPurchase" time="1.433">
    <failure type="java.lang.NullPointerException">
      <![CDATA[java.lang.NullPointerException
at org.openqa.selenium.support.pagefactory.DefaultElementLocator.findElement(DefaultElementLocator.java:69)
at org.openqa.selenium.support.pagefactory.internal.LocatingElementHandler.invoke(LocatingElementHandler.java:38)
at com.sun.proxy.$Proxy13.click(Unknown Source)
at pageObjects.landingPage.clickSignInBtn(landingPage.java:27)
at AlphaSenseProject.QAhomeTask.test3_completeItemPurchaceTest.completeItemPurchase(test3_completeItemPurchaceTest.java:40)
at java.base/java.util.ArrayList.forEach(ArrayList.java:1510)
... Removed 27 stack frames]]>
    </failure>
  </testcase> <!-- completeItemPurchase -->
  <testcase classname="AlphaSenseProject.QAhomeTask.test2_searchResultChcekTest" name="verifySearchResult" time="0.204">
    <failure type="java.lang.NullPointerException">
      <![CDATA[java.lang.NullPointerException
at org.openqa.selenium.support.pagefactory.DefaultElementLocator.findElement(DefaultElementLocator.java:69)
at org.openqa.selenium.support.pagefactory.internal.LocatingElementHandler.invoke(LocatingElementHandler.java:38)
at com.sun.proxy.$Proxy13.click(Unknown Source)
at pageObjects.landingPage.clickSignInBtn(landingPage.java:27)
at AlphaSenseProject.QAhomeTask.test2_searchResultChcekTest.verifySearchResult(test2_searchResultChcekTest.java:40)
at java.base/java.util.ArrayList.forEach(ArrayList.java:1510)
... Removed 27 stack frames]]>
    </failure>
  </testcase> <!-- verifySearchResult -->
  <testcase classname="AlphaSenseProject.QAhomeTask.test1_userSignUpTest" name="integrationTest" time="24.996"/>
  <testcase classname="AlphaSenseProject.QAhomeTask.test4_downloadInvoice" name="downloadInvoice" time="1.005">
    <failure type="java.lang.NullPointerException">
      <![CDATA[java.lang.NullPointerException
at org.openqa.selenium.support.pagefactory.DefaultElementLocator.findElement(DefaultElementLocator.java:69)
at org.openqa.selenium.support.pagefactory.internal.LocatingElementHandler.invoke(LocatingElementHandler.java:38)
at com.sun.proxy.$Proxy13.click(Unknown Source)
at pageObjects.landingPage.clickSignInBtn(landingPage.java:27)
at AlphaSenseProject.QAhomeTask.test4_downloadInvoice.downloadInvoice(test4_downloadInvoice.java:46)
at java.base/java.util.ArrayList.forEach(ArrayList.java:1510)
... Removed 27 stack frames]]>
    </failure>
  </testcase> <!-- downloadInvoice -->
</testsuite> <!-- Test -->
