<?xml version="1.0" encoding="UTF-8"?>
<testng-results ignored="0" total="4" passed="1" failed="3" skipped="0">
  <reporter-output>
  </reporter-output>
  <suite started-at="2021-01-24T21:55:20 IST" name="Suite" finished-at="2021-01-24T21:56:48 IST" duration-ms="87504">
    <groups>
    </groups>
    <test started-at="2021-01-24T21:55:20 IST" name="Test" finished-at="2021-01-24T21:56:48 IST" duration-ms="87504">
      <class name="AlphaSenseProject.QAhomeTask.test2_searchResultChcekTest">
        <test-method signature="verifySearchResult(java.util.Map)[pri:0, instance:AlphaSenseProject.QAhomeTask.test2_searchResultChcekTest@63355449]" started-at="2021-01-24T21:56:21 IST" name="verifySearchResult" data-provider="data1" finished-at="2021-01-24T21:56:22 IST" duration-ms="204" status="FAIL">
          <params>
            <param index="0">
              <value>
                <![CDATA[{Company=TestCompany, Email=testdemo1008@demo.com, Address=AddressDemo, city=Helsinki, FirstName=Test, query=Dress, Title=male, mobileNo=7.656789877E9, Date=6.0, Address_Line2=AddressDemo1, Month=4.0, Year=1992.0, Addr_FirstName=TestA, State=10.0, Zipcode=67890.0, Country=21.0, LastName=Demo, Addr_LastName=TestB, AddressAlias=demoAddress, Phonenumber=8.790654389E9, Password=12345.0, Other=demoTest}]]>
              </value>
            </param>
          </params>
          <exception class="java.lang.NullPointerException">
            <full-stacktrace>
              <![CDATA[java.lang.NullPointerException
at org.openqa.selenium.support.pagefactory.DefaultElementLocator.findElement(DefaultElementLocator.java:69)
at org.openqa.selenium.support.pagefactory.internal.LocatingElementHandler.invoke(LocatingElementHandler.java:38)
at com.sun.proxy.$Proxy13.click(Unknown Source)
at pageObjects.landingPage.clickSignInBtn(landingPage.java:27)
at AlphaSenseProject.QAhomeTask.test2_searchResultChcekTest.verifySearchResult(test2_searchResultChcekTest.java:40)
at java.base/jdk.internal.reflect.NativeMethodAccessorImpl.invoke0(Native Method)
at java.base/jdk.internal.reflect.NativeMethodAccessorImpl.invoke(NativeMethodAccessorImpl.java:62)
at java.base/jdk.internal.reflect.DelegatingMethodAccessorImpl.invoke(DelegatingMethodAccessorImpl.java:43)
at java.base/java.lang.reflect.Method.invoke(Method.java:564)
at org.testng.internal.MethodInvocationHelper.invokeMethod(MethodInvocationHelper.java:135)
at org.testng.internal.TestInvoker.invokeMethod(TestInvoker.java:598)
at org.testng.internal.TestInvoker.invokeTestMethod(TestInvoker.java:174)
at org.testng.internal.MethodRunner.runInSequence(MethodRunner.java:46)
at org.testng.internal.TestInvoker$MethodInvocationAgent.invoke(TestInvoker.java:821)
at org.testng.internal.TestInvoker.invokeTestMethods(TestInvoker.java:147)
at org.testng.internal.TestMethodWorker.invokeTestMethods(TestMethodWorker.java:146)
at org.testng.internal.TestMethodWorker.run(TestMethodWorker.java:128)
at java.base/java.util.ArrayList.forEach(ArrayList.java:1510)
at org.testng.TestRunner.privateRun(TestRunner.java:767)
at org.testng.TestRunner.run(TestRunner.java:588)
at org.testng.SuiteRunner.runTest(SuiteRunner.java:384)
at org.testng.SuiteRunner.runSequentially(SuiteRunner.java:378)
at org.testng.SuiteRunner.privateRun(SuiteRunner.java:337)
at org.testng.SuiteRunner.run(SuiteRunner.java:286)
at org.testng.SuiteRunnerWorker.runSuite(SuiteRunnerWorker.java:53)
at org.testng.SuiteRunnerWorker.run(SuiteRunnerWorker.java:96)
at org.testng.TestNG.runSuitesSequentially(TestNG.java:1214)
at org.testng.TestNG.runSuitesLocally(TestNG.java:1136)
at org.testng.TestNG.runSuites(TestNG.java:1066)
at org.testng.TestNG.run(TestNG.java:1034)
at org.testng.remote.AbstractRemoteTestNG.run(AbstractRemoteTestNG.java:115)
at org.testng.remote.RemoteTestNG.initAndRun(RemoteTestNG.java:251)
at org.testng.remote.RemoteTestNG.main(RemoteTestNG.java:77)
]]>
            </full-stacktrace>
          </exception> <!-- java.lang.NullPointerException -->
          <reporter-output>
          </reporter-output>
        </test-method> <!-- verifySearchResult -->
      </class> <!-- AlphaSenseProject.QAhomeTask.test2_searchResultChcekTest -->
      <class name="AlphaSenseProject.QAhomeTask.test3_completeItemPurchaceTest">
        <test-method signature="completeItemPurchase(java.util.Map)[pri:0, instance:AlphaSenseProject.QAhomeTask.test3_completeItemPurchaceTest@7e0b85f9]" started-at="2021-01-24T21:56:19 IST" name="completeItemPurchase" data-provider="data1" finished-at="2021-01-24T21:56:21 IST" duration-ms="1433" status="FAIL">
          <params>
            <param index="0">
              <value>
                <![CDATA[{Company=TestCompany, Email=testdemo1008@demo.com, Address=AddressDemo, city=Helsinki, FirstName=Test, query=Dress, Title=male, mobileNo=7.656789877E9, Date=6.0, Address_Line2=AddressDemo1, Month=4.0, Year=1992.0, Addr_FirstName=TestA, State=10.0, Zipcode=67890.0, Country=21.0, LastName=Demo, Addr_LastName=TestB, AddressAlias=demoAddress, Phonenumber=8.790654389E9, Password=12345.0, Other=demoTest}]]>
              </value>
            </param>
          </params>
          <exception class="java.lang.NullPointerException">
            <full-stacktrace>
              <![CDATA[java.lang.NullPointerException
at org.openqa.selenium.support.pagefactory.DefaultElementLocator.findElement(DefaultElementLocator.java:69)
at org.openqa.selenium.support.pagefactory.internal.LocatingElementHandler.invoke(LocatingElementHandler.java:38)
at com.sun.proxy.$Proxy13.click(Unknown Source)
at pageObjects.landingPage.clickSignInBtn(landingPage.java:27)
at AlphaSenseProject.QAhomeTask.test3_completeItemPurchaceTest.completeItemPurchase(test3_completeItemPurchaceTest.java:40)
at java.base/jdk.internal.reflect.NativeMethodAccessorImpl.invoke0(Native Method)
at java.base/jdk.internal.reflect.NativeMethodAccessorImpl.invoke(NativeMethodAccessorImpl.java:62)
at java.base/jdk.internal.reflect.DelegatingMethodAccessorImpl.invoke(DelegatingMethodAccessorImpl.java:43)
at java.base/java.lang.reflect.Method.invoke(Method.java:564)
at org.testng.internal.MethodInvocationHelper.invokeMethod(MethodInvocationHelper.java:135)
at org.testng.internal.TestInvoker.invokeMethod(TestInvoker.java:598)
at org.testng.internal.TestInvoker.invokeTestMethod(TestInvoker.java:174)
at org.testng.internal.MethodRunner.runInSequence(MethodRunner.java:46)
at org.testng.internal.TestInvoker$MethodInvocationAgent.invoke(TestInvoker.java:821)
at org.testng.internal.TestInvoker.invokeTestMethods(TestInvoker.java:147)
at org.testng.internal.TestMethodWorker.invokeTestMethods(TestMethodWorker.java:146)
at org.testng.internal.TestMethodWorker.run(TestMethodWorker.java:128)
at java.base/java.util.ArrayList.forEach(ArrayList.java:1510)
at org.testng.TestRunner.privateRun(TestRunner.java:767)
at org.testng.TestRunner.run(TestRunner.java:588)
at org.testng.SuiteRunner.runTest(SuiteRunner.java:384)
at org.testng.SuiteRunner.runSequentially(SuiteRunner.java:378)
at org.testng.SuiteRunner.privateRun(SuiteRunner.java:337)
at org.testng.SuiteRunner.run(SuiteRunner.java:286)
at org.testng.SuiteRunnerWorker.runSuite(SuiteRunnerWorker.java:53)
at org.testng.SuiteRunnerWorker.run(SuiteRunnerWorker.java:96)
at org.testng.TestNG.runSuitesSequentially(TestNG.java:1214)
at org.testng.TestNG.runSuitesLocally(TestNG.java:1136)
at org.testng.TestNG.runSuites(TestNG.java:1066)
at org.testng.TestNG.run(TestNG.java:1034)
at org.testng.remote.AbstractRemoteTestNG.run(AbstractRemoteTestNG.java:115)
at org.testng.remote.RemoteTestNG.initAndRun(RemoteTestNG.java:251)
at org.testng.remote.RemoteTestNG.main(RemoteTestNG.java:77)
]]>
            </full-stacktrace>
          </exception> <!-- java.lang.NullPointerException -->
          <reporter-output>
          </reporter-output>
        </test-method> <!-- completeItemPurchase -->
      </class> <!-- AlphaSenseProject.QAhomeTask.test3_completeItemPurchaceTest -->
      <class name="AlphaSenseProject.QAhomeTask.test4_downloadInvoice">
        <test-method signature="downloadInvoice(java.util.Map)[pri:0, instance:AlphaSenseProject.QAhomeTask.test4_downloadInvoice@9353778]" started-at="2021-01-24T21:56:47 IST" name="downloadInvoice" data-provider="data1" finished-at="2021-01-24T21:56:48 IST" duration-ms="1005" status="FAIL">
          <params>
            <param index="0">
              <value>
                <![CDATA[{Company=TestCompany, Email=testdemo1008@demo.com, Address=AddressDemo, city=Helsinki, FirstName=Test, query=Dress, Title=male, mobileNo=7.656789877E9, Date=6.0, Address_Line2=AddressDemo1, Month=4.0, Year=1992.0, Addr_FirstName=TestA, State=10.0, Zipcode=67890.0, Country=21.0, LastName=Demo, Addr_LastName=TestB, AddressAlias=demoAddress, Phonenumber=8.790654389E9, Password=12345.0, Other=demoTest}]]>
              </value>
            </param>
          </params>
          <exception class="java.lang.NullPointerException">
            <full-stacktrace>
              <![CDATA[java.lang.NullPointerException
at org.openqa.selenium.support.pagefactory.DefaultElementLocator.findElement(DefaultElementLocator.java:69)
at org.openqa.selenium.support.pagefactory.internal.LocatingElementHandler.invoke(LocatingElementHandler.java:38)
at com.sun.proxy.$Proxy13.click(Unknown Source)
at pageObjects.landingPage.clickSignInBtn(landingPage.java:27)
at AlphaSenseProject.QAhomeTask.test4_downloadInvoice.downloadInvoice(test4_downloadInvoice.java:46)
at java.base/jdk.internal.reflect.NativeMethodAccessorImpl.invoke0(Native Method)
at java.base/jdk.internal.reflect.NativeMethodAccessorImpl.invoke(NativeMethodAccessorImpl.java:62)
at java.base/jdk.internal.reflect.DelegatingMethodAccessorImpl.invoke(DelegatingMethodAccessorImpl.java:43)
at java.base/java.lang.reflect.Method.invoke(Method.java:564)
at org.testng.internal.MethodInvocationHelper.invokeMethod(MethodInvocationHelper.java:135)
at org.testng.internal.TestInvoker.invokeMethod(TestInvoker.java:598)
at org.testng.internal.TestInvoker.invokeTestMethod(TestInvoker.java:174)
at org.testng.internal.MethodRunner.runInSequence(MethodRunner.java:46)
at org.testng.internal.TestInvoker$MethodInvocationAgent.invoke(TestInvoker.java:821)
at org.testng.internal.TestInvoker.invokeTestMethods(TestInvoker.java:147)
at org.testng.internal.TestMethodWorker.invokeTestMethods(TestMethodWorker.java:146)
at org.testng.internal.TestMethodWorker.run(TestMethodWorker.java:128)
at java.base/java.util.ArrayList.forEach(ArrayList.java:1510)
at org.testng.TestRunner.privateRun(TestRunner.java:767)
at org.testng.TestRunner.run(TestRunner.java:588)
at org.testng.SuiteRunner.runTest(SuiteRunner.java:384)
at org.testng.SuiteRunner.runSequentially(SuiteRunner.java:378)
at org.testng.SuiteRunner.privateRun(SuiteRunner.java:337)
at org.testng.SuiteRunner.run(SuiteRunner.java:286)
at org.testng.SuiteRunnerWorker.runSuite(SuiteRunnerWorker.java:53)
at org.testng.SuiteRunnerWorker.run(SuiteRunnerWorker.java:96)
at org.testng.TestNG.runSuitesSequentially(TestNG.java:1214)
at org.testng.TestNG.runSuitesLocally(TestNG.java:1136)
at org.testng.TestNG.runSuites(TestNG.java:1066)
at org.testng.TestNG.run(TestNG.java:1034)
at org.testng.remote.AbstractRemoteTestNG.run(AbstractRemoteTestNG.java:115)
at org.testng.remote.RemoteTestNG.initAndRun(RemoteTestNG.java:251)
at org.testng.remote.RemoteTestNG.main(RemoteTestNG.java:77)
]]>
            </full-stacktrace>
          </exception> <!-- java.lang.NullPointerException -->
          <reporter-output>
          </reporter-output>
        </test-method> <!-- downloadInvoice -->
        <test-method is-config="true" signature="tearDown()[pri:0, instance:AlphaSenseProject.QAhomeTask.test4_downloadInvoice@9353778]" started-at="2021-01-24T21:56:48 IST" name="tearDown" finished-at="2021-01-24T21:56:48 IST" duration-ms="26" status="FAIL">
          <exception class="java.lang.StackOverflowError">
            <full-stacktrace>
              <![CDATA[java.lang.StackOverflowError
at AlphaSenseProject.QAhomeTask.test4_downloadInvoice.tearDown(test4_downloadInvoice.java:70)
at AlphaSenseProject.QAhomeTask.test4_downloadInvoice.tearDown(test4_downloadInvoice.java:70)
at AlphaSenseProject.QAhomeTask.test4_downloadInvoice.tearDown(test4_downloadInvoice.java:70)
at AlphaSenseProject.QAhomeTask.test4_downloadInvoice.tearDown(test4_downloadInvoice.java:70)
at AlphaSenseProject.QAhomeTask.test4_downloadInvoice.tearDown(test4_downloadInvoice.java:70)
at AlphaSenseProject.QAhomeTask.test4_downloadInvoice.tearDown(test4_downloadInvoice.java:70)
at AlphaSenseProject.QAhomeTask.test4_downloadInvoice.tearDown(test4_downloadInvoice.java:70)
at AlphaSenseProject.QAhomeTask.test4_downloadInvoice.tearDown(test4_downloadInvoice.java:70)
at AlphaSenseProject.QAhomeTask.test4_downloadInvoice.tearDown(test4_downloadInvoice.java:70)
at AlphaSenseProject.QAhomeTask.test4_downloadInvoice.tearDown(test4_downloadInvoice.java:70)
at AlphaSenseProject.QAhomeTask.test4_downloadInvoice.tearDown(test4_downloadInvoice.java:70)
at AlphaSenseProject.QAhomeTask.test4_downloadInvoice.tearDown(test4_downloadInvoice.java:70)
at AlphaSenseProject.QAhomeTask.test4_downloadInvoice.tearDown(test4_downloadInvoice.java:70)
at AlphaSenseProject.QAhomeTask.test4_downloadInvoice.tearDown(test4_downloadInvoice.java:70)
at AlphaSenseProject.QAhomeTask.test4_downloadInvoice.tearDown(test4_downloadInvoice.java:70)
at AlphaSenseProject.QAhomeTask.test4_downloadInvoice.tearDown(test4_downloadInvoice.java:70)
at AlphaSenseProject.QAhomeTask.test4_downloadInvoice.tearDown(test4_downloadInvoice.java:70)
at AlphaSenseProject.QAhomeTask.test4_downloadInvoice.tearDown(test4_downloadInvoice.java:70)
at AlphaSenseProject.QAhomeTask.test4_downloadInvoice.tearDown(test4_downloadInvoice.java:70)
at AlphaSenseProject.QAhomeTask.test4_downloadInvoice.tearDown(test4_downloadInvoice.java:70)
at AlphaSenseProject.QAhomeTask.test4_downloadInvoice.tearDown(test4_downloadInvoice.java:70)
at AlphaSenseProject.QAhomeTask.test4_downloadInvoice.tearDown(test4_downloadInvoice.java:70)
at AlphaSenseProject.QAhomeTask.test4_downloadInvoice.tearDown(test4_downloadInvoice.java:70)
at AlphaSenseProject.QAhomeTask.test4_downloadInvoice.tearDown(test4_downloadInvoice.java:70)
at AlphaSenseProject.QAhomeTask.test4_downloadInvoice.tearDown(test4_downloadInvoice.java:70)
at AlphaSenseProject.QAhomeTask.test4_downloadInvoice.tearDown(test4_downloadInvoice.java:70)
at AlphaSenseProject.QAhomeTask.test4_downloadInvoice.tearDown(test4_downloadInvoice.java:70)
at AlphaSenseProject.QAhomeTask.test4_downloadInvoice.tearDown(test4_downloadInvoice.java:70)
at AlphaSenseProject.QAhomeTask.test4_downloadInvoice.tearDown(test4_downloadInvoice.java:70)
at AlphaSenseProject.QAhomeTask.test4_downloadInvoice.tearDown(test4_downloadInvoice.java:70)
at AlphaSenseProject.QAhomeTask.test4_downloadInvoice.tearDown(test4_downloadInvoice.java:70)
at AlphaSenseProject.QAhomeTask.test4_downloadInvoice.tearDown(test4_downloadInvoice.java:70)
at AlphaSenseProject.QAhomeTask.test4_downloadInvoice.tearDown(test4_downloadInvoice.java:70)
at AlphaSenseProject.QAhomeTask.test4_downloadInvoice.tearDown(test4_downloadInvoice.java:70)
at AlphaSenseProject.QAhomeTask.test4_downloadInvoice.tearDown(test4_downloadInvoice.java:70)
at AlphaSenseProject.QAhomeTask.test4_downloadInvoice.tearDown(test4_downloadInvoice.java:70)
at AlphaSenseProject.QAhomeTask.test4_downloadInvoice.tearDown(test4_downloadInvoice.java:70)
at AlphaSenseProject.QAhomeTask.test4_downloadInvoice.tearDown(test4_downloadInvoice.java:70)
at AlphaSenseProject.QAhomeTask.test4_downloadInvoice.tearDown(test4_downloadInvoice.java:70)
at AlphaSenseProject.QAhomeTask.test4_downloadInvoice.tearDown(test4_downloadInvoice.java:70)
at AlphaSenseProject.QAhomeTask.test4_downloadInvoice.tearDown(test4_downloadInvoice.java:70)
at AlphaSenseProject.QAhomeTask.test4_downloadInvoice.tearDown(test4_downloadInvoice.java:70)
at AlphaSenseProject.QAhomeTask.test4_downloadInvoice.tearDown(test4_downloadInvoice.java:70)
at AlphaSenseProject.QAhomeTask.test4_downloadInvoice.tearDown(test4_downloadInvoice.java:70)
at AlphaSenseProject.QAhomeTask.test4_downloadInvoice.tearDown(test4_downloadInvoice.java:70)
at AlphaSenseProject.QAhomeTask.test4_downloadInvoice.tearDown(test4_downloadInvoice.java:70)
at AlphaSenseProject.QAhomeTask.test4_downloadInvoice.tearDown(test4_downloadInvoice.java:70)
at AlphaSenseProject.QAhomeTask.test4_downloadInvoice.tearDown(test4_downloadInvoice.java:70)
at AlphaSenseProject.QAhomeTask.test4_downloadInvoice.tearDown(test4_downloadInvoice.java:70)
at AlphaSenseProject.QAhomeTask.test4_downloadInvoice.tearDown(test4_downloadInvoice.java:70)
at AlphaSenseProject.QAhomeTask.test4_downloadInvoice.tearDown(test4_downloadInvoice.java:70)
at AlphaSenseProject.QAhomeTask.test4_downloadInvoice.tearDown(test4_downloadInvoice.java:70)
at AlphaSenseProject.QAhomeTask.test4_downloadInvoice.tearDown(test4_downloadInvoice.java:70)
at AlphaSenseProject.QAhomeTask.test4_downloadInvoice.tearDown(test4_downloadInvoice.java:70)
at AlphaSenseProject.QAhomeTask.test4_downloadInvoice.tearDown(test4_downloadInvoice.java:70)
at AlphaSenseProject.QAhomeTask.test4_downloadInvoice.tearDown(test4_downloadInvoice.java:70)
at AlphaSenseProject.QAhomeTask.test4_downloadInvoice.tearDown(test4_downloadInvoice.java:70)
at AlphaSenseProject.QAhomeTask.test4_downloadInvoice.tearDown(test4_downloadInvoice.java:70)
at AlphaSenseProject.QAhomeTask.test4_downloadInvoice.tearDown(test4_downloadInvoice.java:70)
at AlphaSenseProject.QAhomeTask.test4_downloadInvoice.tearDown(test4_downloadInvoice.java:70)
at AlphaSenseProject.QAhomeTask.test4_downloadInvoice.tearDown(test4_downloadInvoice.java:70)
at AlphaSenseProject.QAhomeTask.test4_downloadInvoice.tearDown(test4_downloadInvoice.java:70)
at AlphaSenseProject.QAhomeTask.test4_downloadInvoice.tearDown(test4_downloadInvoice.java:70)
at AlphaSenseProject.QAhomeTask.test4_downloadInvoice.tearDown(test4_downloadInvoice.java:70)
at AlphaSenseProject.QAhomeTask.test4_downloadInvoice.tearDown(test4_downloadInvoice.java:70)
at AlphaSenseProject.QAhomeTask.test4_downloadInvoice.tearDown(test4_downloadInvoice.java:70)
at AlphaSenseProject.QAhomeTask.test4_downloadInvoice.tearDown(test4_downloadInvoice.java:70)
at AlphaSenseProject.QAhomeTask.test4_downloadInvoice.tearDown(test4_downloadInvoice.java:70)
at AlphaSenseProject.QAhomeTask.test4_downloadInvoice.tearDown(test4_downloadInvoice.java:70)
at AlphaSenseProject.QAhomeTask.test4_downloadInvoice.tearDown(test4_downloadInvoice.java:70)
at AlphaSenseProject.QAhomeTask.test4_downloadInvoice.tearDown(test4_downloadInvoice.java:70)
at AlphaSenseProject.QAhomeTask.test4_downloadInvoice.tearDown(test4_downloadInvoice.java:70)
at AlphaSenseProject.QAhomeTask.test4_downloadInvoice.tearDown(test4_downloadInvoice.java:70)
at AlphaSenseProject.QAhomeTask.test4_downloadInvoice.tearDown(test4_downloadInvoice.java:70)
at AlphaSenseProject.QAhomeTask.test4_downloadInvoice.tearDown(test4_downloadInvoice.java:70)
at AlphaSenseProject.QAhomeTask.test4_downloadInvoice.tearDown(test4_downloadInvoice.java:70)
at AlphaSenseProject.QAhomeTask.test4_downloadInvoice.tearDown(test4_downloadInvoice.java:70)
at AlphaSenseProject.QAhomeTask.test4_downloadInvoice.tearDown(test4_downloadInvoice.java:70)
at AlphaSenseProject.QAhomeTask.test4_downloadInvoice.tearDown(test4_downloadInvoice.java:70)
at AlphaSenseProject.QAhomeTask.test4_downloadInvoice.tearDown(test4_downloadInvoice.java:70)
at AlphaSenseProject.QAhomeTask.test4_downloadInvoice.tearDown(test4_downloadInvoice.java:70)
at AlphaSenseProject.QAhomeTask.test4_downloadInvoice.tearDown(test4_downloadInvoice.java:70)
at AlphaSenseProject.QAhomeTask.test4_downloadInvoice.tearDown(test4_downloadInvoice.java:70)
at AlphaSenseProject.QAhomeTask.test4_downloadInvoice.tearDown(test4_downloadInvoice.java:70)
at AlphaSenseProject.QAhomeTask.test4_downloadInvoice.tearDown(test4_downloadInvoice.java:70)
at AlphaSenseProject.QAhomeTask.test4_downloadInvoice.tearDown(test4_downloadInvoice.java:70)
at AlphaSenseProject.QAhomeTask.test4_downloadInvoice.tearDown(test4_downloadInvoice.java:70)
at AlphaSenseProject.QAhomeTask.test4_downloadInvoice.tearDown(test4_downloadInvoice.java:70)
at AlphaSenseProject.QAhomeTask.test4_downloadInvoice.tearDown(test4_downloadInvoice.java:70)
at AlphaSenseProject.QAhomeTask.test4_downloadInvoice.tearDown(test4_downloadInvoice.java:70)
at AlphaSenseProject.QAhomeTask.test4_downloadInvoice.tearDown(test4_downloadInvoice.java:70)
at AlphaSenseProject.QAhomeTask.test4_downloadInvoice.tearDown(test4_downloadInvoice.java:70)
at AlphaSenseProject.QAhomeTask.test4_downloadInvoice.tearDown(test4_downloadInvoice.java:70)
at AlphaSenseProject.QAhomeTask.test4_downloadInvoice.tearDown(test4_downloadInvoice.java:70)
at AlphaSenseProject.QAhomeTask.test4_downloadInvoice.tearDown(test4_downloadInvoice.java:70)
at AlphaSenseProject.QAhomeTask.test4_downloadInvoice.tearDown(test4_downloadInvoice.java:70)
at AlphaSenseProject.QAhomeTask.test4_downloadInvoice.tearDown(test4_downloadInvoice.java:70)
at AlphaSenseProject.QAhomeTask.test4_downloadInvoice.tearDown(test4_downloadInvoice.java:70)
at AlphaSenseProject.QAhomeTask.test4_downloadInvoice.tearDown(test4_downloadInvoice.java:70)
at AlphaSenseProject.QAhomeTask.test4_downloadInvoice.tearDown(test4_downloadInvoice.java:70)
at AlphaSenseProject.QAhomeTask.test4_downloadInvoice.tearDown(test4_downloadInvoice.java:70)
at AlphaSenseProject.QAhomeTask.test4_downloadInvoice.tearDown(test4_downloadInvoice.java:70)
at AlphaSenseProject.QAhomeTask.test4_downloadInvoice.tearDown(test4_downloadInvoice.java:70)
at AlphaSenseProject.QAhomeTask.test4_downloadInvoice.tearDown(test4_downloadInvoice.java:70)
at AlphaSenseProject.QAhomeTask.test4_downloadInvoice.tearDown(test4_downloadInvoice.java:70)
at AlphaSenseProject.QAhomeTask.test4_downloadInvoice.tearDown(test4_downloadInvoice.java:70)
at AlphaSenseProject.QAhomeTask.test4_downloadInvoice.tearDown(test4_downloadInvoice.java:70)
at AlphaSenseProject.QAhomeTask.test4_downloadInvoice.tearDown(test4_downloadInvoice.java:70)
at AlphaSenseProject.QAhomeTask.test4_downloadInvoice.tearDown(test4_downloadInvoice.java:70)
at AlphaSenseProject.QAhomeTask.test4_downloadInvoice.tearDown(test4_downloadInvoice.java:70)
at AlphaSenseProject.QAhomeTask.test4_downloadInvoice.tearDown(test4_downloadInvoice.java:70)
at AlphaSenseProject.QAhomeTask.test4_downloadInvoice.tearDown(test4_downloadInvoice.java:70)
at AlphaSenseProject.QAhomeTask.test4_downloadInvoice.tearDown(test4_downloadInvoice.java:70)
at AlphaSenseProject.QAhomeTask.test4_downloadInvoice.tearDown(test4_downloadInvoice.java:70)
at AlphaSenseProject.QAhomeTask.test4_downloadInvoice.tearDown(test4_downloadInvoice.java:70)
at AlphaSenseProject.QAhomeTask.test4_downloadInvoice.tearDown(test4_downloadInvoice.java:70)
at AlphaSenseProject.QAhomeTask.test4_downloadInvoice.tearDown(test4_downloadInvoice.java:70)
at AlphaSenseProject.QAhomeTask.test4_downloadInvoice.tearDown(test4_downloadInvoice.java:70)
at AlphaSenseProject.QAhomeTask.test4_downloadInvoice.tearDown(test4_downloadInvoice.java:70)
at AlphaSenseProject.QAhomeTask.test4_downloadInvoice.tearDown(test4_downloadInvoice.java:70)
at AlphaSenseProject.QAhomeTask.test4_downloadInvoice.tearDown(test4_downloadInvoice.java:70)
at AlphaSenseProject.QAhomeTask.test4_downloadInvoice.tearDown(test4_downloadInvoice.java:70)
at AlphaSenseProject.QAhomeTask.test4_downloadInvoice.tearDown(test4_downloadInvoice.java:70)
at AlphaSenseProject.QAhomeTask.test4_downloadInvoice.tearDown(test4_downloadInvoice.java:70)
at AlphaSenseProject.QAhomeTask.test4_downloadInvoice.tearDown(test4_downloadInvoice.java:70)
at AlphaSenseProject.QAhomeTask.test4_downloadInvoice.tearDown(test4_downloadInvoice.java:70)
at AlphaSenseProject.QAhomeTask.test4_downloadInvoice.tearDown(test4_downloadInvoice.java:70)
at AlphaSenseProject.QAhomeTask.test4_downloadInvoice.tearDown(test4_downloadInvoice.java:70)
at AlphaSenseProject.QAhomeTask.test4_downloadInvoice.tearDown(test4_downloadInvoice.java:70)
at AlphaSenseProject.QAhomeTask.test4_downloadInvoice.tearDown(test4_downloadInvoice.java:70)
at AlphaSenseProject.QAhomeTask.test4_downloadInvoice.tearDown(test4_downloadInvoice.java:70)
at AlphaSenseProject.QAhomeTask.test4_downloadInvoice.tearDown(test4_downloadInvoice.java:70)
at AlphaSenseProject.QAhomeTask.test4_downloadInvoice.tearDown(test4_downloadInvoice.java:70)
at AlphaSenseProject.QAhomeTask.test4_downloadInvoice.tearDown(test4_downloadInvoice.java:70)
at AlphaSenseProject.QAhomeTask.test4_downloadInvoice.tearDown(test4_downloadInvoice.java:70)
at AlphaSenseProject.QAhomeTask.test4_downloadInvoice.tearDown(test4_downloadInvoice.java:70)
at AlphaSenseProject.QAhomeTask.test4_downloadInvoice.tearDown(test4_downloadInvoice.java:70)
at AlphaSenseProject.QAhomeTask.test4_downloadInvoice.tearDown(test4_downloadInvoice.java:70)
at AlphaSenseProject.QAhomeTask.test4_downloadInvoice.tearDown(test4_downloadInvoice.java:70)
at AlphaSenseProject.QAhomeTask.test4_downloadInvoice.tearDown(test4_downloadInvoice.java:70)
at AlphaSenseProject.QAhomeTask.test4_downloadInvoice.tearDown(test4_downloadInvoice.java:70)
at AlphaSenseProject.QAhomeTask.test4_downloadInvoice.tearDown(test4_downloadInvoice.java:70)
at AlphaSenseProject.QAhomeTask.test4_downloadInvoice.tearDown(test4_downloadInvoice.java:70)
at AlphaSenseProject.QAhomeTask.test4_downloadInvoice.tearDown(test4_downloadInvoice.java:70)
at AlphaSenseProject.QAhomeTask.test4_downloadInvoice.tearDown(test4_downloadInvoice.java:70)
at AlphaSenseProject.QAhomeTask.test4_downloadInvoice.tearDown(test4_downloadInvoice.java:70)
at AlphaSenseProject.QAhomeTask.test4_downloadInvoice.tearDown(test4_downloadInvoice.java:70)
at AlphaSenseProject.QAhomeTask.test4_downloadInvoice.tearDown(test4_downloadInvoice.java:70)
at AlphaSenseProject.QAhomeTask.test4_downloadInvoice.tearDown(test4_downloadInvoice.java:70)
at AlphaSenseProject.QAhomeTask.test4_downloadInvoice.tearDown(test4_downloadInvoice.java:70)
at AlphaSenseProject.QAhomeTask.test4_downloadInvoice.tearDown(test4_downloadInvoice.java:70)
at AlphaSenseProject.QAhomeTask.test4_downloadInvoice.tearDown(test4_downloadInvoice.java:70)
at AlphaSenseProject.QAhomeTask.test4_downloadInvoice.tearDown(test4_downloadInvoice.java:70)
at AlphaSenseProject.QAhomeTask.test4_downloadInvoice.tearDown(test4_downloadInvoice.java:70)
at AlphaSenseProject.QAhomeTask.test4_downloadInvoice.tearDown(test4_downloadInvoice.java:70)
at AlphaSenseProject.QAhomeTask.test4_downloadInvoice.tearDown(test4_downloadInvoice.java:70)
at AlphaSenseProject.QAhomeTask.test4_downloadInvoice.tearDown(test4_downloadInvoice.java:70)
at AlphaSenseProject.QAhomeTask.test4_downloadInvoice.tearDown(test4_downloadInvoice.java:70)
at AlphaSenseProject.QAhomeTask.test4_downloadInvoice.tearDown(test4_downloadInvoice.java:70)
at AlphaSenseProject.QAhomeTask.test4_downloadInvoice.tearDown(test4_downloadInvoice.java:70)
at AlphaSenseProject.QAhomeTask.test4_downloadInvoice.tearDown(test4_downloadInvoice.java:70)
at AlphaSenseProject.QAhomeTask.test4_downloadInvoice.tearDown(test4_downloadInvoice.java:70)
at AlphaSenseProject.QAhomeTask.test4_downloadInvoice.tearDown(test4_downloadInvoice.java:70)
at AlphaSenseProject.QAhomeTask.test4_downloadInvoice.tearDown(test4_downloadInvoice.java:70)
at AlphaSenseProject.QAhomeTask.test4_downloadInvoice.tearDown(test4_downloadInvoice.java:70)
at AlphaSenseProject.QAhomeTask.test4_downloadInvoice.tearDown(test4_downloadInvoice.java:70)
at AlphaSenseProject.QAhomeTask.test4_downloadInvoice.tearDown(test4_downloadInvoice.java:70)
at AlphaSenseProject.QAhomeTask.test4_downloadInvoice.tearDown(test4_downloadInvoice.java:70)
at AlphaSenseProject.QAhomeTask.test4_downloadInvoice.tearDown(test4_downloadInvoice.java:70)
at AlphaSenseProject.QAhomeTask.test4_downloadInvoice.tearDown(test4_downloadInvoice.java:70)
at AlphaSenseProject.QAhomeTask.test4_downloadInvoice.tearDown(test4_downloadInvoice.java:70)
at AlphaSenseProject.QAhomeTask.test4_downloadInvoice.tearDown(test4_downloadInvoice.java:70)
at AlphaSenseProject.QAhomeTask.test4_downloadInvoice.tearDown(test4_downloadInvoice.java:70)
at AlphaSenseProject.QAhomeTask.test4_downloadInvoice.tearDown(test4_downloadInvoice.java:70)
at AlphaSenseProject.QAhomeTask.test4_downloadInvoice.tearDown(test4_downloadInvoice.java:70)
at AlphaSenseProject.QAhomeTask.test4_downloadInvoice.tearDown(test4_downloadInvoice.java:70)
at AlphaSenseProject.QAhomeTask.test4_downloadInvoice.tearDown(test4_downloadInvoice.java:70)
at AlphaSenseProject.QAhomeTask.test4_downloadInvoice.tearDown(test4_downloadInvoice.java:70)
at AlphaSenseProject.QAhomeTask.test4_downloadInvoice.tearDown(test4_downloadInvoice.java:70)
at AlphaSenseProject.QAhomeTask.test4_downloadInvoice.tearDown(test4_downloadInvoice.java:70)
at AlphaSenseProject.QAhomeTask.test4_downloadInvoice.tearDown(test4_downloadInvoice.java:70)
at AlphaSenseProject.QAhomeTask.test4_downloadInvoice.tearDown(test4_downloadInvoice.java:70)
at AlphaSenseProject.QAhomeTask.test4_downloadInvoice.tearDown(test4_downloadInvoice.java:70)
at AlphaSenseProject.QAhomeTask.test4_downloadInvoice.tearDown(test4_downloadInvoice.java:70)
at AlphaSenseProject.QAhomeTask.test4_downloadInvoice.tearDown(test4_downloadInvoice.java:70)
at AlphaSenseProject.QAhomeTask.test4_downloadInvoice.tearDown(test4_downloadInvoice.java:70)
at AlphaSenseProject.QAhomeTask.test4_downloadInvoice.tearDown(test4_downloadInvoice.java:70)
at AlphaSenseProject.QAhomeTask.test4_downloadInvoice.tearDown(test4_downloadInvoice.java:70)
at AlphaSenseProject.QAhomeTask.test4_downloadInvoice.tearDown(test4_downloadInvoice.java:70)
at AlphaSenseProject.QAhomeTask.test4_downloadInvoice.tearDown(test4_downloadInvoice.java:70)
at AlphaSenseProject.QAhomeTask.test4_downloadInvoice.tearDown(test4_downloadInvoice.java:70)
at AlphaSenseProject.QAhomeTask.test4_downloadInvoice.tearDown(test4_downloadInvoice.java:70)
at AlphaSenseProject.QAhomeTask.test4_downloadInvoice.tearDown(test4_downloadInvoice.java:70)
at AlphaSenseProject.QAhomeTask.test4_downloadInvoice.tearDown(test4_downloadInvoice.java:70)
at AlphaSenseProject.QAhomeTask.test4_downloadInvoice.tearDown(test4_downloadInvoice.java:70)
at AlphaSenseProject.QAhomeTask.test4_downloadInvoice.tearDown(test4_downloadInvoice.java:70)
at AlphaSenseProject.QAhomeTask.test4_downloadInvoice.tearDown(test4_downloadInvoice.java:70)
at AlphaSenseProject.QAhomeTask.test4_downloadInvoice.tearDown(test4_downloadInvoice.java:70)
at AlphaSenseProject.QAhomeTask.test4_downloadInvoice.tearDown(test4_downloadInvoice.java:70)
at AlphaSenseProject.QAhomeTask.test4_downloadInvoice.tearDown(test4_downloadInvoice.java:70)
at AlphaSenseProject.QAhomeTask.test4_downloadInvoice.tearDown(test4_downloadInvoice.java:70)
at AlphaSenseProject.QAhomeTask.test4_downloadInvoice.tearDown(test4_downloadInvoice.java:70)
at AlphaSenseProject.QAhomeTask.test4_downloadInvoice.tearDown(test4_downloadInvoice.java:70)
at AlphaSenseProject.QAhomeTask.test4_downloadInvoice.tearDown(test4_downloadInvoice.java:70)
at AlphaSenseProject.QAhomeTask.test4_downloadInvoice.tearDown(test4_downloadInvoice.java:70)
at AlphaSenseProject.QAhomeTask.test4_downloadInvoice.tearDown(test4_downloadInvoice.java:70)
at AlphaSenseProject.QAhomeTask.test4_downloadInvoice.tearDown(test4_downloadInvoice.java:70)
at AlphaSenseProject.QAhomeTask.test4_downloadInvoice.tearDown(test4_downloadInvoice.java:70)
at AlphaSenseProject.QAhomeTask.test4_downloadInvoice.tearDown(test4_downloadInvoice.java:70)
at AlphaSenseProject.QAhomeTask.test4_downloadInvoice.tearDown(test4_downloadInvoice.java:70)
at AlphaSenseProject.QAhomeTask.test4_downloadInvoice.tearDown(test4_downloadInvoice.java:70)
at AlphaSenseProject.QAhomeTask.test4_downloadInvoice.tearDown(test4_downloadInvoice.java:70)
at AlphaSenseProject.QAhomeTask.test4_downloadInvoice.tearDown(test4_downloadInvoice.java:70)
at AlphaSenseProject.QAhomeTask.test4_downloadInvoice.tearDown(test4_downloadInvoice.java:70)
at AlphaSenseProject.QAhomeTask.test4_downloadInvoice.tearDown(test4_downloadInvoice.java:70)
at AlphaSenseProject.QAhomeTask.test4_downloadInvoice.tearDown(test4_downloadInvoice.java:70)
at AlphaSenseProject.QAhomeTask.test4_downloadInvoice.tearDown(test4_downloadInvoice.java:70)
at AlphaSenseProject.QAhomeTask.test4_downloadInvoice.tearDown(test4_downloadInvoice.java:70)
at AlphaSenseProject.QAhomeTask.test4_downloadInvoice.tearDown(test4_downloadInvoice.java:70)
at AlphaSenseProject.QAhomeTask.test4_downloadInvoice.tearDown(test4_downloadInvoice.java:70)
at AlphaSenseProject.QAhomeTask.test4_downloadInvoice.tearDown(test4_downloadInvoice.java:70)
at AlphaSenseProject.QAhomeTask.test4_downloadInvoice.tearDown(test4_downloadInvoice.java:70)
at AlphaSenseProject.QAhomeTask.test4_downloadInvoice.tearDown(test4_downloadInvoice.java:70)
at AlphaSenseProject.QAhomeTask.test4_downloadInvoice.tearDown(test4_downloadInvoice.java:70)
at AlphaSenseProject.QAhomeTask.test4_downloadInvoice.tearDown(test4_downloadInvoice.java:70)
at AlphaSenseProject.QAhomeTask.test4_downloadInvoice.tearDown(test4_downloadInvoice.java:70)
at AlphaSenseProject.QAhomeTask.test4_downloadInvoice.tearDown(test4_downloadInvoice.java:70)
at AlphaSenseProject.QAhomeTask.test4_downloadInvoice.tearDown(test4_downloadInvoice.java:70)
at AlphaSenseProject.QAhomeTask.test4_downloadInvoice.tearDown(test4_downloadInvoice.java:70)
at AlphaSenseProject.QAhomeTask.test4_downloadInvoice.tearDown(test4_downloadInvoice.java:70)
at AlphaSenseProject.QAhomeTask.test4_downloadInvoice.tearDown(test4_downloadInvoice.java:70)
at AlphaSenseProject.QAhomeTask.test4_downloadInvoice.tearDown(test4_downloadInvoice.java:70)
at AlphaSenseProject.QAhomeTask.test4_downloadInvoice.tearDown(test4_downloadInvoice.java:70)
at AlphaSenseProject.QAhomeTask.test4_downloadInvoice.tearDown(test4_downloadInvoice.java:70)
at AlphaSenseProject.QAhomeTask.test4_downloadInvoice.tearDown(test4_downloadInvoice.java:70)
at AlphaSenseProject.QAhomeTask.test4_downloadInvoice.tearDown(test4_downloadInvoice.java:70)
at AlphaSenseProject.QAhomeTask.test4_downloadInvoice.tearDown(test4_downloadInvoice.java:70)
at AlphaSenseProject.QAhomeTask.test4_downloadInvoice.tearDown(test4_downloadInvoice.java:70)
at AlphaSenseProject.QAhomeTask.test4_downloadInvoice.tearDown(test4_downloadInvoice.java:70)
at AlphaSenseProject.QAhomeTask.test4_downloadInvoice.tearDown(test4_downloadInvoice.java:70)
at AlphaSenseProject.QAhomeTask.test4_downloadInvoice.tearDown(test4_downloadInvoice.java:70)
at AlphaSenseProject.QAhomeTask.test4_downloadInvoice.tearDown(test4_downloadInvoice.java:70)
at AlphaSenseProject.QAhomeTask.test4_downloadInvoice.tearDown(test4_downloadInvoice.java:70)
at AlphaSenseProject.QAhomeTask.test4_downloadInvoice.tearDown(test4_downloadInvoice.java:70)
at AlphaSenseProject.QAhomeTask.test4_downloadInvoice.tearDown(test4_downloadInvoice.java:70)
at AlphaSenseProject.QAhomeTask.test4_downloadInvoice.tearDown(test4_downloadInvoice.java:70)
at AlphaSenseProject.QAhomeTask.test4_downloadInvoice.tearDown(test4_downloadInvoice.java:70)
at AlphaSenseProject.QAhomeTask.test4_downloadInvoice.tearDown(test4_downloadInvoice.java:70)
at AlphaSenseProject.QAhomeTask.test4_downloadInvoice.tearDown(test4_downloadInvoice.java:70)
at AlphaSenseProject.QAhomeTask.test4_downloadInvoice.tearDown(test4_downloadInvoice.java:70)
at AlphaSenseProject.QAhomeTask.test4_downloadInvoice.tearDown(test4_downloadInvoice.java:70)
at AlphaSenseProject.QAhomeTask.test4_downloadInvoice.tearDown(test4_downloadInvoice.java:70)
at AlphaSenseProject.QAhomeTask.test4_downloadInvoice.tearDown(test4_downloadInvoice.java:70)
at AlphaSenseProject.QAhomeTask.test4_downloadInvoice.tearDown(test4_downloadInvoice.java:70)
at AlphaSenseProject.QAhomeTask.test4_downloadInvoice.tearDown(test4_downloadInvoice.java:70)
at AlphaSenseProject.QAhomeTask.test4_downloadInvoice.tearDown(test4_downloadInvoice.java:70)
at AlphaSenseProject.QAhomeTask.test4_downloadInvoice.tearDown(test4_downloadInvoice.java:70)
at AlphaSenseProject.QAhomeTask.test4_downloadInvoice.tearDown(test4_downloadInvoice.java:70)
at AlphaSenseProject.QAhomeTask.test4_downloadInvoice.tearDown(test4_downloadInvoice.java:70)
at AlphaSenseProject.QAhomeTask.test4_downloadInvoice.tearDown(test4_downloadInvoice.java:70)
at AlphaSenseProject.QAhomeTask.test4_downloadInvoice.tearDown(test4_downloadInvoice.java:70)
at AlphaSenseProject.QAhomeTask.test4_downloadInvoice.tearDown(test4_downloadInvoice.java:70)
at AlphaSenseProject.QAhomeTask.test4_downloadInvoice.tearDown(test4_downloadInvoice.java:70)
at AlphaSenseProject.QAhomeTask.test4_downloadInvoice.tearDown(test4_downloadInvoice.java:70)
at AlphaSenseProject.QAhomeTask.test4_downloadInvoice.tearDown(test4_downloadInvoice.java:70)
at AlphaSenseProject.QAhomeTask.test4_downloadInvoice.tearDown(test4_downloadInvoice.java:70)
at AlphaSenseProject.QAhomeTask.test4_downloadInvoice.tearDown(test4_downloadInvoice.java:70)
at AlphaSenseProject.QAhomeTask.test4_downloadInvoice.tearDown(test4_downloadInvoice.java:70)
at AlphaSenseProject.QAhomeTask.test4_downloadInvoice.tearDown(test4_downloadInvoice.java:70)
at AlphaSenseProject.QAhomeTask.test4_downloadInvoice.tearDown(test4_downloadInvoice.java:70)
at AlphaSenseProject.QAhomeTask.test4_downloadInvoice.tearDown(test4_downloadInvoice.java:70)
at AlphaSenseProject.QAhomeTask.test4_downloadInvoice.tearDown(test4_downloadInvoice.java:70)
at AlphaSenseProject.QAhomeTask.test4_downloadInvoice.tearDown(test4_downloadInvoice.java:70)
at AlphaSenseProject.QAhomeTask.test4_downloadInvoice.tearDown(test4_downloadInvoice.java:70)
at AlphaSenseProject.QAhomeTask.test4_downloadInvoice.tearDown(test4_downloadInvoice.java:70)
at AlphaSenseProject.QAhomeTask.test4_downloadInvoice.tearDown(test4_downloadInvoice.java:70)
at AlphaSenseProject.QAhomeTask.test4_downloadInvoice.tearDown(test4_downloadInvoice.java:70)
at AlphaSenseProject.QAhomeTask.test4_downloadInvoice.tearDown(test4_downloadInvoice.java:70)
at AlphaSenseProject.QAhomeTask.test4_downloadInvoice.tearDown(test4_downloadInvoice.java:70)
at AlphaSenseProject.QAhomeTask.test4_downloadInvoice.tearDown(test4_downloadInvoice.java:70)
at AlphaSenseProject.QAhomeTask.test4_downloadInvoice.tearDown(test4_downloadInvoice.java:70)
at AlphaSenseProject.QAhomeTask.test4_downloadInvoice.tearDown(test4_downloadInvoice.java:70)
at AlphaSenseProject.QAhomeTask.test4_downloadInvoice.tearDown(test4_downloadInvoice.java:70)
at AlphaSenseProject.QAhomeTask.test4_downloadInvoice.tearDown(test4_downloadInvoice.java:70)
at AlphaSenseProject.QAhomeTask.test4_downloadInvoice.tearDown(test4_downloadInvoice.java:70)
at AlphaSenseProject.QAhomeTask.test4_downloadInvoice.tearDown(test4_downloadInvoice.java:70)
at AlphaSenseProject.QAhomeTask.test4_downloadInvoice.tearDown(test4_downloadInvoice.java:70)
at AlphaSenseProject.QAhomeTask.test4_downloadInvoice.tearDown(test4_downloadInvoice.java:70)
at AlphaSenseProject.QAhomeTask.test4_downloadInvoice.tearDown(test4_downloadInvoice.java:70)
at AlphaSenseProject.QAhomeTask.test4_downloadInvoice.tearDown(test4_downloadInvoice.java:70)
at AlphaSenseProject.QAhomeTask.test4_downloadInvoice.tearDown(test4_downloadInvoice.java:70)
at AlphaSenseProject.QAhomeTask.test4_downloadInvoice.tearDown(test4_downloadInvoice.java:70)
at AlphaSenseProject.QAhomeTask.test4_downloadInvoice.tearDown(test4_downloadInvoice.java:70)
at AlphaSenseProject.QAhomeTask.test4_downloadInvoice.tearDown(test4_downloadInvoice.java:70)
at AlphaSenseProject.QAhomeTask.test4_downloadInvoice.tearDown(test4_downloadInvoice.java:70)
at AlphaSenseProject.QAhomeTask.test4_downloadInvoice.tearDown(test4_downloadInvoice.java:70)
at AlphaSenseProject.QAhomeTask.test4_downloadInvoice.tearDown(test4_downloadInvoice.java:70)
at AlphaSenseProject.QAhomeTask.test4_downloadInvoice.tearDown(test4_downloadInvoice.java:70)
at AlphaSenseProject.QAhomeTask.test4_downloadInvoice.tearDown(test4_downloadInvoice.java:70)
at AlphaSenseProject.QAhomeTask.test4_downloadInvoice.tearDown(test4_downloadInvoice.java:70)
at AlphaSenseProject.QAhomeTask.test4_downloadInvoice.tearDown(test4_downloadInvoice.java:70)
at AlphaSenseProject.QAhomeTask.test4_downloadInvoice.tearDown(test4_downloadInvoice.java:70)
at AlphaSenseProject.QAhomeTask.test4_downloadInvoice.tearDown(test4_downloadInvoice.java:70)
at AlphaSenseProject.QAhomeTask.test4_downloadInvoice.tearDown(test4_downloadInvoice.java:70)
at AlphaSenseProject.QAhomeTask.test4_downloadInvoice.tearDown(test4_downloadInvoice.java:70)
at AlphaSenseProject.QAhomeTask.test4_downloadInvoice.tearDown(test4_downloadInvoice.java:70)
at AlphaSenseProject.QAhomeTask.test4_downloadInvoice.tearDown(test4_downloadInvoice.java:70)
at AlphaSenseProject.QAhomeTask.test4_downloadInvoice.tearDown(test4_downloadInvoice.java:70)
at AlphaSenseProject.QAhomeTask.test4_downloadInvoice.tearDown(test4_downloadInvoice.java:70)
at AlphaSenseProject.QAhomeTask.test4_downloadInvoice.tearDown(test4_downloadInvoice.java:70)
at AlphaSenseProject.QAhomeTask.test4_downloadInvoice.tearDown(test4_downloadInvoice.java:70)
at AlphaSenseProject.QAhomeTask.test4_downloadInvoice.tearDown(test4_downloadInvoice.java:70)
at AlphaSenseProject.QAhomeTask.test4_downloadInvoice.tearDown(test4_downloadInvoice.java:70)
at AlphaSenseProject.QAhomeTask.test4_downloadInvoice.tearDown(test4_downloadInvoice.java:70)
at AlphaSenseProject.QAhomeTask.test4_downloadInvoice.tearDown(test4_downloadInvoice.java:70)
at AlphaSenseProject.QAhomeTask.test4_downloadInvoice.tearDown(test4_downloadInvoice.java:70)
at AlphaSenseProject.QAhomeTask.test4_downloadInvoice.tearDown(test4_downloadInvoice.java:70)
at AlphaSenseProject.QAhomeTask.test4_downloadInvoice.tearDown(test4_downloadInvoice.java:70)
at AlphaSenseProject.QAhomeTask.test4_downloadInvoice.tearDown(test4_downloadInvoice.java:70)
at AlphaSenseProject.QAhomeTask.test4_downloadInvoice.tearDown(test4_downloadInvoice.java:70)
at AlphaSenseProject.QAhomeTask.test4_downloadInvoice.tearDown(test4_downloadInvoice.java:70)
at AlphaSenseProject.QAhomeTask.test4_downloadInvoice.tearDown(test4_downloadInvoice.java:70)
at AlphaSenseProject.QAhomeTask.test4_downloadInvoice.tearDown(test4_downloadInvoice.java:70)
at AlphaSenseProject.QAhomeTask.test4_downloadInvoice.tearDown(test4_downloadInvoice.java:70)
at AlphaSenseProject.QAhomeTask.test4_downloadInvoice.tearDown(test4_downloadInvoice.java:70)
at AlphaSenseProject.QAhomeTask.test4_downloadInvoice.tearDown(test4_downloadInvoice.java:70)
at AlphaSenseProject.QAhomeTask.test4_downloadInvoice.tearDown(test4_downloadInvoice.java:70)
at AlphaSenseProject.QAhomeTask.test4_downloadInvoice.tearDown(test4_downloadInvoice.java:70)
at AlphaSenseProject.QAhomeTask.test4_downloadInvoice.tearDown(test4_downloadInvoice.java:70)
at AlphaSenseProject.QAhomeTask.test4_downloadInvoice.tearDown(test4_downloadInvoice.java:70)
at AlphaSenseProject.QAhomeTask.test4_downloadInvoice.tearDown(test4_downloadInvoice.java:70)
at AlphaSenseProject.QAhomeTask.test4_downloadInvoice.tearDown(test4_downloadInvoice.java:70)
at AlphaSenseProject.QAhomeTask.test4_downloadInvoice.tearDown(test4_downloadInvoice.java:70)
at AlphaSenseProject.QAhomeTask.test4_downloadInvoice.tearDown(test4_downloadInvoice.java:70)
at AlphaSenseProject.QAhomeTask.test4_downloadInvoice.tearDown(test4_downloadInvoice.java:70)
at AlphaSenseProject.QAhomeTask.test4_downloadInvoice.tearDown(test4_downloadInvoice.java:70)
at AlphaSenseProject.QAhomeTask.test4_downloadInvoice.tearDown(test4_downloadInvoice.java:70)
at AlphaSenseProject.QAhomeTask.test4_downloadInvoice.tearDown(test4_downloadInvoice.java:70)
at AlphaSenseProject.QAhomeTask.test4_downloadInvoice.tearDown(test4_downloadInvoice.java:70)
at AlphaSenseProject.QAhomeTask.test4_downloadInvoice.tearDown(test4_downloadInvoice.java:70)
at AlphaSenseProject.QAhomeTask.test4_downloadInvoice.tearDown(test4_downloadInvoice.java:70)
at AlphaSenseProject.QAhomeTask.test4_downloadInvoice.tearDown(test4_downloadInvoice.java:70)
at AlphaSenseProject.QAhomeTask.test4_downloadInvoice.tearDown(test4_downloadInvoice.java:70)
at AlphaSenseProject.QAhomeTask.test4_downloadInvoice.tearDown(test4_downloadInvoice.java:70)
at AlphaSenseProject.QAhomeTask.test4_downloadInvoice.tearDown(test4_downloadInvoice.java:70)
at AlphaSenseProject.QAhomeTask.test4_downloadInvoice.tearDown(test4_downloadInvoice.java:70)
at AlphaSenseProject.QAhomeTask.test4_downloadInvoice.tearDown(test4_downloadInvoice.java:70)
at AlphaSenseProject.QAhomeTask.test4_downloadInvoice.tearDown(test4_downloadInvoice.java:70)
at AlphaSenseProject.QAhomeTask.test4_downloadInvoice.tearDown(test4_downloadInvoice.java:70)
at AlphaSenseProject.QAhomeTask.test4_downloadInvoice.tearDown(test4_downloadInvoice.java:70)
at AlphaSenseProject.QAhomeTask.test4_downloadInvoice.tearDown(test4_downloadInvoice.java:70)
at AlphaSenseProject.QAhomeTask.test4_downloadInvoice.tearDown(test4_downloadInvoice.java:70)
at AlphaSenseProject.QAhomeTask.test4_downloadInvoice.tearDown(test4_downloadInvoice.java:70)
at AlphaSenseProject.QAhomeTask.test4_downloadInvoice.tearDown(test4_downloadInvoice.java:70)
at AlphaSenseProject.QAhomeTask.test4_downloadInvoice.tearDown(test4_downloadInvoice.java:70)
at AlphaSenseProject.QAhomeTask.test4_downloadInvoice.tearDown(test4_downloadInvoice.java:70)
at AlphaSenseProject.QAhomeTask.test4_downloadInvoice.tearDown(test4_downloadInvoice.java:70)
at AlphaSenseProject.QAhomeTask.test4_downloadInvoice.tearDown(test4_downloadInvoice.java:70)
at AlphaSenseProject.QAhomeTask.test4_downloadInvoice.tearDown(test4_downloadInvoice.java:70)
at AlphaSenseProject.QAhomeTask.test4_downloadInvoice.tearDown(test4_downloadInvoice.java:70)
at AlphaSenseProject.QAhomeTask.test4_downloadInvoice.tearDown(test4_downloadInvoice.java:70)
at AlphaSenseProject.QAhomeTask.test4_downloadInvoice.tearDown(test4_downloadInvoice.java:70)
at AlphaSenseProject.QAhomeTask.test4_downloadInvoice.tearDown(test4_downloadInvoice.java:70)
at AlphaSenseProject.QAhomeTask.test4_downloadInvoice.tearDown(test4_downloadInvoice.java:70)
at AlphaSenseProject.QAhomeTask.test4_downloadInvoice.tearDown(test4_downloadInvoice.java:70)
at AlphaSenseProject.QAhomeTask.test4_downloadInvoice.tearDown(test4_downloadInvoice.java:70)
at AlphaSenseProject.QAhomeTask.test4_downloadInvoice.tearDown(test4_downloadInvoice.java:70)
at AlphaSenseProject.QAhomeTask.test4_downloadInvoice.tearDown(test4_downloadInvoice.java:70)
at AlphaSenseProject.QAhomeTask.test4_downloadInvoice.tearDown(test4_downloadInvoice.java:70)
at AlphaSenseProject.QAhomeTask.test4_downloadInvoice.tearDown(test4_downloadInvoice.java:70)
at AlphaSenseProject.QAhomeTask.test4_downloadInvoice.tearDown(test4_downloadInvoice.java:70)
at AlphaSenseProject.QAhomeTask.test4_downloadInvoice.tearDown(test4_downloadInvoice.java:70)
at AlphaSenseProject.QAhomeTask.test4_downloadInvoice.tearDown(test4_downloadInvoice.java:70)
at AlphaSenseProject.QAhomeTask.test4_downloadInvoice.tearDown(test4_downloadInvoice.java:70)
at AlphaSenseProject.QAhomeTask.test4_downloadInvoice.tearDown(test4_downloadInvoice.java:70)
at AlphaSenseProject.QAhomeTask.test4_downloadInvoice.tearDown(test4_downloadInvoice.java:70)
at AlphaSenseProject.QAhomeTask.test4_downloadInvoice.tearDown(test4_downloadInvoice.java:70)
at AlphaSenseProject.QAhomeTask.test4_downloadInvoice.tearDown(test4_downloadInvoice.java:70)
at AlphaSenseProject.QAhomeTask.test4_downloadInvoice.tearDown(test4_downloadInvoice.java:70)
at AlphaSenseProject.QAhomeTask.test4_downloadInvoice.tearDown(test4_downloadInvoice.java:70)
at AlphaSenseProject.QAhomeTask.test4_downloadInvoice.tearDown(test4_downloadInvoice.java:70)
at AlphaSenseProject.QAhomeTask.test4_downloadInvoice.tearDown(test4_downloadInvoice.java:70)
at AlphaSenseProject.QAhomeTask.test4_downloadInvoice.tearDown(test4_downloadInvoice.java:70)
at AlphaSenseProject.QAhomeTask.test4_downloadInvoice.tearDown(test4_downloadInvoice.java:70)
at AlphaSenseProject.QAhomeTask.test4_downloadInvoice.tearDown(test4_downloadInvoice.java:70)
at AlphaSenseProject.QAhomeTask.test4_downloadInvoice.tearDown(test4_downloadInvoice.java:70)
at AlphaSenseProject.QAhomeTask.test4_downloadInvoice.tearDown(test4_downloadInvoice.java:70)
at AlphaSenseProject.QAhomeTask.test4_downloadInvoice.tearDown(test4_downloadInvoice.java:70)
at AlphaSenseProject.QAhomeTask.test4_downloadInvoice.tearDown(test4_downloadInvoice.java:70)
at AlphaSenseProject.QAhomeTask.test4_downloadInvoice.tearDown(test4_downloadInvoice.java:70)
at AlphaSenseProject.QAhomeTask.test4_downloadInvoice.tearDown(test4_downloadInvoice.java:70)
at AlphaSenseProject.QAhomeTask.test4_downloadInvoice.tearDown(test4_downloadInvoice.java:70)
at AlphaSenseProject.QAhomeTask.test4_downloadInvoice.tearDown(test4_downloadInvoice.java:70)
at AlphaSenseProject.QAhomeTask.test4_downloadInvoice.tearDown(test4_downloadInvoice.java:70)
at AlphaSenseProject.QAhomeTask.test4_downloadInvoice.tearDown(test4_downloadInvoice.java:70)
at AlphaSenseProject.QAhomeTask.test4_downloadInvoice.tearDown(test4_downloadInvoice.java:70)
at AlphaSenseProject.QAhomeTask.test4_downloadInvoice.tearDown(test4_downloadInvoice.java:70)
at AlphaSenseProject.QAhomeTask.test4_downloadInvoice.tearDown(test4_downloadInvoice.java:70)
at AlphaSenseProject.QAhomeTask.test4_downloadInvoice.tearDown(test4_downloadInvoice.java:70)
at AlphaSenseProject.QAhomeTask.test4_downloadInvoice.tearDown(test4_downloadInvoice.java:70)
at AlphaSenseProject.QAhomeTask.test4_downloadInvoice.tearDown(test4_downloadInvoice.java:70)
at AlphaSenseProject.QAhomeTask.test4_downloadInvoice.tearDown(test4_downloadInvoice.java:70)
at AlphaSenseProject.QAhomeTask.test4_downloadInvoice.tearDown(test4_downloadInvoice.java:70)
at AlphaSenseProject.QAhomeTask.test4_downloadInvoice.tearDown(test4_downloadInvoice.java:70)
at AlphaSenseProject.QAhomeTask.test4_downloadInvoice.tearDown(test4_downloadInvoice.java:70)
at AlphaSenseProject.QAhomeTask.test4_downloadInvoice.tearDown(test4_downloadInvoice.java:70)
at AlphaSenseProject.QAhomeTask.test4_downloadInvoice.tearDown(test4_downloadInvoice.java:70)
at AlphaSenseProject.QAhomeTask.test4_downloadInvoice.tearDown(test4_downloadInvoice.java:70)
at AlphaSenseProject.QAhomeTask.test4_downloadInvoice.tearDown(test4_downloadInvoice.java:70)
at AlphaSenseProject.QAhomeTask.test4_downloadInvoice.tearDown(test4_downloadInvoice.java:70)
at AlphaSenseProject.QAhomeTask.test4_downloadInvoice.tearDown(test4_downloadInvoice.java:70)
at AlphaSenseProject.QAhomeTask.test4_downloadInvoice.tearDown(test4_downloadInvoice.java:70)
at AlphaSenseProject.QAhomeTask.test4_downloadInvoice.tearDown(test4_downloadInvoice.java:70)
at AlphaSenseProject.QAhomeTask.test4_downloadInvoice.tearDown(test4_downloadInvoice.java:70)
at AlphaSenseProject.QAhomeTask.test4_downloadInvoice.tearDown(test4_downloadInvoice.java:70)
at AlphaSenseProject.QAhomeTask.test4_downloadInvoice.tearDown(test4_downloadInvoice.java:70)
at AlphaSenseProject.QAhomeTask.test4_downloadInvoice.tearDown(test4_downloadInvoice.java:70)
at AlphaSenseProject.QAhomeTask.test4_downloadInvoice.tearDown(test4_downloadInvoice.java:70)
at AlphaSenseProject.QAhomeTask.test4_downloadInvoice.tearDown(test4_downloadInvoice.java:70)
at AlphaSenseProject.QAhomeTask.test4_downloadInvoice.tearDown(test4_downloadInvoice.java:70)
at AlphaSenseProject.QAhomeTask.test4_downloadInvoice.tearDown(test4_downloadInvoice.java:70)
at AlphaSenseProject.QAhomeTask.test4_downloadInvoice.tearDown(test4_downloadInvoice.java:70)
at AlphaSenseProject.QAhomeTask.test4_downloadInvoice.tearDown(test4_downloadInvoice.java:70)
at AlphaSenseProject.QAhomeTask.test4_downloadInvoice.tearDown(test4_downloadInvoice.java:70)
at AlphaSenseProject.QAhomeTask.test4_downloadInvoice.tearDown(test4_downloadInvoice.java:70)
at AlphaSenseProject.QAhomeTask.test4_downloadInvoice.tearDown(test4_downloadInvoice.java:70)
at AlphaSenseProject.QAhomeTask.test4_downloadInvoice.tearDown(test4_downloadInvoice.java:70)
at AlphaSenseProject.QAhomeTask.test4_downloadInvoice.tearDown(test4_downloadInvoice.java:70)
at AlphaSenseProject.QAhomeTask.test4_downloadInvoice.tearDown(test4_downloadInvoice.java:70)
at AlphaSenseProject.QAhomeTask.test4_downloadInvoice.tearDown(test4_downloadInvoice.java:70)
at AlphaSenseProject.QAhomeTask.test4_downloadInvoice.tearDown(test4_downloadInvoice.java:70)
at AlphaSenseProject.QAhomeTask.test4_downloadInvoice.tearDown(test4_downloadInvoice.java:70)
at AlphaSenseProject.QAhomeTask.test4_downloadInvoice.tearDown(test4_downloadInvoice.java:70)
at AlphaSenseProject.QAhomeTask.test4_downloadInvoice.tearDown(test4_downloadInvoice.java:70)
at AlphaSenseProject.QAhomeTask.test4_downloadInvoice.tearDown(test4_downloadInvoice.java:70)
at AlphaSenseProject.QAhomeTask.test4_downloadInvoice.tearDown(test4_downloadInvoice.java:70)
at AlphaSenseProject.QAhomeTask.test4_downloadInvoice.tearDown(test4_downloadInvoice.java:70)
at AlphaSenseProject.QAhomeTask.test4_downloadInvoice.tearDown(test4_downloadInvoice.java:70)
at AlphaSenseProject.QAhomeTask.test4_downloadInvoice.tearDown(test4_downloadInvoice.java:70)
at AlphaSenseProject.QAhomeTask.test4_downloadInvoice.tearDown(test4_downloadInvoice.java:70)
at AlphaSenseProject.QAhomeTask.test4_downloadInvoice.tearDown(test4_downloadInvoice.java:70)
at AlphaSenseProject.QAhomeTask.test4_downloadInvoice.tearDown(test4_downloadInvoice.java:70)
at AlphaSenseProject.QAhomeTask.test4_downloadInvoice.tearDown(test4_downloadInvoice.java:70)
at AlphaSenseProject.QAhomeTask.test4_downloadInvoice.tearDown(test4_downloadInvoice.java:70)
at AlphaSenseProject.QAhomeTask.test4_downloadInvoice.tearDown(test4_downloadInvoice.java:70)
at AlphaSenseProject.QAhomeTask.test4_downloadInvoice.tearDown(test4_downloadInvoice.java:70)
at AlphaSenseProject.QAhomeTask.test4_downloadInvoice.tearDown(test4_downloadInvoice.java:70)
at AlphaSenseProject.QAhomeTask.test4_downloadInvoice.tearDown(test4_downloadInvoice.java:70)
at AlphaSenseProject.QAhomeTask.test4_downloadInvoice.tearDown(test4_downloadInvoice.java:70)
at AlphaSenseProject.QAhomeTask.test4_downloadInvoice.tearDown(test4_downloadInvoice.java:70)
at AlphaSenseProject.QAhomeTask.test4_downloadInvoice.tearDown(test4_downloadInvoice.java:70)
at AlphaSenseProject.QAhomeTask.test4_downloadInvoice.tearDown(test4_downloadInvoice.java:70)
at AlphaSenseProject.QAhomeTask.test4_downloadInvoice.tearDown(test4_downloadInvoice.java:70)
at AlphaSenseProject.QAhomeTask.test4_downloadInvoice.tearDown(test4_downloadInvoice.java:70)
at AlphaSenseProject.QAhomeTask.test4_downloadInvoice.tearDown(test4_downloadInvoice.java:70)
at AlphaSenseProject.QAhomeTask.test4_downloadInvoice.tearDown(test4_downloadInvoice.java:70)
at AlphaSenseProject.QAhomeTask.test4_downloadInvoice.tearDown(test4_downloadInvoice.java:70)
at AlphaSenseProject.QAhomeTask.test4_downloadInvoice.tearDown(test4_downloadInvoice.java:70)
at AlphaSenseProject.QAhomeTask.test4_downloadInvoice.tearDown(test4_downloadInvoice.java:70)
at AlphaSenseProject.QAhomeTask.test4_downloadInvoice.tearDown(test4_downloadInvoice.java:70)
at AlphaSenseProject.QAhomeTask.test4_downloadInvoice.tearDown(test4_downloadInvoice.java:70)
at AlphaSenseProject.QAhomeTask.test4_downloadInvoice.tearDown(test4_downloadInvoice.java:70)
at AlphaSenseProject.QAhomeTask.test4_downloadInvoice.tearDown(test4_downloadInvoice.java:70)
at AlphaSenseProject.QAhomeTask.test4_downloadInvoice.tearDown(test4_downloadInvoice.java:70)
at AlphaSenseProject.QAhomeTask.test4_downloadInvoice.tearDown(test4_downloadInvoice.java:70)
at AlphaSenseProject.QAhomeTask.test4_downloadInvoice.tearDown(test4_downloadInvoice.java:70)
at AlphaSenseProject.QAhomeTask.test4_downloadInvoice.tearDown(test4_downloadInvoice.java:70)
at AlphaSenseProject.QAhomeTask.test4_downloadInvoice.tearDown(test4_downloadInvoice.java:70)
at AlphaSenseProject.QAhomeTask.test4_downloadInvoice.tearDown(test4_downloadInvoice.java:70)
at AlphaSenseProject.QAhomeTask.test4_downloadInvoice.tearDown(test4_downloadInvoice.java:70)
at AlphaSenseProject.QAhomeTask.test4_downloadInvoice.tearDown(test4_downloadInvoice.java:70)
at AlphaSenseProject.QAhomeTask.test4_downloadInvoice.tearDown(test4_downloadInvoice.java:70)
at AlphaSenseProject.QAhomeTask.test4_downloadInvoice.tearDown(test4_downloadInvoice.java:70)
at AlphaSenseProject.QAhomeTask.test4_downloadInvoice.tearDown(test4_downloadInvoice.java:70)
at AlphaSenseProject.QAhomeTask.test4_downloadInvoice.tearDown(test4_downloadInvoice.java:70)
at AlphaSenseProject.QAhomeTask.test4_downloadInvoice.tearDown(test4_downloadInvoice.java:70)
at AlphaSenseProject.QAhomeTask.test4_downloadInvoice.tearDown(test4_downloadInvoice.java:70)
at AlphaSenseProject.QAhomeTask.test4_downloadInvoice.tearDown(test4_downloadInvoice.java:70)
at AlphaSenseProject.QAhomeTask.test4_downloadInvoice.tearDown(test4_downloadInvoice.java:70)
at AlphaSenseProject.QAhomeTask.test4_downloadInvoice.tearDown(test4_downloadInvoice.java:70)
at AlphaSenseProject.QAhomeTask.test4_downloadInvoice.tearDown(test4_downloadInvoice.java:70)
at AlphaSenseProject.QAhomeTask.test4_downloadInvoice.tearDown(test4_downloadInvoice.java:70)
at AlphaSenseProject.QAhomeTask.test4_downloadInvoice.tearDown(test4_downloadInvoice.java:70)
at AlphaSenseProject.QAhomeTask.test4_downloadInvoice.tearDown(test4_downloadInvoice.java:70)
at AlphaSenseProject.QAhomeTask.test4_downloadInvoice.tearDown(test4_downloadInvoice.java:70)
at AlphaSenseProject.QAhomeTask.test4_downloadInvoice.tearDown(test4_downloadInvoice.java:70)
at AlphaSenseProject.QAhomeTask.test4_downloadInvoice.tearDown(test4_downloadInvoice.java:70)
at AlphaSenseProject.QAhomeTask.test4_downloadInvoice.tearDown(test4_downloadInvoice.java:70)
at AlphaSenseProject.QAhomeTask.test4_downloadInvoice.tearDown(test4_downloadInvoice.java:70)
at AlphaSenseProject.QAhomeTask.test4_downloadInvoice.tearDown(test4_downloadInvoice.java:70)
at AlphaSenseProject.QAhomeTask.test4_downloadInvoice.tearDown(test4_downloadInvoice.java:70)
at AlphaSenseProject.QAhomeTask.test4_downloadInvoice.tearDown(test4_downloadInvoice.java:70)
at AlphaSenseProject.QAhomeTask.test4_downloadInvoice.tearDown(test4_downloadInvoice.java:70)
at AlphaSenseProject.QAhomeTask.test4_downloadInvoice.tearDown(test4_downloadInvoice.java:70)
at AlphaSenseProject.QAhomeTask.test4_downloadInvoice.tearDown(test4_downloadInvoice.java:70)
at AlphaSenseProject.QAhomeTask.test4_downloadInvoice.tearDown(test4_downloadInvoice.java:70)
at AlphaSenseProject.QAhomeTask.test4_downloadInvoice.tearDown(test4_downloadInvoice.java:70)
at AlphaSenseProject.QAhomeTask.test4_downloadInvoice.tearDown(test4_downloadInvoice.java:70)
at AlphaSenseProject.QAhomeTask.test4_downloadInvoice.tearDown(test4_downloadInvoice.java:70)
at AlphaSenseProject.QAhomeTask.test4_downloadInvoice.tearDown(test4_downloadInvoice.java:70)
at AlphaSenseProject.QAhomeTask.test4_downloadInvoice.tearDown(test4_downloadInvoice.java:70)
at AlphaSenseProject.QAhomeTask.test4_downloadInvoice.tearDown(test4_downloadInvoice.java:70)
at AlphaSenseProject.QAhomeTask.test4_downloadInvoice.tearDown(test4_downloadInvoice.java:70)
at AlphaSenseProject.QAhomeTask.test4_downloadInvoice.tearDown(test4_downloadInvoice.java:70)
at AlphaSenseProject.QAhomeTask.test4_downloadInvoice.tearDown(test4_downloadInvoice.java:70)
at AlphaSenseProject.QAhomeTask.test4_downloadInvoice.tearDown(test4_downloadInvoice.java:70)
at AlphaSenseProject.QAhomeTask.test4_downloadInvoice.tearDown(test4_downloadInvoice.java:70)
at AlphaSenseProject.QAhomeTask.test4_downloadInvoice.tearDown(test4_downloadInvoice.java:70)
at AlphaSenseProject.QAhomeTask.test4_downloadInvoice.tearDown(test4_downloadInvoice.java:70)
at AlphaSenseProject.QAhomeTask.test4_downloadInvoice.tearDown(test4_downloadInvoice.java:70)
at AlphaSenseProject.QAhomeTask.test4_downloadInvoice.tearDown(test4_downloadInvoice.java:70)
at AlphaSenseProject.QAhomeTask.test4_downloadInvoice.tearDown(test4_downloadInvoice.java:70)
at AlphaSenseProject.QAhomeTask.test4_downloadInvoice.tearDown(test4_downloadInvoice.java:70)
at AlphaSenseProject.QAhomeTask.test4_downloadInvoice.tearDown(test4_downloadInvoice.java:70)
at AlphaSenseProject.QAhomeTask.test4_downloadInvoice.tearDown(test4_downloadInvoice.java:70)
at AlphaSenseProject.QAhomeTask.test4_downloadInvoice.tearDown(test4_downloadInvoice.java:70)
at AlphaSenseProject.QAhomeTask.test4_downloadInvoice.tearDown(test4_downloadInvoice.java:70)
at AlphaSenseProject.QAhomeTask.test4_downloadInvoice.tearDown(test4_downloadInvoice.java:70)
at AlphaSenseProject.QAhomeTask.test4_downloadInvoice.tearDown(test4_downloadInvoice.java:70)
at AlphaSenseProject.QAhomeTask.test4_downloadInvoice.tearDown(test4_downloadInvoice.java:70)
at AlphaSenseProject.QAhomeTask.test4_downloadInvoice.tearDown(test4_downloadInvoice.java:70)
at AlphaSenseProject.QAhomeTask.test4_downloadInvoice.tearDown(test4_downloadInvoice.java:70)
at AlphaSenseProject.QAhomeTask.test4_downloadInvoice.tearDown(test4_downloadInvoice.java:70)
at AlphaSenseProject.QAhomeTask.test4_downloadInvoice.tearDown(test4_downloadInvoice.java:70)
at AlphaSenseProject.QAhomeTask.test4_downloadInvoice.tearDown(test4_downloadInvoice.java:70)
at AlphaSenseProject.QAhomeTask.test4_downloadInvoice.tearDown(test4_downloadInvoice.java:70)
at AlphaSenseProject.QAhomeTask.test4_downloadInvoice.tearDown(test4_downloadInvoice.java:70)
at AlphaSenseProject.QAhomeTask.test4_downloadInvoice.tearDown(test4_downloadInvoice.java:70)
at AlphaSenseProject.QAhomeTask.test4_downloadInvoice.tearDown(test4_downloadInvoice.java:70)
at AlphaSenseProject.QAhomeTask.test4_downloadInvoice.tearDown(test4_downloadInvoice.java:70)
at AlphaSenseProject.QAhomeTask.test4_downloadInvoice.tearDown(test4_downloadInvoice.java:70)
at AlphaSenseProject.QAhomeTask.test4_downloadInvoice.tearDown(test4_downloadInvoice.java:70)
at AlphaSenseProject.QAhomeTask.test4_downloadInvoice.tearDown(test4_downloadInvoice.java:70)
at AlphaSenseProject.QAhomeTask.test4_downloadInvoice.tearDown(test4_downloadInvoice.java:70)
at AlphaSenseProject.QAhomeTask.test4_downloadInvoice.tearDown(test4_downloadInvoice.java:70)
at AlphaSenseProject.QAhomeTask.test4_downloadInvoice.tearDown(test4_downloadInvoice.java:70)
at AlphaSenseProject.QAhomeTask.test4_downloadInvoice.tearDown(test4_downloadInvoice.java:70)
at AlphaSenseProject.QAhomeTask.test4_downloadInvoice.tearDown(test4_downloadInvoice.java:70)
at AlphaSenseProject.QAhomeTask.test4_downloadInvoice.tearDown(test4_downloadInvoice.java:70)
at AlphaSenseProject.QAhomeTask.test4_downloadInvoice.tearDown(test4_downloadInvoice.java:70)
at AlphaSenseProject.QAhomeTask.test4_downloadInvoice.tearDown(test4_downloadInvoice.java:70)
at AlphaSenseProject.QAhomeTask.test4_downloadInvoice.tearDown(test4_downloadInvoice.java:70)
at AlphaSenseProject.QAhomeTask.test4_downloadInvoice.tearDown(test4_downloadInvoice.java:70)
at AlphaSenseProject.QAhomeTask.test4_downloadInvoice.tearDown(test4_downloadInvoice.java:70)
at AlphaSenseProject.QAhomeTask.test4_downloadInvoice.tearDown(test4_downloadInvoice.java:70)
at AlphaSenseProject.QAhomeTask.test4_downloadInvoice.tearDown(test4_downloadInvoice.java:70)
at AlphaSenseProject.QAhomeTask.test4_downloadInvoice.tearDown(test4_downloadInvoice.java:70)
at AlphaSenseProject.QAhomeTask.test4_downloadInvoice.tearDown(test4_downloadInvoice.java:70)
at AlphaSenseProject.QAhomeTask.test4_downloadInvoice.tearDown(test4_downloadInvoice.java:70)
at AlphaSenseProject.QAhomeTask.test4_downloadInvoice.tearDown(test4_downloadInvoice.java:70)
at AlphaSenseProject.QAhomeTask.test4_downloadInvoice.tearDown(test4_downloadInvoice.java:70)
at AlphaSenseProject.QAhomeTask.test4_downloadInvoice.tearDown(test4_downloadInvoice.java:70)
at AlphaSenseProject.QAhomeTask.test4_downloadInvoice.tearDown(test4_downloadInvoice.java:70)
at AlphaSenseProject.QAhomeTask.test4_downloadInvoice.tearDown(test4_downloadInvoice.java:70)
at AlphaSenseProject.QAhomeTask.test4_downloadInvoice.tearDown(test4_downloadInvoice.java:70)
at AlphaSenseProject.QAhomeTask.test4_downloadInvoice.tearDown(test4_downloadInvoice.java:70)
at AlphaSenseProject.QAhomeTask.test4_downloadInvoice.tearDown(test4_downloadInvoice.java:70)
at AlphaSenseProject.QAhomeTask.test4_downloadInvoice.tearDown(test4_downloadInvoice.java:70)
at AlphaSenseProject.QAhomeTask.test4_downloadInvoice.tearDown(test4_downloadInvoice.java:70)
at AlphaSenseProject.QAhomeTask.test4_downloadInvoice.tearDown(test4_downloadInvoice.java:70)
at AlphaSenseProject.QAhomeTask.test4_downloadInvoice.tearDown(test4_downloadInvoice.java:70)
at AlphaSenseProject.QAhomeTask.test4_downloadInvoice.tearDown(test4_downloadInvoice.java:70)
at AlphaSenseProject.QAhomeTask.test4_downloadInvoice.tearDown(test4_downloadInvoice.java:70)
at AlphaSenseProject.QAhomeTask.test4_downloadInvoice.tearDown(test4_downloadInvoice.java:70)
at AlphaSenseProject.QAhomeTask.test4_downloadInvoice.tearDown(test4_downloadInvoice.java:70)
at AlphaSenseProject.QAhomeTask.test4_downloadInvoice.tearDown(test4_downloadInvoice.java:70)
at AlphaSenseProject.QAhomeTask.test4_downloadInvoice.tearDown(test4_downloadInvoice.java:70)
at AlphaSenseProject.QAhomeTask.test4_downloadInvoice.tearDown(test4_downloadInvoice.java:70)
at AlphaSenseProject.QAhomeTask.test4_downloadInvoice.tearDown(test4_downloadInvoice.java:70)
at AlphaSenseProject.QAhomeTask.test4_downloadInvoice.tearDown(test4_downloadInvoice.java:70)
at AlphaSenseProject.QAhomeTask.test4_downloadInvoice.tearDown(test4_downloadInvoice.java:70)
at AlphaSenseProject.QAhomeTask.test4_downloadInvoice.tearDown(test4_downloadInvoice.java:70)
at AlphaSenseProject.QAhomeTask.test4_downloadInvoice.tearDown(test4_downloadInvoice.java:70)
at AlphaSenseProject.QAhomeTask.test4_downloadInvoice.tearDown(test4_downloadInvoice.java:70)
at AlphaSenseProject.QAhomeTask.test4_downloadInvoice.tearDown(test4_downloadInvoice.java:70)
at AlphaSenseProject.QAhomeTask.test4_downloadInvoice.tearDown(test4_downloadInvoice.java:70)
at AlphaSenseProject.QAhomeTask.test4_downloadInvoice.tearDown(test4_downloadInvoice.java:70)
at AlphaSenseProject.QAhomeTask.test4_downloadInvoice.tearDown(test4_downloadInvoice.java:70)
at AlphaSenseProject.QAhomeTask.test4_downloadInvoice.tearDown(test4_downloadInvoice.java:70)
at AlphaSenseProject.QAhomeTask.test4_downloadInvoice.tearDown(test4_downloadInvoice.java:70)
at AlphaSenseProject.QAhomeTask.test4_downloadInvoice.tearDown(test4_downloadInvoice.java:70)
at AlphaSenseProject.QAhomeTask.test4_downloadInvoice.tearDown(test4_downloadInvoice.java:70)
at AlphaSenseProject.QAhomeTask.test4_downloadInvoice.tearDown(test4_downloadInvoice.java:70)
at AlphaSenseProject.QAhomeTask.test4_downloadInvoice.tearDown(test4_downloadInvoice.java:70)
at AlphaSenseProject.QAhomeTask.test4_downloadInvoice.tearDown(test4_downloadInvoice.java:70)
at AlphaSenseProject.QAhomeTask.test4_downloadInvoice.tearDown(test4_downloadInvoice.java:70)
at AlphaSenseProject.QAhomeTask.test4_downloadInvoice.tearDown(test4_downloadInvoice.java:70)
at AlphaSenseProject.QAhomeTask.test4_downloadInvoice.tearDown(test4_downloadInvoice.java:70)
at AlphaSenseProject.QAhomeTask.test4_downloadInvoice.tearDown(test4_downloadInvoice.java:70)
at AlphaSenseProject.QAhomeTask.test4_downloadInvoice.tearDown(test4_downloadInvoice.java:70)
at AlphaSenseProject.QAhomeTask.test4_downloadInvoice.tearDown(test4_downloadInvoice.java:70)
at AlphaSenseProject.QAhomeTask.test4_downloadInvoice.tearDown(test4_downloadInvoice.java:70)
at AlphaSenseProject.QAhomeTask.test4_downloadInvoice.tearDown(test4_downloadInvoice.java:70)
at AlphaSenseProject.QAhomeTask.test4_downloadInvoice.tearDown(test4_downloadInvoice.java:70)
at AlphaSenseProject.QAhomeTask.test4_downloadInvoice.tearDown(test4_downloadInvoice.java:70)
at AlphaSenseProject.QAhomeTask.test4_downloadInvoice.tearDown(test4_downloadInvoice.java:70)
at AlphaSenseProject.QAhomeTask.test4_downloadInvoice.tearDown(test4_downloadInvoice.java:70)
at AlphaSenseProject.QAhomeTask.test4_downloadInvoice.tearDown(test4_downloadInvoice.java:70)
at AlphaSenseProject.QAhomeTask.test4_downloadInvoice.tearDown(test4_downloadInvoice.java:70)
at AlphaSenseProject.QAhomeTask.test4_downloadInvoice.tearDown(test4_downloadInvoice.java:70)
at AlphaSenseProject.QAhomeTask.test4_downloadInvoice.tearDown(test4_downloadInvoice.java:70)
at AlphaSenseProject.QAhomeTask.test4_downloadInvoice.tearDown(test4_downloadInvoice.java:70)
at AlphaSenseProject.QAhomeTask.test4_downloadInvoice.tearDown(test4_downloadInvoice.java:70)
at AlphaSenseProject.QAhomeTask.test4_downloadInvoice.tearDown(test4_downloadInvoice.java:70)
at AlphaSenseProject.QAhomeTask.test4_downloadInvoice.tearDown(test4_downloadInvoice.java:70)
at AlphaSenseProject.QAhomeTask.test4_downloadInvoice.tearDown(test4_downloadInvoice.java:70)
at AlphaSenseProject.QAhomeTask.test4_downloadInvoice.tearDown(test4_downloadInvoice.java:70)
at AlphaSenseProject.QAhomeTask.test4_downloadInvoice.tearDown(test4_downloadInvoice.java:70)
at AlphaSenseProject.QAhomeTask.test4_downloadInvoice.tearDown(test4_downloadInvoice.java:70)
at AlphaSenseProject.QAhomeTask.test4_downloadInvoice.tearDown(test4_downloadInvoice.java:70)
at AlphaSenseProject.QAhomeTask.test4_downloadInvoice.tearDown(test4_downloadInvoice.java:70)
at AlphaSenseProject.QAhomeTask.test4_downloadInvoice.tearDown(test4_downloadInvoice.java:70)
at AlphaSenseProject.QAhomeTask.test4_downloadInvoice.tearDown(test4_downloadInvoice.java:70)
at AlphaSenseProject.QAhomeTask.test4_downloadInvoice.tearDown(test4_downloadInvoice.java:70)
at AlphaSenseProject.QAhomeTask.test4_downloadInvoice.tearDown(test4_downloadInvoice.java:70)
at AlphaSenseProject.QAhomeTask.test4_downloadInvoice.tearDown(test4_downloadInvoice.java:70)
at AlphaSenseProject.QAhomeTask.test4_downloadInvoice.tearDown(test4_downloadInvoice.java:70)
at AlphaSenseProject.QAhomeTask.test4_downloadInvoice.tearDown(test4_downloadInvoice.java:70)
at AlphaSenseProject.QAhomeTask.test4_downloadInvoice.tearDown(test4_downloadInvoice.java:70)
at AlphaSenseProject.QAhomeTask.test4_downloadInvoice.tearDown(test4_downloadInvoice.java:70)
at AlphaSenseProject.QAhomeTask.test4_downloadInvoice.tearDown(test4_downloadInvoice.java:70)
at AlphaSenseProject.QAhomeTask.test4_downloadInvoice.tearDown(test4_downloadInvoice.java:70)
at AlphaSenseProject.QAhomeTask.test4_downloadInvoice.tearDown(test4_downloadInvoice.java:70)
at AlphaSenseProject.QAhomeTask.test4_downloadInvoice.tearDown(test4_downloadInvoice.java:70)
at AlphaSenseProject.QAhomeTask.test4_downloadInvoice.tearDown(test4_downloadInvoice.java:70)
at AlphaSenseProject.QAhomeTask.test4_downloadInvoice.tearDown(test4_downloadInvoice.java:70)
at AlphaSenseProject.QAhomeTask.test4_downloadInvoice.tearDown(test4_downloadInvoice.java:70)
at AlphaSenseProject.QAhomeTask.test4_downloadInvoice.tearDown(test4_downloadInvoice.java:70)
at AlphaSenseProject.QAhomeTask.test4_downloadInvoice.tearDown(test4_downloadInvoice.java:70)
at AlphaSenseProject.QAhomeTask.test4_downloadInvoice.tearDown(test4_downloadInvoice.java:70)
at AlphaSenseProject.QAhomeTask.test4_downloadInvoice.tearDown(test4_downloadInvoice.java:70)
at AlphaSenseProject.QAhomeTask.test4_downloadInvoice.tearDown(test4_downloadInvoice.java:70)
at AlphaSenseProject.QAhomeTask.test4_downloadInvoice.tearDown(test4_downloadInvoice.java:70)
at AlphaSenseProject.QAhomeTask.test4_downloadInvoice.tearDown(test4_downloadInvoice.java:70)
at AlphaSenseProject.QAhomeTask.test4_downloadInvoice.tearDown(test4_downloadInvoice.java:70)
at AlphaSenseProject.QAhomeTask.test4_downloadInvoice.tearDown(test4_downloadInvoice.java:70)
at AlphaSenseProject.QAhomeTask.test4_downloadInvoice.tearDown(test4_downloadInvoice.java:70)
at AlphaSenseProject.QAhomeTask.test4_downloadInvoice.tearDown(test4_downloadInvoice.java:70)
at AlphaSenseProject.QAhomeTask.test4_downloadInvoice.tearDown(test4_downloadInvoice.java:70)
at AlphaSenseProject.QAhomeTask.test4_downloadInvoice.tearDown(test4_downloadInvoice.java:70)
at AlphaSenseProject.QAhomeTask.test4_downloadInvoice.tearDown(test4_downloadInvoice.java:70)
at AlphaSenseProject.QAhomeTask.test4_downloadInvoice.tearDown(test4_downloadInvoice.java:70)
at AlphaSenseProject.QAhomeTask.test4_downloadInvoice.tearDown(test4_downloadInvoice.java:70)
at AlphaSenseProject.QAhomeTask.test4_downloadInvoice.tearDown(test4_downloadInvoice.java:70)
at AlphaSenseProject.QAhomeTask.test4_downloadInvoice.tearDown(test4_downloadInvoice.java:70)
at AlphaSenseProject.QAhomeTask.test4_downloadInvoice.tearDown(test4_downloadInvoice.java:70)
at AlphaSenseProject.QAhomeTask.test4_downloadInvoice.tearDown(test4_downloadInvoice.java:70)
at AlphaSenseProject.QAhomeTask.test4_downloadInvoice.tearDown(test4_downloadInvoice.java:70)
at AlphaSenseProject.QAhomeTask.test4_downloadInvoice.tearDown(test4_downloadInvoice.java:70)
at AlphaSenseProject.QAhomeTask.test4_downloadInvoice.tearDown(test4_downloadInvoice.java:70)
at AlphaSenseProject.QAhomeTask.test4_downloadInvoice.tearDown(test4_downloadInvoice.java:70)
at AlphaSenseProject.QAhomeTask.test4_downloadInvoice.tearDown(test4_downloadInvoice.java:70)
at AlphaSenseProject.QAhomeTask.test4_downloadInvoice.tearDown(test4_downloadInvoice.java:70)
at AlphaSenseProject.QAhomeTask.test4_downloadInvoice.tearDown(test4_downloadInvoice.java:70)
at AlphaSenseProject.QAhomeTask.test4_downloadInvoice.tearDown(test4_downloadInvoice.java:70)
at AlphaSenseProject.QAhomeTask.test4_downloadInvoice.tearDown(test4_downloadInvoice.java:70)
at AlphaSenseProject.QAhomeTask.test4_downloadInvoice.tearDown(test4_downloadInvoice.java:70)
at AlphaSenseProject.QAhomeTask.test4_downloadInvoice.tearDown(test4_downloadInvoice.java:70)
at AlphaSenseProject.QAhomeTask.test4_downloadInvoice.tearDown(test4_downloadInvoice.java:70)
at AlphaSenseProject.QAhomeTask.test4_downloadInvoice.tearDown(test4_downloadInvoice.java:70)
at AlphaSenseProject.QAhomeTask.test4_downloadInvoice.tearDown(test4_downloadInvoice.java:70)
at AlphaSenseProject.QAhomeTask.test4_downloadInvoice.tearDown(test4_downloadInvoice.java:70)
at AlphaSenseProject.QAhomeTask.test4_downloadInvoice.tearDown(test4_downloadInvoice.java:70)
at AlphaSenseProject.QAhomeTask.test4_downloadInvoice.tearDown(test4_downloadInvoice.java:70)
at AlphaSenseProject.QAhomeTask.test4_downloadInvoice.tearDown(test4_downloadInvoice.java:70)
at AlphaSenseProject.QAhomeTask.test4_downloadInvoice.tearDown(test4_downloadInvoice.java:70)
at AlphaSenseProject.QAhomeTask.test4_downloadInvoice.tearDown(test4_downloadInvoice.java:70)
at AlphaSenseProject.QAhomeTask.test4_downloadInvoice.tearDown(test4_downloadInvoice.java:70)
at AlphaSenseProject.QAhomeTask.test4_downloadInvoice.tearDown(test4_downloadInvoice.java:70)
at AlphaSenseProject.QAhomeTask.test4_downloadInvoice.tearDown(test4_downloadInvoice.java:70)
at AlphaSenseProject.QAhomeTask.test4_downloadInvoice.tearDown(test4_downloadInvoice.java:70)
at AlphaSenseProject.QAhomeTask.test4_downloadInvoice.tearDown(test4_downloadInvoice.java:70)
at AlphaSenseProject.QAhomeTask.test4_downloadInvoice.tearDown(test4_downloadInvoice.java:70)
at AlphaSenseProject.QAhomeTask.test4_downloadInvoice.tearDown(test4_downloadInvoice.java:70)
at AlphaSenseProject.QAhomeTask.test4_downloadInvoice.tearDown(test4_downloadInvoice.java:70)
at AlphaSenseProject.QAhomeTask.test4_downloadInvoice.tearDown(test4_downloadInvoice.java:70)
at AlphaSenseProject.QAhomeTask.test4_downloadInvoice.tearDown(test4_downloadInvoice.java:70)
at AlphaSenseProject.QAhomeTask.test4_downloadInvoice.tearDown(test4_downloadInvoice.java:70)
at AlphaSenseProject.QAhomeTask.test4_downloadInvoice.tearDown(test4_downloadInvoice.java:70)
at AlphaSenseProject.QAhomeTask.test4_downloadInvoice.tearDown(test4_downloadInvoice.java:70)
at AlphaSenseProject.QAhomeTask.test4_downloadInvoice.tearDown(test4_downloadInvoice.java:70)
at AlphaSenseProject.QAhomeTask.test4_downloadInvoice.tearDown(test4_downloadInvoice.java:70)
at AlphaSenseProject.QAhomeTask.test4_downloadInvoice.tearDown(test4_downloadInvoice.java:70)
at AlphaSenseProject.QAhomeTask.test4_downloadInvoice.tearDown(test4_downloadInvoice.java:70)
at AlphaSenseProject.QAhomeTask.test4_downloadInvoice.tearDown(test4_downloadInvoice.java:70)
at AlphaSenseProject.QAhomeTask.test4_downloadInvoice.tearDown(test4_downloadInvoice.java:70)
at AlphaSenseProject.QAhomeTask.test4_downloadInvoice.tearDown(test4_downloadInvoice.java:70)
at AlphaSenseProject.QAhomeTask.test4_downloadInvoice.tearDown(test4_downloadInvoice.java:70)
at AlphaSenseProject.QAhomeTask.test4_downloadInvoice.tearDown(test4_downloadInvoice.java:70)
at AlphaSenseProject.QAhomeTask.test4_downloadInvoice.tearDown(test4_downloadInvoice.java:70)
at AlphaSenseProject.QAhomeTask.test4_downloadInvoice.tearDown(test4_downloadInvoice.java:70)
at AlphaSenseProject.QAhomeTask.test4_downloadInvoice.tearDown(test4_downloadInvoice.java:70)
at AlphaSenseProject.QAhomeTask.test4_downloadInvoice.tearDown(test4_downloadInvoice.java:70)
at AlphaSenseProject.QAhomeTask.test4_downloadInvoice.tearDown(test4_downloadInvoice.java:70)
at AlphaSenseProject.QAhomeTask.test4_downloadInvoice.tearDown(test4_downloadInvoice.java:70)
at AlphaSenseProject.QAhomeTask.test4_downloadInvoice.tearDown(test4_downloadInvoice.java:70)
at AlphaSenseProject.QAhomeTask.test4_downloadInvoice.tearDown(test4_downloadInvoice.java:70)
at AlphaSenseProject.QAhomeTask.test4_downloadInvoice.tearDown(test4_downloadInvoice.java:70)
at AlphaSenseProject.QAhomeTask.test4_downloadInvoice.tearDown(test4_downloadInvoice.java:70)
at AlphaSenseProject.QAhomeTask.test4_downloadInvoice.tearDown(test4_downloadInvoice.java:70)
at AlphaSenseProject.QAhomeTask.test4_downloadInvoice.tearDown(test4_downloadInvoice.java:70)
at AlphaSenseProject.QAhomeTask.test4_downloadInvoice.tearDown(test4_downloadInvoice.java:70)
at AlphaSenseProject.QAhomeTask.test4_downloadInvoice.tearDown(test4_downloadInvoice.java:70)
at AlphaSenseProject.QAhomeTask.test4_downloadInvoice.tearDown(test4_downloadInvoice.java:70)
at AlphaSenseProject.QAhomeTask.test4_downloadInvoice.tearDown(test4_downloadInvoice.java:70)
at AlphaSenseProject.QAhomeTask.test4_downloadInvoice.tearDown(test4_downloadInvoice.java:70)
at AlphaSenseProject.QAhomeTask.test4_downloadInvoice.tearDown(test4_downloadInvoice.java:70)
at AlphaSenseProject.QAhomeTask.test4_downloadInvoice.tearDown(test4_downloadInvoice.java:70)
at AlphaSenseProject.QAhomeTask.test4_downloadInvoice.tearDown(test4_downloadInvoice.java:70)
at AlphaSenseProject.QAhomeTask.test4_downloadInvoice.tearDown(test4_downloadInvoice.java:70)
at AlphaSenseProject.QAhomeTask.test4_downloadInvoice.tearDown(test4_downloadInvoice.java:70)
at AlphaSenseProject.QAhomeTask.test4_downloadInvoice.tearDown(test4_downloadInvoice.java:70)
at AlphaSenseProject.QAhomeTask.test4_downloadInvoice.tearDown(test4_downloadInvoice.java:70)
at AlphaSenseProject.QAhomeTask.test4_downloadInvoice.tearDown(test4_downloadInvoice.java:70)
at AlphaSenseProject.QAhomeTask.test4_downloadInvoice.tearDown(test4_downloadInvoice.java:70)
at AlphaSenseProject.QAhomeTask.test4_downloadInvoice.tearDown(test4_downloadInvoice.java:70)
at AlphaSenseProject.QAhomeTask.test4_downloadInvoice.tearDown(test4_downloadInvoice.java:70)
at AlphaSenseProject.QAhomeTask.test4_downloadInvoice.tearDown(test4_downloadInvoice.java:70)
at AlphaSenseProject.QAhomeTask.test4_downloadInvoice.tearDown(test4_downloadInvoice.java:70)
at AlphaSenseProject.QAhomeTask.test4_downloadInvoice.tearDown(test4_downloadInvoice.java:70)
at AlphaSenseProject.QAhomeTask.test4_downloadInvoice.tearDown(test4_downloadInvoice.java:70)
at AlphaSenseProject.QAhomeTask.test4_downloadInvoice.tearDown(test4_downloadInvoice.java:70)
at AlphaSenseProject.QAhomeTask.test4_downloadInvoice.tearDown(test4_downloadInvoice.java:70)
[...]
at AlphaSenseProject.QAhomeTask.test4_downloadInvoice.tearDown(test4_downloadInvoice.java:70)
at AlphaSenseProject.QAhomeTask.test4_downloadInvoice.tearDown(test4_downloadInvoice.java:70)
at AlphaSenseProject.QAhomeTask.test4_downloadInvoice.tearDown(test4_downloadInvoice.java:70)
at AlphaSenseProject.QAhomeTask.test4_downloadInvoice.tearDown(test4_downloadInvoice.java:70)
at AlphaSenseProject.QAhomeTask.test4_downloadInvoice.tearDown(test4_downloadInvoice.java:70)
at AlphaSenseProject.QAhomeTask.test4_downloadInvoice.tearDown(test4_downloadInvoice.java:70)
at AlphaSenseProject.QAhomeTask.test4_downloadInvoice.tearDown(test4_downloadInvoice.java:70)
at AlphaSenseProject.QAhomeTask.test4_downloadInvoice.tearDown(test4_downloadInvoice.java:70)
at AlphaSenseProject.QAhomeTask.test4_downloadInvoice.tearDown(test4_downloadInvoice.java:70)
at AlphaSenseProject.QAhomeTask.test4_downloadInvoice.tearDown(test4_downloadInvoice.java:70)
at AlphaSenseProject.QAhomeTask.test4_downloadInvoice.tearDown(test4_downloadInvoice.java:70)
at AlphaSenseProject.QAhomeTask.test4_downloadInvoice.tearDown(test4_downloadInvoice.java:70)
at AlphaSenseProject.QAhomeTask.test4_downloadInvoice.tearDown(test4_downloadInvoice.java:70)
at AlphaSenseProject.QAhomeTask.test4_downloadInvoice.tearDown(test4_downloadInvoice.java:70)
at AlphaSenseProject.QAhomeTask.test4_downloadInvoice.tearDown(test4_downloadInvoice.java:70)
at AlphaSenseProject.QAhomeTask.test4_downloadInvoice.tearDown(test4_downloadInvoice.java:70)
at AlphaSenseProject.QAhomeTask.test4_downloadInvoice.tearDown(test4_downloadInvoice.java:70)
at AlphaSenseProject.QAhomeTask.test4_downloadInvoice.tearDown(test4_downloadInvoice.java:70)
at AlphaSenseProject.QAhomeTask.test4_downloadInvoice.tearDown(test4_downloadInvoice.java:70)
at AlphaSenseProject.QAhomeTask.test4_downloadInvoice.tearDown(test4_downloadInvoice.java:70)
at AlphaSenseProject.QAhomeTask.test4_downloadInvoice.tearDown(test4_downloadInvoice.java:70)
at AlphaSenseProject.QAhomeTask.test4_downloadInvoice.tearDown(test4_downloadInvoice.java:70)
at AlphaSenseProject.QAhomeTask.test4_downloadInvoice.tearDown(test4_downloadInvoice.java:70)
at AlphaSenseProject.QAhomeTask.test4_downloadInvoice.tearDown(test4_downloadInvoice.java:70)
at AlphaSenseProject.QAhomeTask.test4_downloadInvoice.tearDown(test4_downloadInvoice.java:70)
at AlphaSenseProject.QAhomeTask.test4_downloadInvoice.tearDown(test4_downloadInvoice.java:70)
at AlphaSenseProject.QAhomeTask.test4_downloadInvoice.tearDown(test4_downloadInvoice.java:70)
at AlphaSenseProject.QAhomeTask.test4_downloadInvoice.tearDown(test4_downloadInvoice.java:70)
at AlphaSenseProject.QAhomeTask.test4_downloadInvoice.tearDown(test4_downloadInvoice.java:70)
at AlphaSenseProject.QAhomeTask.test4_downloadInvoice.tearDown(test4_downloadInvoice.java:70)
at AlphaSenseProject.QAhomeTask.test4_downloadInvoice.tearDown(test4_downloadInvoice.java:70)
at AlphaSenseProject.QAhomeTask.test4_downloadInvoice.tearDown(test4_downloadInvoice.java:70)
at AlphaSenseProject.QAhomeTask.test4_downloadInvoice.tearDown(test4_downloadInvoice.java:70)
at AlphaSenseProject.QAhomeTask.test4_downloadInvoice.tearDown(test4_downloadInvoice.java:70)
at AlphaSenseProject.QAhomeTask.test4_downloadInvoice.tearDown(test4_downloadInvoice.java:70)
at AlphaSenseProject.QAhomeTask.test4_downloadInvoice.tearDown(test4_downloadInvoice.java:70)
at AlphaSenseProject.QAhomeTask.test4_downloadInvoice.tearDown(test4_downloadInvoice.java:70)
at AlphaSenseProject.QAhomeTask.test4_downloadInvoice.tearDown(test4_downloadInvoice.java:70)
at AlphaSenseProject.QAhomeTask.test4_downloadInvoice.tearDown(test4_downloadInvoice.java:70)
at AlphaSenseProject.QAhomeTask.test4_downloadInvoice.tearDown(test4_downloadInvoice.java:70)
at AlphaSenseProject.QAhomeTask.test4_downloadInvoice.tearDown(test4_downloadInvoice.java:70)
at AlphaSenseProject.QAhomeTask.test4_downloadInvoice.tearDown(test4_downloadInvoice.java:70)
at AlphaSenseProject.QAhomeTask.test4_downloadInvoice.tearDown(test4_downloadInvoice.java:70)
at AlphaSenseProject.QAhomeTask.test4_downloadInvoice.tearDown(test4_downloadInvoice.java:70)
at AlphaSenseProject.QAhomeTask.test4_downloadInvoice.tearDown(test4_downloadInvoice.java:70)
at AlphaSenseProject.QAhomeTask.test4_downloadInvoice.tearDown(test4_downloadInvoice.java:70)
at AlphaSenseProject.QAhomeTask.test4_downloadInvoice.tearDown(test4_downloadInvoice.java:70)
at AlphaSenseProject.QAhomeTask.test4_downloadInvoice.tearDown(test4_downloadInvoice.java:70)
at AlphaSenseProject.QAhomeTask.test4_downloadInvoice.tearDown(test4_downloadInvoice.java:70)
at AlphaSenseProject.QAhomeTask.test4_downloadInvoice.tearDown(test4_downloadInvoice.java:70)
at AlphaSenseProject.QAhomeTask.test4_downloadInvoice.tearDown(test4_downloadInvoice.java:70)
at AlphaSenseProject.QAhomeTask.test4_downloadInvoice.tearDown(test4_downloadInvoice.java:70)
at AlphaSenseProject.QAhomeTask.test4_downloadInvoice.tearDown(test4_downloadInvoice.java:70)
at AlphaSenseProject.QAhomeTask.test4_downloadInvoice.tearDown(test4_downloadInvoice.java:70)
at AlphaSenseProject.QAhomeTask.test4_downloadInvoice.tearDown(test4_downloadInvoice.java:70)
at AlphaSenseProject.QAhomeTask.test4_downloadInvoice.tearDown(test4_downloadInvoice.java:70)
at AlphaSenseProject.QAhomeTask.test4_downloadInvoice.tearDown(test4_downloadInvoice.java:70)
at AlphaSenseProject.QAhomeTask.test4_downloadInvoice.tearDown(test4_downloadInvoice.java:70)
at AlphaSenseProject.QAhomeTask.test4_downloadInvoice.tearDown(test4_downloadInvoice.java:70)
at AlphaSenseProject.QAhomeTask.test4_downloadInvoice.tearDown(test4_downloadInvoice.java:70)
at AlphaSenseProject.QAhomeTask.test4_downloadInvoice.tearDown(test4_downloadInvoice.java:70)
at AlphaSenseProject.QAhomeTask.test4_downloadInvoice.tearDown(test4_downloadInvoice.java:70)
at AlphaSenseProject.QAhomeTask.test4_downloadInvoice.tearDown(test4_downloadInvoice.java:70)
at AlphaSenseProject.QAhomeTask.test4_downloadInvoice.tearDown(test4_downloadInvoice.java:70)
at AlphaSenseProject.QAhomeTask.test4_downloadInvoice.tearDown(test4_downloadInvoice.java:70)
at AlphaSenseProject.QAhomeTask.test4_downloadInvoice.tearDown(test4_downloadInvoice.java:70)
at AlphaSenseProject.QAhomeTask.test4_downloadInvoice.tearDown(test4_downloadInvoice.java:70)
at AlphaSenseProject.QAhomeTask.test4_downloadInvoice.tearDown(test4_downloadInvoice.java:70)
at AlphaSenseProject.QAhomeTask.test4_downloadInvoice.tearDown(test4_downloadInvoice.java:70)
at AlphaSenseProject.QAhomeTask.test4_downloadInvoice.tearDown(test4_downloadInvoice.java:70)
at AlphaSenseProject.QAhomeTask.test4_downloadInvoice.tearDown(test4_downloadInvoice.java:70)
at AlphaSenseProject.QAhomeTask.test4_downloadInvoice.tearDown(test4_downloadInvoice.java:70)
at AlphaSenseProject.QAhomeTask.test4_downloadInvoice.tearDown(test4_downloadInvoice.java:70)
at AlphaSenseProject.QAhomeTask.test4_downloadInvoice.tearDown(test4_downloadInvoice.java:70)
at AlphaSenseProject.QAhomeTask.test4_downloadInvoice.tearDown(test4_downloadInvoice.java:70)
at AlphaSenseProject.QAhomeTask.test4_downloadInvoice.tearDown(test4_downloadInvoice.java:70)
at AlphaSenseProject.QAhomeTask.test4_downloadInvoice.tearDown(test4_downloadInvoice.java:70)
at AlphaSenseProject.QAhomeTask.test4_downloadInvoice.tearDown(test4_downloadInvoice.java:70)
at AlphaSenseProject.QAhomeTask.test4_downloadInvoice.tearDown(test4_downloadInvoice.java:70)
at AlphaSenseProject.QAhomeTask.test4_downloadInvoice.tearDown(test4_downloadInvoice.java:70)
at AlphaSenseProject.QAhomeTask.test4_downloadInvoice.tearDown(test4_downloadInvoice.java:70)
at AlphaSenseProject.QAhomeTask.test4_downloadInvoice.tearDown(test4_downloadInvoice.java:70)
at AlphaSenseProject.QAhomeTask.test4_downloadInvoice.tearDown(test4_downloadInvoice.java:70)
at AlphaSenseProject.QAhomeTask.test4_downloadInvoice.tearDown(test4_downloadInvoice.java:70)
at AlphaSenseProject.QAhomeTask.test4_downloadInvoice.tearDown(test4_downloadInvoice.java:70)
at AlphaSenseProject.QAhomeTask.test4_downloadInvoice.tearDown(test4_downloadInvoice.java:70)
at AlphaSenseProject.QAhomeTask.test4_downloadInvoice.tearDown(test4_downloadInvoice.java:70)
at AlphaSenseProject.QAhomeTask.test4_downloadInvoice.tearDown(test4_downloadInvoice.java:70)
at AlphaSenseProject.QAhomeTask.test4_downloadInvoice.tearDown(test4_downloadInvoice.java:70)
at AlphaSenseProject.QAhomeTask.test4_downloadInvoice.tearDown(test4_downloadInvoice.java:70)
at AlphaSenseProject.QAhomeTask.test4_downloadInvoice.tearDown(test4_downloadInvoice.java:70)
at AlphaSenseProject.QAhomeTask.test4_downloadInvoice.tearDown(test4_downloadInvoice.java:70)
at AlphaSenseProject.QAhomeTask.test4_downloadInvoice.tearDown(test4_downloadInvoice.java:70)
at AlphaSenseProject.QAhomeTask.test4_downloadInvoice.tearDown(test4_downloadInvoice.java:70)
at AlphaSenseProject.QAhomeTask.test4_downloadInvoice.tearDown(test4_downloadInvoice.java:70)
at AlphaSenseProject.QAhomeTask.test4_downloadInvoice.tearDown(test4_downloadInvoice.java:70)
at AlphaSenseProject.QAhomeTask.test4_downloadInvoice.tearDown(test4_downloadInvoice.java:70)
at AlphaSenseProject.QAhomeTask.test4_downloadInvoice.tearDown(test4_downloadInvoice.java:70)
at AlphaSenseProject.QAhomeTask.test4_downloadInvoice.tearDown(test4_downloadInvoice.java:70)
at AlphaSenseProject.QAhomeTask.test4_downloadInvoice.tearDown(test4_downloadInvoice.java:70)
at AlphaSenseProject.QAhomeTask.test4_downloadInvoice.tearDown(test4_downloadInvoice.java:70)
at AlphaSenseProject.QAhomeTask.test4_downloadInvoice.tearDown(test4_downloadInvoice.java:70)
at AlphaSenseProject.QAhomeTask.test4_downloadInvoice.tearDown(test4_downloadInvoice.java:70)
at AlphaSenseProject.QAhomeTask.test4_downloadInvoice.tearDown(test4_downloadInvoice.java:70)
at AlphaSenseProject.QAhomeTask.test4_downloadInvoice.tearDown(test4_downloadInvoice.java:70)
at AlphaSenseProject.QAhomeTask.test4_downloadInvoice.tearDown(test4_downloadInvoice.java:70)
at AlphaSenseProject.QAhomeTask.test4_downloadInvoice.tearDown(test4_downloadInvoice.java:70)
at AlphaSenseProject.QAhomeTask.test4_downloadInvoice.tearDown(test4_downloadInvoice.java:70)
at AlphaSenseProject.QAhomeTask.test4_downloadInvoice.tearDown(test4_downloadInvoice.java:70)
at AlphaSenseProject.QAhomeTask.test4_downloadInvoice.tearDown(test4_downloadInvoice.java:70)
at AlphaSenseProject.QAhomeTask.test4_downloadInvoice.tearDown(test4_downloadInvoice.java:70)
at AlphaSenseProject.QAhomeTask.test4_downloadInvoice.tearDown(test4_downloadInvoice.java:70)
at AlphaSenseProject.QAhomeTask.test4_downloadInvoice.tearDown(test4_downloadInvoice.java:70)
at AlphaSenseProject.QAhomeTask.test4_downloadInvoice.tearDown(test4_downloadInvoice.java:70)
at AlphaSenseProject.QAhomeTask.test4_downloadInvoice.tearDown(test4_downloadInvoice.java:70)
at AlphaSenseProject.QAhomeTask.test4_downloadInvoice.tearDown(test4_downloadInvoice.java:70)
at AlphaSenseProject.QAhomeTask.test4_downloadInvoice.tearDown(test4_downloadInvoice.java:70)
at AlphaSenseProject.QAhomeTask.test4_downloadInvoice.tearDown(test4_downloadInvoice.java:70)
at AlphaSenseProject.QAhomeTask.test4_downloadInvoice.tearDown(test4_downloadInvoice.java:70)
at AlphaSenseProject.QAhomeTask.test4_downloadInvoice.tearDown(test4_downloadInvoice.java:70)
at AlphaSenseProject.QAhomeTask.test4_downloadInvoice.tearDown(test4_downloadInvoice.java:70)
at AlphaSenseProject.QAhomeTask.test4_downloadInvoice.tearDown(test4_downloadInvoice.java:70)
at AlphaSenseProject.QAhomeTask.test4_downloadInvoice.tearDown(test4_downloadInvoice.java:70)
at AlphaSenseProject.QAhomeTask.test4_downloadInvoice.tearDown(test4_downloadInvoice.java:70)
at AlphaSenseProject.QAhomeTask.test4_downloadInvoice.tearDown(test4_downloadInvoice.java:70)
at AlphaSenseProject.QAhomeTask.test4_downloadInvoice.tearDown(test4_downloadInvoice.java:70)
at AlphaSenseProject.QAhomeTask.test4_downloadInvoice.tearDown(test4_downloadInvoice.java:70)
at AlphaSenseProject.QAhomeTask.test4_downloadInvoice.tearDown(test4_downloadInvoice.java:70)
at AlphaSenseProject.QAhomeTask.test4_downloadInvoice.tearDown(test4_downloadInvoice.java:70)
at AlphaSenseProject.QAhomeTask.test4_downloadInvoice.tearDown(test4_downloadInvoice.java:70)
at AlphaSenseProject.QAhomeTask.test4_downloadInvoice.tearDown(test4_downloadInvoice.java:70)
at AlphaSenseProject.QAhomeTask.test4_downloadInvoice.tearDown(test4_downloadInvoice.java:70)
at AlphaSenseProject.QAhomeTask.test4_downloadInvoice.tearDown(test4_downloadInvoice.java:70)
at AlphaSenseProject.QAhomeTask.test4_downloadInvoice.tearDown(test4_downloadInvoice.java:70)
at AlphaSenseProject.QAhomeTask.test4_downloadInvoice.tearDown(test4_downloadInvoice.java:70)
at AlphaSenseProject.QAhomeTask.test4_downloadInvoice.tearDown(test4_downloadInvoice.java:70)
at AlphaSenseProject.QAhomeTask.test4_downloadInvoice.tearDown(test4_downloadInvoice.java:70)
at AlphaSenseProject.QAhomeTask.test4_downloadInvoice.tearDown(test4_downloadInvoice.java:70)
at AlphaSenseProject.QAhomeTask.test4_downloadInvoice.tearDown(test4_downloadInvoice.java:70)
at AlphaSenseProject.QAhomeTask.test4_downloadInvoice.tearDown(test4_downloadInvoice.java:70)
at AlphaSenseProject.QAhomeTask.test4_downloadInvoice.tearDown(test4_downloadInvoice.java:70)
at AlphaSenseProject.QAhomeTask.test4_downloadInvoice.tearDown(test4_downloadInvoice.java:70)
at AlphaSenseProject.QAhomeTask.test4_downloadInvoice.tearDown(test4_downloadInvoice.java:70)
at AlphaSenseProject.QAhomeTask.test4_downloadInvoice.tearDown(test4_downloadInvoice.java:70)
at AlphaSenseProject.QAhomeTask.test4_downloadInvoice.tearDown(test4_downloadInvoice.java:70)
at AlphaSenseProject.QAhomeTask.test4_downloadInvoice.tearDown(test4_downloadInvoice.java:70)
at AlphaSenseProject.QAhomeTask.test4_downloadInvoice.tearDown(test4_downloadInvoice.java:70)
at AlphaSenseProject.QAhomeTask.test4_downloadInvoice.tearDown(test4_downloadInvoice.java:70)
at AlphaSenseProject.QAhomeTask.test4_downloadInvoice.tearDown(test4_downloadInvoice.java:70)
at AlphaSenseProject.QAhomeTask.test4_downloadInvoice.tearDown(test4_downloadInvoice.java:70)
at AlphaSenseProject.QAhomeTask.test4_downloadInvoice.tearDown(test4_downloadInvoice.java:70)
at AlphaSenseProject.QAhomeTask.test4_downloadInvoice.tearDown(test4_downloadInvoice.java:70)
at AlphaSenseProject.QAhomeTask.test4_downloadInvoice.tearDown(test4_downloadInvoice.java:70)
at AlphaSenseProject.QAhomeTask.test4_downloadInvoice.tearDown(test4_downloadInvoice.java:70)
at AlphaSenseProject.QAhomeTask.test4_downloadInvoice.tearDown(test4_downloadInvoice.java:70)
at AlphaSenseProject.QAhomeTask.test4_downloadInvoice.tearDown(test4_downloadInvoice.java:70)
at AlphaSenseProject.QAhomeTask.test4_downloadInvoice.tearDown(test4_downloadInvoice.java:70)
at AlphaSenseProject.QAhomeTask.test4_downloadInvoice.tearDown(test4_downloadInvoice.java:70)
at AlphaSenseProject.QAhomeTask.test4_downloadInvoice.tearDown(test4_downloadInvoice.java:70)
at AlphaSenseProject.QAhomeTask.test4_downloadInvoice.tearDown(test4_downloadInvoice.java:70)
at AlphaSenseProject.QAhomeTask.test4_downloadInvoice.tearDown(test4_downloadInvoice.java:70)
at AlphaSenseProject.QAhomeTask.test4_downloadInvoice.tearDown(test4_downloadInvoice.java:70)
at AlphaSenseProject.QAhomeTask.test4_downloadInvoice.tearDown(test4_downloadInvoice.java:70)
at AlphaSenseProject.QAhomeTask.test4_downloadInvoice.tearDown(test4_downloadInvoice.java:70)
at AlphaSenseProject.QAhomeTask.test4_downloadInvoice.tearDown(test4_downloadInvoice.java:70)
at AlphaSenseProject.QAhomeTask.test4_downloadInvoice.tearDown(test4_downloadInvoice.java:70)
at AlphaSenseProject.QAhomeTask.test4_downloadInvoice.tearDown(test4_downloadInvoice.java:70)
at AlphaSenseProject.QAhomeTask.test4_downloadInvoice.tearDown(test4_downloadInvoice.java:70)
at AlphaSenseProject.QAhomeTask.test4_downloadInvoice.tearDown(test4_downloadInvoice.java:70)
at AlphaSenseProject.QAhomeTask.test4_downloadInvoice.tearDown(test4_downloadInvoice.java:70)
at AlphaSenseProject.QAhomeTask.test4_downloadInvoice.tearDown(test4_downloadInvoice.java:70)
at AlphaSenseProject.QAhomeTask.test4_downloadInvoice.tearDown(test4_downloadInvoice.java:70)
at AlphaSenseProject.QAhomeTask.test4_downloadInvoice.tearDown(test4_downloadInvoice.java:70)
at AlphaSenseProject.QAhomeTask.test4_downloadInvoice.tearDown(test4_downloadInvoice.java:70)
at AlphaSenseProject.QAhomeTask.test4_downloadInvoice.tearDown(test4_downloadInvoice.java:70)
at AlphaSenseProject.QAhomeTask.test4_downloadInvoice.tearDown(test4_downloadInvoice.java:70)
at AlphaSenseProject.QAhomeTask.test4_downloadInvoice.tearDown(test4_downloadInvoice.java:70)
at AlphaSenseProject.QAhomeTask.test4_downloadInvoice.tearDown(test4_downloadInvoice.java:70)
at AlphaSenseProject.QAhomeTask.test4_downloadInvoice.tearDown(test4_downloadInvoice.java:70)
at AlphaSenseProject.QAhomeTask.test4_downloadInvoice.tearDown(test4_downloadInvoice.java:70)
at AlphaSenseProject.QAhomeTask.test4_downloadInvoice.tearDown(test4_downloadInvoice.java:70)
at AlphaSenseProject.QAhomeTask.test4_downloadInvoice.tearDown(test4_downloadInvoice.java:70)
at AlphaSenseProject.QAhomeTask.test4_downloadInvoice.tearDown(test4_downloadInvoice.java:70)
at AlphaSenseProject.QAhomeTask.test4_downloadInvoice.tearDown(test4_downloadInvoice.java:70)
at AlphaSenseProject.QAhomeTask.test4_downloadInvoice.tearDown(test4_downloadInvoice.java:70)
at AlphaSenseProject.QAhomeTask.test4_downloadInvoice.tearDown(test4_downloadInvoice.java:70)
at AlphaSenseProject.QAhomeTask.test4_downloadInvoice.tearDown(test4_downloadInvoice.java:70)
at AlphaSenseProject.QAhomeTask.test4_downloadInvoice.tearDown(test4_downloadInvoice.java:70)
at AlphaSenseProject.QAhomeTask.test4_downloadInvoice.tearDown(test4_downloadInvoice.java:70)
at AlphaSenseProject.QAhomeTask.test4_downloadInvoice.tearDown(test4_downloadInvoice.java:70)
at AlphaSenseProject.QAhomeTask.test4_downloadInvoice.tearDown(test4_downloadInvoice.java:70)
at AlphaSenseProject.QAhomeTask.test4_downloadInvoice.tearDown(test4_downloadInvoice.java:70)
at AlphaSenseProject.QAhomeTask.test4_downloadInvoice.tearDown(test4_downloadInvoice.java:70)
]]>
            </full-stacktrace>
          </exception> <!-- java.lang.StackOverflowError -->
          <reporter-output>
          </reporter-output>
        </test-method> <!-- tearDown -->
      </class> <!-- AlphaSenseProject.QAhomeTask.test4_downloadInvoice -->
      <class name="AlphaSenseProject.QAhomeTask.test1_userSignUpTest">
        <test-method is-config="true" signature="InitialSetup()[pri:0, instance:AlphaSenseProject.QAhomeTask.test1_userSignUpTest@6580cfdd]" started-at="2021-01-24T21:55:20 IST" name="InitialSetup" finished-at="2021-01-24T21:56:03 IST" duration-ms="43013" status="PASS">
          <reporter-output>
          </reporter-output>
        </test-method> <!-- InitialSetup -->
        <test-method signature="integrationTest(java.util.Map)[pri:0, instance:AlphaSenseProject.QAhomeTask.test1_userSignUpTest@6580cfdd]" started-at="2021-01-24T21:56:22 IST" name="integrationTest" data-provider="data1" finished-at="2021-01-24T21:56:47 IST" duration-ms="24996" status="PASS">
          <params>
            <param index="0">
              <value>
                <![CDATA[{Company=TestCompany, Email=testdemo1008@demo.com, Address=AddressDemo, city=Helsinki, FirstName=Test, query=Dress, Title=male, mobileNo=7.656789877E9, Date=6.0, Address_Line2=AddressDemo1, Month=4.0, Year=1992.0, Addr_FirstName=TestA, State=10.0, Zipcode=67890.0, Country=21.0, LastName=Demo, Addr_LastName=TestB, AddressAlias=demoAddress, Phonenumber=8.790654389E9, Password=12345.0, Other=demoTest}]]>
              </value>
            </param>
          </params>
          <reporter-output>
          </reporter-output>
        </test-method> <!-- integrationTest -->
      </class> <!-- AlphaSenseProject.QAhomeTask.test1_userSignUpTest -->
    </test> <!-- Test -->
  </suite> <!-- Suite -->
</testng-results>
